{
  "stats": {
    "suites": 12,
    "tests": 41,
    "passes": 17,
    "pending": 0,
    "failures": 24,
    "start": "2022-07-05T00:51:21.392Z",
    "end": "2022-07-05T00:53:38.272Z",
    "duration": 136880,
    "testsRegistered": 41,
    "passPercent": 41.46341463414634,
    "pendingPercent": 0,
    "other": 0,
    "hasOther": false,
    "skipped": 0,
    "hasSkipped": false
  },
  "results": [
    {
      "uuid": "b9f703cf-cfb7-4af9-9d67-e97455b30f7f",
      "title": "",
      "fullFile": "cypress/integration/project.spec.js",
      "file": "cypress/integration/project.spec.js",
      "beforeHooks": [],
      "afterHooks": [],
      "tests": [],
      "suites": [
        {
          "uuid": "d73befa0-c06a-4251-a5cb-e6c4c7122c5d",
          "title": "1 - Adicione à página o título \"Paleta de Cores\".",
          "fullFile": "",
          "file": "",
          "beforeHooks": [],
          "afterHooks": [],
          "tests": [
            {
              "title": "Verifica se contém um elemento `h1` com o id `title` com o título correto",
              "fullTitle": "1 - Adicione à página o título \"Paleta de Cores\". Verifica se contém um elemento `h1` com o id `title` com o título correto",
              "timedOut": null,
              "duration": 517,
              "state": "passed",
              "speed": "slow",
              "pass": true,
              "fail": false,
              "pending": false,
              "context": null,
              "code": "cy.get('h1#title').should('contain.text', 'Paleta de Cores');",
              "err": {},
              "uuid": "d8b1b87b-e1c2-4a0e-9556-7d25651f86d4",
              "parentUUID": "d73befa0-c06a-4251-a5cb-e6c4c7122c5d",
              "isHook": false,
              "skipped": false
            }
          ],
          "suites": [],
          "passes": [
            "d8b1b87b-e1c2-4a0e-9556-7d25651f86d4"
          ],
          "failures": [],
          "pending": [],
          "skipped": [],
          "duration": 517,
          "root": false,
          "rootEmpty": false,
          "_timeout": 2000
        },
        {
          "uuid": "b9eecb63-5423-4790-8d0d-ab354c68bfea",
          "title": "2 - Adicione à página uma paleta de quatro cores distintas.",
          "fullFile": "",
          "file": "",
          "beforeHooks": [],
          "afterHooks": [],
          "tests": [
            {
              "title": "A paleta de cores deve ser um elemento com `id` denominado `color-palette` e ter mais de 0px de altura e de largura.",
              "fullTitle": "2 - Adicione à página uma paleta de quatro cores distintas. A paleta de cores deve ser um elemento com `id` denominado `color-palette` e ter mais de 0px de altura e de largura.",
              "timedOut": null,
              "duration": 4714,
              "state": "failed",
              "speed": null,
              "pass": false,
              "fail": true,
              "pending": false,
              "context": null,
              "code": "cy.get('#color-palette').should('be.visible');\ncy.get('#color-palette').children('.color');",
              "err": {
                "message": "CypressError: Timed out retrying: expected '<section#color-palette>' to be 'visible'\n\nThis element '<section#color-palette>' is not visible because it has an effective width and height of: '0 x 0' pixels.",
                "estack": "CypressError: Timed out retrying: expected '<section#color-palette>' to be 'visible'\n\nThis element '<section#color-palette>' is not visible because it has an effective width and height of: '0 x 0' pixels.\n    at cypressErr (http://localhost:37785/__cypress/runner/cypress_runner.js:149934:9)\n    at throwErr (http://localhost:37785/__cypress/runner/cypress_runner.js:149867:11)\n    at Object.throwErrByPath (http://localhost:37785/__cypress/runner/cypress_runner.js:149915:3)\n    at retry (http://localhost:37785/__cypress/runner/cypress_runner.js:144197:19)\n    at onFailFn (http://localhost:37785/__cypress/runner/cypress_runner.js:132448:16)\n    at tryCatcher (http://localhost:37785/__cypress/runner/cypress_runner.js:167415:23)\n    at Promise._settlePromiseFromHandler (http://localhost:37785/__cypress/runner/cypress_runner.js:165351:31)\n    at Promise._settlePromise (http://localhost:37785/__cypress/runner/cypress_runner.js:165408:18)\n    at Promise._settlePromise0 (http://localhost:37785/__cypress/runner/cypress_runner.js:165453:10)\n    at Promise._settlePromises (http://localhost:37785/__cypress/runner/cypress_runner.js:165528:18)\n    at Async../node_modules/bluebird/js/release/async.js.Async._drainQueue (http://localhost:37785/__cypress/runner/cypress_runner.js:162140:16)\n    at Async../node_modules/bluebird/js/release/async.js.Async._drainQueues (http://localhost:37785/__cypress/runner/cypress_runner.js:162150:10)\n    at Async.drainQueues (http://localhost:37785/__cypress/runner/cypress_runner.js:162024:14)",
                "diff": null
              },
              "uuid": "1af5c070-84e4-4722-93d4-c1a409feff14",
              "parentUUID": "b9eecb63-5423-4790-8d0d-ab354c68bfea",
              "isHook": false,
              "skipped": false
            },
            {
              "title": "Verifica se cada cor individual da paleta de cores possui a `classe` chamada `color`.",
              "fullTitle": "2 - Adicione à página uma paleta de quatro cores distintas. Verifica se cada cor individual da paleta de cores possui a `classe` chamada `color`.",
              "timedOut": null,
              "duration": 530,
              "state": "passed",
              "speed": "slow",
              "pass": true,
              "fail": false,
              "pending": false,
              "context": null,
              "code": "cy.get('.color').should('have.length', 4).then(function (colors) {\n  for (var i = 0; i < colors.length; i++) {\n    cy.wrap(colors[i]).should('be.visible');\n  }\n});",
              "err": {},
              "uuid": "91c75d59-bf3f-43dc-af86-764ef669f43d",
              "parentUUID": "b9eecb63-5423-4790-8d0d-ab354c68bfea",
              "isHook": false,
              "skipped": false
            },
            {
              "title": "Verifica se a cor de fundo de cada elemento da paleta é a cor que o elemento representa. **A única cor não permitida na paleta é a cor branca.**",
              "fullTitle": "2 - Adicione à página uma paleta de quatro cores distintas. Verifica se a cor de fundo de cada elemento da paleta é a cor que o elemento representa. **A única cor não permitida na paleta é a cor branca.**",
              "timedOut": null,
              "duration": 370,
              "state": "passed",
              "speed": "slow",
              "pass": true,
              "fail": false,
              "pending": false,
              "context": null,
              "code": "cy.get('.color').each(function (color) {\n  cy.wrap(color).should('have.class', 'color').and('not.have.css', 'background-color', WHITE);\n  cy.wrap(color).should('have.css', 'background-color');\n});",
              "err": {},
              "uuid": "359df13a-d01b-4652-b44b-72322b810a40",
              "parentUUID": "b9eecb63-5423-4790-8d0d-ab354c68bfea",
              "isHook": false,
              "skipped": false
            },
            {
              "title": "Verifica se cada elemento da paleta de cores tem uma borda preta, sólida e com 1 pixel de largura;",
              "fullTitle": "2 - Adicione à página uma paleta de quatro cores distintas. Verifica se cada elemento da paleta de cores tem uma borda preta, sólida e com 1 pixel de largura;",
              "timedOut": null,
              "duration": 434,
              "state": "passed",
              "speed": "slow",
              "pass": true,
              "fail": false,
              "pending": false,
              "context": null,
              "code": "cy.get('.color').each(function (color) {\n  cy.wrap(color).and('have.css', 'border', \"1px solid \".concat(BLACK)).and('have.class', 'color');\n});",
              "err": {},
              "uuid": "c1cec8e0-4850-41be-bfae-44cf4aa28bda",
              "parentUUID": "b9eecb63-5423-4790-8d0d-ab354c68bfea",
              "isHook": false,
              "skipped": false
            },
            {
              "title": "Verifica se a paleta lista todas as cores disponíveis para utilização, lado a lado.",
              "fullTitle": "2 - Adicione à página uma paleta de quatro cores distintas. Verifica se a paleta lista todas as cores disponíveis para utilização, lado a lado.",
              "timedOut": null,
              "duration": 347,
              "state": "passed",
              "speed": "slow",
              "pass": true,
              "fail": false,
              "pending": false,
              "context": null,
              "code": "cy.get('.color').then(function (colors) {\n  for (var index = 1; index < colors.length; index += 1) {\n    var currentColor = colors[index];\n    var previousColor = colors[index - 1];\n    cy.wrap(currentColor).should('be.onTheRightOf', previousColor).and('be.horizontallyAlignedWith', previousColor);\n  }\n});",
              "err": {},
              "uuid": "b5911651-4785-4984-bfde-bd7aa8361697",
              "parentUUID": "b9eecb63-5423-4790-8d0d-ab354c68bfea",
              "isHook": false,
              "skipped": false
            },
            {
              "title": "Verifica se a paleta de cores está posicionada abaixo do título 'Paleta de Cores'",
              "fullTitle": "2 - Adicione à página uma paleta de quatro cores distintas. Verifica se a paleta de cores está posicionada abaixo do título 'Paleta de Cores'",
              "timedOut": null,
              "duration": 200,
              "state": "passed",
              "speed": "slow",
              "pass": true,
              "fail": false,
              "pending": false,
              "context": null,
              "code": "cy.get('h1#title').then(function (title) {\n  cy.get('#color-palette').should('be.belowOf', title);\n});",
              "err": {},
              "uuid": "5577ca40-a9b8-4b2d-b4dd-2bf6a59c68da",
              "parentUUID": "b9eecb63-5423-4790-8d0d-ab354c68bfea",
              "isHook": false,
              "skipped": false
            },
            {
              "title": "Verifica se a paleta de cores não contém cores repetidas.",
              "fullTitle": "2 - Adicione à página uma paleta de quatro cores distintas. Verifica se a paleta de cores não contém cores repetidas.",
              "timedOut": null,
              "duration": 415,
              "state": "failed",
              "speed": null,
              "pass": false,
              "fail": true,
              "pending": false,
              "context": null,
              "code": "cy.get('.color').then(function (colors) {\n  var allColors = Array.from(colors).map(function (color) {\n    return Cypress.$(color).css('background-color');\n  });\n  cy.log(allColors);\n  var uniqColors = (0, _toConsumableArray2[\"default\"])(new Set(allColors));\n  cy.log(uniqColors);\n  expect(allColors.length).to.eq(uniqColors.length);\n});",
              "err": {
                "message": "AssertionError: expected 4 to equal 1",
                "estack": "AssertionError: expected 4 to equal 1\n    at getRet (http://localhost:37785/__cypress/runner/cypress_runner.js:136585:16)\n    at tryCatcher (http://localhost:37785/__cypress/runner/cypress_runner.js:167415:23)\n    at Function.Promise.attempt.Promise.try (http://localhost:37785/__cypress/runner/cypress_runner.js:164690:29)\n    at Context.thenFn (http://localhost:37785/__cypress/runner/cypress_runner.js:136599:23)\n    at Context.then (http://localhost:37785/__cypress/runner/cypress_runner.js:136971:21)\n    at Context.<anonymous> (http://localhost:37785/__cypress/runner/cypress_runner.js:148875:21)\n    at http://localhost:37785/__cypress/runner/cypress_runner.js:148351:33\n    at tryCatcher (http://localhost:37785/__cypress/runner/cypress_runner.js:167415:23)\n    at Promise._settlePromiseFromHandler (http://localhost:37785/__cypress/runner/cypress_runner.js:165351:31)\n    at Promise._settlePromise (http://localhost:37785/__cypress/runner/cypress_runner.js:165408:18)\n    at Promise._settlePromiseCtx (http://localhost:37785/__cypress/runner/cypress_runner.js:165445:10)\n    at Async../node_modules/bluebird/js/release/async.js.Async._drainQueue (http://localhost:37785/__cypress/runner/cypress_runner.js:162145:12)\n    at Async../node_modules/bluebird/js/release/async.js.Async._drainQueues (http://localhost:37785/__cypress/runner/cypress_runner.js:162150:10)\n    at Async.drainQueues (http://localhost:37785/__cypress/runner/cypress_runner.js:162024:14)",
                "diff": "- 4\n+ 1\n"
              },
              "uuid": "e9324457-3a06-4568-b4b9-332ef7e22144",
              "parentUUID": "b9eecb63-5423-4790-8d0d-ab354c68bfea",
              "isHook": false,
              "skipped": false
            }
          ],
          "suites": [],
          "passes": [
            "91c75d59-bf3f-43dc-af86-764ef669f43d",
            "359df13a-d01b-4652-b44b-72322b810a40",
            "c1cec8e0-4850-41be-bfae-44cf4aa28bda",
            "b5911651-4785-4984-bfde-bd7aa8361697",
            "5577ca40-a9b8-4b2d-b4dd-2bf6a59c68da"
          ],
          "failures": [
            "1af5c070-84e4-4722-93d4-c1a409feff14",
            "e9324457-3a06-4568-b4b9-332ef7e22144"
          ],
          "pending": [],
          "skipped": [],
          "duration": 7010,
          "root": false,
          "rootEmpty": false,
          "_timeout": 2000
        },
        {
          "uuid": "42b8f5b2-9c28-47bc-8268-313fdd0e08e9",
          "title": "3 - Adicione a cor **preta** como a primeira cor da paleta de cores.",
          "fullFile": "",
          "file": "",
          "beforeHooks": [],
          "afterHooks": [],
          "tests": [
            {
              "title": "Verifica se a primeira cor da paleta é preta",
              "fullTitle": "3 - Adicione a cor **preta** como a primeira cor da paleta de cores. Verifica se a primeira cor da paleta é preta",
              "timedOut": null,
              "duration": 4991,
              "state": "failed",
              "speed": null,
              "pass": false,
              "fail": true,
              "pending": false,
              "context": null,
              "code": "cy.get('.color').first().should('have.css', 'background-color', BLACK);",
              "err": {
                "message": "CypressError: Timed out retrying: expected '<div.color.selected>' to have CSS property 'background-color' with the value 'rgb(0, 0, 0)', but the value was 'rgba(0, 0, 0, 0)'",
                "estack": "CypressError: Timed out retrying: expected '<div.color.selected>' to have CSS property 'background-color' with the value 'rgb(0, 0, 0)', but the value was 'rgba(0, 0, 0, 0)'\n    at cypressErr (http://localhost:37785/__cypress/runner/cypress_runner.js:149934:9)\n    at throwErr (http://localhost:37785/__cypress/runner/cypress_runner.js:149867:11)\n    at Object.throwErrByPath (http://localhost:37785/__cypress/runner/cypress_runner.js:149915:3)\n    at retry (http://localhost:37785/__cypress/runner/cypress_runner.js:144197:19)\n    at onFailFn (http://localhost:37785/__cypress/runner/cypress_runner.js:132448:16)\n    at tryCatcher (http://localhost:37785/__cypress/runner/cypress_runner.js:167415:23)\n    at Promise._settlePromiseFromHandler (http://localhost:37785/__cypress/runner/cypress_runner.js:165351:31)\n    at Promise._settlePromise (http://localhost:37785/__cypress/runner/cypress_runner.js:165408:18)\n    at Promise._settlePromise0 (http://localhost:37785/__cypress/runner/cypress_runner.js:165453:10)\n    at Promise._settlePromises (http://localhost:37785/__cypress/runner/cypress_runner.js:165528:18)\n    at Async../node_modules/bluebird/js/release/async.js.Async._drainQueue (http://localhost:37785/__cypress/runner/cypress_runner.js:162140:16)\n    at Async../node_modules/bluebird/js/release/async.js.Async._drainQueues (http://localhost:37785/__cypress/runner/cypress_runner.js:162150:10)\n    at Async.drainQueues (http://localhost:37785/__cypress/runner/cypress_runner.js:162024:14)",
                "diff": null
              },
              "uuid": "c84deacb-0921-48e3-8d0d-d2ecdfeded2e",
              "parentUUID": "42b8f5b2-9c28-47bc-8268-313fdd0e08e9",
              "isHook": false,
              "skipped": false
            },
            {
              "title": "Verifica se as demais cores podem ser escolhidas livremente.",
              "fullTitle": "3 - Adicione a cor **preta** como a primeira cor da paleta de cores. Verifica se as demais cores podem ser escolhidas livremente.",
              "timedOut": null,
              "duration": 5042,
              "state": "failed",
              "speed": null,
              "pass": false,
              "fail": true,
              "pending": false,
              "context": null,
              "code": "cy.get('.color').eq(1).should('not.have.css', 'background-color', BLACK);\ncy.get('.color').eq(1).should('not.have.css', 'background-color', WHITE);\ncy.get('.color').eq(1).should('not.have.css', 'background-color', 'rgba(0, 0, 0, 0)');\ncy.get('.color').eq(1).should('have.css', 'background-color');\ncy.get('.color').eq(2).should('not.have.css', 'background-color', BLACK);\ncy.get('.color').eq(2).should('not.have.css', 'background-color', WHITE);\ncy.get('.color').eq(2).should('not.have.css', 'background-color', 'rgba(0, 0, 0, 0)');\ncy.get('.color').eq(2).should('have.css', 'background-color');\ncy.get('.color').eq(3).should('not.have.css', 'background-color', BLACK);\ncy.get('.color').eq(3).should('not.have.css', 'background-color', WHITE);\ncy.get('.color').eq(3).should('not.have.css', 'background-color', 'rgba(0, 0, 0, 0)');\ncy.get('.color').eq(3).should('have.css', 'background-color');",
              "err": {
                "message": "CypressError: Timed out retrying: expected '<div.color>' not to have CSS property 'background-color' with the value 'rgba(0, 0, 0, 0)', but the value was 'rgba(0, 0, 0, 0)'",
                "estack": "CypressError: Timed out retrying: expected '<div.color>' not to have CSS property 'background-color' with the value 'rgba(0, 0, 0, 0)', but the value was 'rgba(0, 0, 0, 0)'\n    at cypressErr (http://localhost:37785/__cypress/runner/cypress_runner.js:149934:9)\n    at throwErr (http://localhost:37785/__cypress/runner/cypress_runner.js:149867:11)\n    at Object.throwErrByPath (http://localhost:37785/__cypress/runner/cypress_runner.js:149915:3)\n    at retry (http://localhost:37785/__cypress/runner/cypress_runner.js:144197:19)\n    at onFailFn (http://localhost:37785/__cypress/runner/cypress_runner.js:132448:16)\n    at tryCatcher (http://localhost:37785/__cypress/runner/cypress_runner.js:167415:23)\n    at Promise._settlePromiseFromHandler (http://localhost:37785/__cypress/runner/cypress_runner.js:165351:31)\n    at Promise._settlePromise (http://localhost:37785/__cypress/runner/cypress_runner.js:165408:18)\n    at Promise._settlePromise0 (http://localhost:37785/__cypress/runner/cypress_runner.js:165453:10)\n    at Promise._settlePromises (http://localhost:37785/__cypress/runner/cypress_runner.js:165528:18)\n    at Async../node_modules/bluebird/js/release/async.js.Async._drainQueue (http://localhost:37785/__cypress/runner/cypress_runner.js:162140:16)\n    at Async../node_modules/bluebird/js/release/async.js.Async._drainQueues (http://localhost:37785/__cypress/runner/cypress_runner.js:162150:10)\n    at Async.drainQueues (http://localhost:37785/__cypress/runner/cypress_runner.js:162024:14)",
                "diff": null
              },
              "uuid": "840260fa-1db9-462a-a51c-5977919757cb",
              "parentUUID": "42b8f5b2-9c28-47bc-8268-313fdd0e08e9",
              "isHook": false,
              "skipped": false
            }
          ],
          "suites": [],
          "passes": [],
          "failures": [
            "c84deacb-0921-48e3-8d0d-d2ecdfeded2e",
            "840260fa-1db9-462a-a51c-5977919757cb"
          ],
          "pending": [],
          "skipped": [],
          "duration": 10033,
          "root": false,
          "rootEmpty": false,
          "_timeout": 2000
        },
        {
          "uuid": "7fb87e2d-afdd-4498-89ad-3e6c72a044a8",
          "title": "4 - Adicione à página um quadro de pixels, com 25 pixels.",
          "fullFile": "",
          "file": "",
          "beforeHooks": [],
          "afterHooks": [],
          "tests": [
            {
              "title": "Verifica se o quadro de pixels possui o `id` denominado `pixel-board`",
              "fullTitle": "4 - Adicione à página um quadro de pixels, com 25 pixels. Verifica se o quadro de pixels possui o `id` denominado `pixel-board`",
              "timedOut": null,
              "duration": 662,
              "state": "passed",
              "speed": "slow",
              "pass": true,
              "fail": false,
              "pending": false,
              "context": null,
              "code": "cy.get('#pixel-board').should('be.visible');",
              "err": {},
              "uuid": "796edea6-6747-4011-ab99-5212df313158",
              "parentUUID": "7fb87e2d-afdd-4498-89ad-3e6c72a044a8",
              "isHook": false,
              "skipped": false
            },
            {
              "title": "Verifica se cada pixel individual dentro do quadro possui a `classe` denominada `pixel`.",
              "fullTitle": "4 - Adicione à página um quadro de pixels, com 25 pixels. Verifica se cada pixel individual dentro do quadro possui a `classe` denominada `pixel`.",
              "timedOut": null,
              "duration": 222,
              "state": "passed",
              "speed": "slow",
              "pass": true,
              "fail": false,
              "pending": false,
              "context": null,
              "code": "cy.get('.pixel').should('have.length', 25);",
              "err": {},
              "uuid": "63b85932-be88-4fd7-91de-fad8f6c32133",
              "parentUUID": "7fb87e2d-afdd-4498-89ad-3e6c72a044a8",
              "isHook": false,
              "skipped": false
            },
            {
              "title": "Verifica se a cor inicial dos pixels dentro do quadro, ao abrir a página, é branca.",
              "fullTitle": "4 - Adicione à página um quadro de pixels, com 25 pixels. Verifica se a cor inicial dos pixels dentro do quadro, ao abrir a página, é branca.",
              "timedOut": null,
              "duration": 260,
              "state": "passed",
              "speed": "slow",
              "pass": true,
              "fail": false,
              "pending": false,
              "context": null,
              "code": "cy.get('.pixel').should('have.length', 25).each(function (pixel) {\n  expect(pixel).to.have.css('background-color', WHITE);\n});",
              "err": {},
              "uuid": "afbeaf88-78ae-4b29-9515-8fa4a1869457",
              "parentUUID": "7fb87e2d-afdd-4498-89ad-3e6c72a044a8",
              "isHook": false,
              "skipped": false
            },
            {
              "title": "Verifica se o quadro de pixels aparece abaixo da paleta de cores",
              "fullTitle": "4 - Adicione à página um quadro de pixels, com 25 pixels. Verifica se o quadro de pixels aparece abaixo da paleta de cores",
              "timedOut": null,
              "duration": 141,
              "state": "passed",
              "speed": "slow",
              "pass": true,
              "fail": false,
              "pending": false,
              "context": null,
              "code": "cy.get('#color-palette').then(function (palette) {\n  cy.get('#pixel-board').should('be.belowOf', palette);\n});",
              "err": {},
              "uuid": "6eb59e83-e319-445e-b3ff-cdd36dfaacab",
              "parentUUID": "7fb87e2d-afdd-4498-89ad-3e6c72a044a8",
              "isHook": false,
              "skipped": false
            }
          ],
          "suites": [],
          "passes": [
            "796edea6-6747-4011-ab99-5212df313158",
            "63b85932-be88-4fd7-91de-fad8f6c32133",
            "afbeaf88-78ae-4b29-9515-8fa4a1869457",
            "6eb59e83-e319-445e-b3ff-cdd36dfaacab"
          ],
          "failures": [],
          "pending": [],
          "skipped": [],
          "duration": 1285,
          "root": false,
          "rootEmpty": false,
          "_timeout": 2000
        },
        {
          "uuid": "587fed64-8edf-41c3-9e3e-c093c9633f01",
          "title": "5 - Faça com que cada elemento do quadro de pixels possua 40 pixels de largura, 40 pixels de altura e seja delimitado por uma borda preta de 1 pixel.",
          "fullFile": "",
          "file": "",
          "beforeHooks": [],
          "afterHooks": [],
          "tests": [
            {
              "title": "Verifica se o quadro de pixels tem altura e comprimento de 5 elementos",
              "fullTitle": "5 - Faça com que cada elemento do quadro de pixels possua 40 pixels de largura, 40 pixels de altura e seja delimitado por uma borda preta de 1 pixel. Verifica se o quadro de pixels tem altura e comprimento de 5 elementos",
              "timedOut": null,
              "duration": 501,
              "state": "passed",
              "speed": "slow",
              "pass": true,
              "fail": false,
              "pending": false,
              "context": null,
              "code": "cy.get('.pixel').should('have.length', 25).each(function (pixel) {\n  expect(pixel).to.have.css('background-color', WHITE);\n}).and(function (pixels) {\n  var rows = chunk(pixels, 5);\n  rows.forEach(function (row) {\n    for (var index = 1; index < row.length; index += 1) {\n      var current = pixels[index];\n      var previous = pixels[index - 1];\n      cy.wrap(current).should('be.onTheRightOf', previous).and('be.horizontallyAlignedWith', previous);\n    }\n  });\n  for (var index = 1; index < 5; index += 1) {\n    expect(pixels[index * 5]).to.be.belowOf(pixels[(index - 1) * 5]);\n  }\n});",
              "err": {},
              "uuid": "2abfae86-3b90-4275-ac6c-0774ef3c43d2",
              "parentUUID": "587fed64-8edf-41c3-9e3e-c093c9633f01",
              "isHook": false,
              "skipped": false
            },
            {
              "title": "Verifica se 40 pixels é o tamanho total do elemento, incluindo seu conteúdo e excluindo a borda preta, que deve ser criada à parte.",
              "fullTitle": "5 - Faça com que cada elemento do quadro de pixels possua 40 pixels de largura, 40 pixels de altura e seja delimitado por uma borda preta de 1 pixel. Verifica se 40 pixels é o tamanho total do elemento, incluindo seu conteúdo e excluindo a borda preta, que deve ser criada à parte.",
              "timedOut": null,
              "duration": 524,
              "state": "passed",
              "speed": "slow",
              "pass": true,
              "fail": false,
              "pending": false,
              "context": null,
              "code": "cy.get('.pixel').each(function (pixel) {\n  cy.wrap(pixel).should('have.css', 'height', '40px').and('have.css', 'width', '40px').and('have.css', 'border', \"1px solid \".concat(BLACK));\n});",
              "err": {},
              "uuid": "20a9347c-e0a5-49dc-b7a7-d8f3fe6f3874",
              "parentUUID": "587fed64-8edf-41c3-9e3e-c093c9633f01",
              "isHook": false,
              "skipped": false
            }
          ],
          "suites": [],
          "passes": [
            "2abfae86-3b90-4275-ac6c-0774ef3c43d2",
            "20a9347c-e0a5-49dc-b7a7-d8f3fe6f3874"
          ],
          "failures": [],
          "pending": [],
          "skipped": [],
          "duration": 1025,
          "root": false,
          "rootEmpty": false,
          "_timeout": 2000
        },
        {
          "uuid": "3208f568-be7f-41d0-8e4a-845eeb29c6e8",
          "title": "6 - Defina a cor preta como cor inicial. Ao carregar a página a cor preta já deve estar selecionada para pintar os pixels",
          "fullFile": "",
          "file": "",
          "beforeHooks": [],
          "afterHooks": [],
          "tests": [
            {
              "title": "Verifica se o elemento da cor preta possui, inicialmente, a `classe` `selected`",
              "fullTitle": "6 - Defina a cor preta como cor inicial. Ao carregar a página a cor preta já deve estar selecionada para pintar os pixels Verifica se o elemento da cor preta possui, inicialmente, a `classe` `selected`",
              "timedOut": null,
              "duration": 4510,
              "state": "failed",
              "speed": null,
              "pass": false,
              "fail": true,
              "pending": false,
              "context": null,
              "code": "cy.get('.selected').first().should('have.css', 'background-color', BLACK);",
              "err": {
                "message": "CypressError: Timed out retrying: expected '<div.color.selected>' to have CSS property 'background-color' with the value 'rgb(0, 0, 0)', but the value was 'rgba(0, 0, 0, 0)'",
                "estack": "CypressError: Timed out retrying: expected '<div.color.selected>' to have CSS property 'background-color' with the value 'rgb(0, 0, 0)', but the value was 'rgba(0, 0, 0, 0)'\n    at cypressErr (http://localhost:37785/__cypress/runner/cypress_runner.js:149934:9)\n    at throwErr (http://localhost:37785/__cypress/runner/cypress_runner.js:149867:11)\n    at Object.throwErrByPath (http://localhost:37785/__cypress/runner/cypress_runner.js:149915:3)\n    at retry (http://localhost:37785/__cypress/runner/cypress_runner.js:144197:19)\n    at onFailFn (http://localhost:37785/__cypress/runner/cypress_runner.js:132448:16)\n    at tryCatcher (http://localhost:37785/__cypress/runner/cypress_runner.js:167415:23)\n    at Promise._settlePromiseFromHandler (http://localhost:37785/__cypress/runner/cypress_runner.js:165351:31)\n    at Promise._settlePromise (http://localhost:37785/__cypress/runner/cypress_runner.js:165408:18)\n    at Promise._settlePromise0 (http://localhost:37785/__cypress/runner/cypress_runner.js:165453:10)\n    at Promise._settlePromises (http://localhost:37785/__cypress/runner/cypress_runner.js:165528:18)\n    at Async../node_modules/bluebird/js/release/async.js.Async._drainQueue (http://localhost:37785/__cypress/runner/cypress_runner.js:162140:16)\n    at Async../node_modules/bluebird/js/release/async.js.Async._drainQueues (http://localhost:37785/__cypress/runner/cypress_runner.js:162150:10)\n    at Async.drainQueues (http://localhost:37785/__cypress/runner/cypress_runner.js:162024:14)",
                "diff": null
              },
              "uuid": "b7a686f7-ee35-4b95-93a4-5736867cf314",
              "parentUUID": "3208f568-be7f-41d0-8e4a-845eeb29c6e8",
              "isHook": false,
              "skipped": false
            },
            {
              "title": "Verifica se nenhuma outra cor da paleta tem a `classe` `selected`",
              "fullTitle": "6 - Defina a cor preta como cor inicial. Ao carregar a página a cor preta já deve estar selecionada para pintar os pixels Verifica se nenhuma outra cor da paleta tem a `classe` `selected`",
              "timedOut": null,
              "duration": 4760,
              "state": "failed",
              "speed": null,
              "pass": false,
              "fail": true,
              "pending": false,
              "context": null,
              "code": "cy.get('.color:not(:first-child)').each(function (color) {\n  cy.wrap(color).should('not.have.class', 'selected');\n});",
              "err": {
                "message": "CypressError: Timed out retrying: expected '<div.color.selected>' not to have class 'selected'",
                "estack": "CypressError: Timed out retrying: expected '<div.color.selected>' not to have class 'selected'\n    at cypressErr (http://localhost:37785/__cypress/runner/cypress_runner.js:149934:9)\n    at throwErr (http://localhost:37785/__cypress/runner/cypress_runner.js:149867:11)\n    at Object.throwErrByPath (http://localhost:37785/__cypress/runner/cypress_runner.js:149915:3)\n    at retry (http://localhost:37785/__cypress/runner/cypress_runner.js:144197:19)\n    at onFailFn (http://localhost:37785/__cypress/runner/cypress_runner.js:132448:16)\n    at tryCatcher (http://localhost:37785/__cypress/runner/cypress_runner.js:167415:23)\n    at Promise._settlePromiseFromHandler (http://localhost:37785/__cypress/runner/cypress_runner.js:165351:31)\n    at Promise._settlePromise (http://localhost:37785/__cypress/runner/cypress_runner.js:165408:18)\n    at Promise._settlePromise0 (http://localhost:37785/__cypress/runner/cypress_runner.js:165453:10)\n    at Promise._settlePromises (http://localhost:37785/__cypress/runner/cypress_runner.js:165528:18)\n    at Async../node_modules/bluebird/js/release/async.js.Async._drainQueue (http://localhost:37785/__cypress/runner/cypress_runner.js:162140:16)\n    at Async../node_modules/bluebird/js/release/async.js.Async._drainQueues (http://localhost:37785/__cypress/runner/cypress_runner.js:162150:10)\n    at Async.drainQueues (http://localhost:37785/__cypress/runner/cypress_runner.js:162024:14)",
                "diff": null
              },
              "uuid": "93d4b658-78f0-481c-9891-7cbefe9385bd",
              "parentUUID": "3208f568-be7f-41d0-8e4a-845eeb29c6e8",
              "isHook": false,
              "skipped": false
            }
          ],
          "suites": [],
          "passes": [],
          "failures": [
            "b7a686f7-ee35-4b95-93a4-5736867cf314",
            "93d4b658-78f0-481c-9891-7cbefe9385bd"
          ],
          "pending": [],
          "skipped": [],
          "duration": 9270,
          "root": false,
          "rootEmpty": false,
          "_timeout": 2000
        },
        {
          "uuid": "b7bc4225-e3db-4113-828d-de1ad5b56237",
          "title": "7 - Clicar em uma das cores da paleta, faz com que ela seja selecionada e utilizada para preencher os pixels no quadro.",
          "fullFile": "",
          "file": "",
          "beforeHooks": [],
          "afterHooks": [],
          "tests": [
            {
              "title": "Verifica se somente uma cor da paleta de cores tem a classe `selected` de cada vez",
              "fullTitle": "7 - Clicar em uma das cores da paleta, faz com que ela seja selecionada e utilizada para preencher os pixels no quadro. Verifica se somente uma cor da paleta de cores tem a classe `selected` de cada vez",
              "timedOut": null,
              "duration": 1593,
              "state": "passed",
              "speed": "slow",
              "pass": true,
              "fail": false,
              "pending": false,
              "context": null,
              "code": "cy.get('.color').each(function (selectedColor, selectedColorIndex) {\n  cy.wrap(selectedColor).click();\n  cy.get('.color').each(function (color, colorIndex) {\n    if (colorIndex === selectedColorIndex) {\n      expect(color).to.have[\"class\"]('selected');\n    } else {\n      expect(color).not.to.have[\"class\"]('selected');\n    }\n  });\n});",
              "err": {},
              "uuid": "5eb5f94e-8d39-488e-9d99-afbb5a48239a",
              "parentUUID": "b7bc4225-e3db-4113-828d-de1ad5b56237",
              "isHook": false,
              "skipped": false
            },
            {
              "title": "Verifica se os pixels dentro do quadro não têm a classe `selected` quando são clicados",
              "fullTitle": "7 - Clicar em uma das cores da paleta, faz com que ela seja selecionada e utilizada para preencher os pixels no quadro. Verifica se os pixels dentro do quadro não têm a classe `selected` quando são clicados",
              "timedOut": null,
              "duration": 11508,
              "state": "passed",
              "speed": "slow",
              "pass": true,
              "fail": false,
              "pending": false,
              "context": null,
              "code": "cy.get('.color').each(function (color) {\n  var backgroundColor = color.css('background-color');\n  cy.wrap(color).click();\n  cy.get('.pixel').each(function (pixel) {\n    cy.wrap(pixel).click().should('not.have.class', 'selected');\n  });\n});",
              "err": {},
              "uuid": "b5da7472-f321-4d89-9216-83003605dd9c",
              "parentUUID": "b7bc4225-e3db-4113-828d-de1ad5b56237",
              "isHook": false,
              "skipped": false
            }
          ],
          "suites": [],
          "passes": [
            "5eb5f94e-8d39-488e-9d99-afbb5a48239a",
            "b5da7472-f321-4d89-9216-83003605dd9c"
          ],
          "failures": [],
          "pending": [],
          "skipped": [],
          "duration": 13101,
          "root": false,
          "rootEmpty": false,
          "_timeout": 2000
        },
        {
          "uuid": "bf004115-b2a3-49cb-99b0-0bd69a2807cc",
          "title": "8 - Clicar em um pixel dentro do quadro após selecionar uma cor na paleta, faz com que o pixel seja preenchido com a cor selecionada.",
          "fullFile": "",
          "file": "",
          "beforeHooks": [],
          "afterHooks": [],
          "tests": [
            {
              "title": "Verifica se ao carregar a página deve ser possível pintar os pixels de preto",
              "fullTitle": "8 - Clicar em um pixel dentro do quadro após selecionar uma cor na paleta, faz com que o pixel seja preenchido com a cor selecionada. Verifica se ao carregar a página deve ser possível pintar os pixels de preto",
              "timedOut": null,
              "duration": 4747,
              "state": "failed",
              "speed": null,
              "pass": false,
              "fail": true,
              "pending": false,
              "context": null,
              "code": "cy.get('.pixel').each(function (pixel) {\n  cy.wrap(pixel).click().should('have.css', 'background-color', BLACK);\n});",
              "err": {
                "message": "CypressError: Timed out retrying: expected '<div.pixel>' to have CSS property 'background-color' with the value 'rgb(0, 0, 0)', but the value was 'rgb(255, 255, 255)'",
                "estack": "CypressError: Timed out retrying: expected '<div.pixel>' to have CSS property 'background-color' with the value 'rgb(0, 0, 0)', but the value was 'rgb(255, 255, 255)'\n    at cypressErr (http://localhost:37785/__cypress/runner/cypress_runner.js:149934:9)\n    at throwErr (http://localhost:37785/__cypress/runner/cypress_runner.js:149867:11)\n    at Object.throwErrByPath (http://localhost:37785/__cypress/runner/cypress_runner.js:149915:3)\n    at retry (http://localhost:37785/__cypress/runner/cypress_runner.js:144197:19)\n    at onFailFn (http://localhost:37785/__cypress/runner/cypress_runner.js:132448:16)\n    at tryCatcher (http://localhost:37785/__cypress/runner/cypress_runner.js:167415:23)\n    at Promise._settlePromiseFromHandler (http://localhost:37785/__cypress/runner/cypress_runner.js:165351:31)\n    at Promise._settlePromise (http://localhost:37785/__cypress/runner/cypress_runner.js:165408:18)\n    at Promise._settlePromise0 (http://localhost:37785/__cypress/runner/cypress_runner.js:165453:10)\n    at Promise._settlePromises (http://localhost:37785/__cypress/runner/cypress_runner.js:165528:18)\n    at Async../node_modules/bluebird/js/release/async.js.Async._drainQueue (http://localhost:37785/__cypress/runner/cypress_runner.js:162140:16)\n    at Async../node_modules/bluebird/js/release/async.js.Async._drainQueues (http://localhost:37785/__cypress/runner/cypress_runner.js:162150:10)\n    at Async.drainQueues (http://localhost:37785/__cypress/runner/cypress_runner.js:162024:14)",
                "diff": null
              },
              "uuid": "5fc4bfc1-a993-4fe8-99a2-d0612994d3b7",
              "parentUUID": "bf004115-b2a3-49cb-99b0-0bd69a2807cc",
              "isHook": false,
              "skipped": false
            },
            {
              "title": "Verifica se após selecionar uma outra cor na paleta, é possível pintar os pixels com essa cor",
              "fullTitle": "8 - Clicar em um pixel dentro do quadro após selecionar uma cor na paleta, faz com que o pixel seja preenchido com a cor selecionada. Verifica se após selecionar uma outra cor na paleta, é possível pintar os pixels com essa cor",
              "timedOut": null,
              "duration": 4902,
              "state": "failed",
              "speed": null,
              "pass": false,
              "fail": true,
              "pending": false,
              "context": null,
              "code": "cy.get('.color').each(function (color) {\n  var backgroundColor = color.css('background-color');\n  cy.wrap(color).click();\n  cy.get('.pixel').each(function (pixel) {\n    cy.wrap(pixel).click().should('have.css', 'background-color', backgroundColor);\n  });\n});",
              "err": {
                "message": "CypressError: Timed out retrying: expected '<div.pixel>' to have CSS property 'background-color' with the value 'rgba(0, 0, 0, 0)', but the value was 'rgb(255, 255, 255)'",
                "estack": "CypressError: Timed out retrying: expected '<div.pixel>' to have CSS property 'background-color' with the value 'rgba(0, 0, 0, 0)', but the value was 'rgb(255, 255, 255)'\n    at cypressErr (http://localhost:37785/__cypress/runner/cypress_runner.js:149934:9)\n    at throwErr (http://localhost:37785/__cypress/runner/cypress_runner.js:149867:11)\n    at Object.throwErrByPath (http://localhost:37785/__cypress/runner/cypress_runner.js:149915:3)\n    at retry (http://localhost:37785/__cypress/runner/cypress_runner.js:144197:19)\n    at onFailFn (http://localhost:37785/__cypress/runner/cypress_runner.js:132448:16)\n    at tryCatcher (http://localhost:37785/__cypress/runner/cypress_runner.js:167415:23)\n    at Promise._settlePromiseFromHandler (http://localhost:37785/__cypress/runner/cypress_runner.js:165351:31)\n    at Promise._settlePromise (http://localhost:37785/__cypress/runner/cypress_runner.js:165408:18)\n    at Promise._settlePromise0 (http://localhost:37785/__cypress/runner/cypress_runner.js:165453:10)\n    at Promise._settlePromises (http://localhost:37785/__cypress/runner/cypress_runner.js:165528:18)\n    at Async../node_modules/bluebird/js/release/async.js.Async._drainQueue (http://localhost:37785/__cypress/runner/cypress_runner.js:162140:16)\n    at Async../node_modules/bluebird/js/release/async.js.Async._drainQueues (http://localhost:37785/__cypress/runner/cypress_runner.js:162150:10)\n    at Async.drainQueues (http://localhost:37785/__cypress/runner/cypress_runner.js:162024:14)",
                "diff": null
              },
              "uuid": "e0910a59-8efe-4263-8c07-9fe4b7b5f4e9",
              "parentUUID": "bf004115-b2a3-49cb-99b0-0bd69a2807cc",
              "isHook": false,
              "skipped": false
            },
            {
              "title": "Verifica se somente o pixel que foi clicado foi preenchido com a cor selecionada, sem influenciar na cor dos demais pixels.",
              "fullTitle": "8 - Clicar em um pixel dentro do quadro após selecionar uma cor na paleta, faz com que o pixel seja preenchido com a cor selecionada. Verifica se somente o pixel que foi clicado foi preenchido com a cor selecionada, sem influenciar na cor dos demais pixels.",
              "timedOut": null,
              "duration": 3467,
              "state": "passed",
              "speed": "slow",
              "pass": true,
              "fail": false,
              "pending": false,
              "context": null,
              "code": "var colorToPixelIndexMap = {\n  0: 6,\n  1: 8,\n  2: 16,\n  3: 18\n};\ncy.get('.color').each(function (color, index) {\n  cy.wrap(color).click();\n  var backgroundColor = color.css('background-color');\n  var clickedPixelIndex = colorToPixelIndexMap[index];\n  cy.get('.pixel').eq(clickedPixelIndex).click();\n  cy.get('.pixel').eq(clickedPixelIndex - 1).should('not.have.css', 'background-color', backgroundColor);\n  cy.get('.pixel').eq(clickedPixelIndex + 1).should('not.have.css', 'background-color', backgroundColor);\n  cy.get('.pixel').eq(clickedPixelIndex - 5).should('not.have.css', 'background-color', backgroundColor);\n  cy.get('.pixel').eq(clickedPixelIndex + 5).should('not.have.css', 'background-color', backgroundColor);\n  cy.get('.pixel').eq(clickedPixelIndex - 6).should('not.have.css', 'background-color', backgroundColor);\n  cy.get('.pixel').eq(clickedPixelIndex - 4).should('not.have.css', 'background-color', backgroundColor);\n  cy.get('.pixel').eq(clickedPixelIndex + 4).should('not.have.css', 'background-color', backgroundColor);\n  cy.get('.pixel').eq(clickedPixelIndex + 6).should('not.have.css', 'background-color', backgroundColor);\n});",
              "err": {},
              "uuid": "be514cf7-6343-46ea-994c-4cc18dee0522",
              "parentUUID": "bf004115-b2a3-49cb-99b0-0bd69a2807cc",
              "isHook": false,
              "skipped": false
            }
          ],
          "suites": [],
          "passes": [
            "be514cf7-6343-46ea-994c-4cc18dee0522"
          ],
          "failures": [
            "5fc4bfc1-a993-4fe8-99a2-d0612994d3b7",
            "e0910a59-8efe-4263-8c07-9fe4b7b5f4e9"
          ],
          "pending": [],
          "skipped": [],
          "duration": 13116,
          "root": false,
          "rootEmpty": false,
          "_timeout": 2000
        },
        {
          "uuid": "e1d272e3-6124-478c-a0bf-3ec045e15f52",
          "title": "9 - Crie um botão que, ao ser clicado, limpa o quadro preenchendo a cor de todos seus pixels com branco.",
          "fullFile": "",
          "file": "",
          "beforeHooks": [],
          "afterHooks": [],
          "tests": [
            {
              "title": "Verifica se o botão tem o `id` denominado `clear-board`",
              "fullTitle": "9 - Crie um botão que, ao ser clicado, limpa o quadro preenchendo a cor de todos seus pixels com branco. Verifica se o botão tem o `id` denominado `clear-board`",
              "timedOut": null,
              "duration": 466,
              "state": "passed",
              "speed": "slow",
              "pass": true,
              "fail": false,
              "pending": false,
              "context": null,
              "code": "cy.get('#clear-board').should('be.visible');",
              "err": {},
              "uuid": "6222dac1-388b-4e6c-8b7d-d26b9dcb45ce",
              "parentUUID": "e1d272e3-6124-478c-a0bf-3ec045e15f52",
              "isHook": false,
              "skipped": false
            },
            {
              "title": "Verifica se o botão está posicionado entre a paleta de cores e o quadro de pixels",
              "fullTitle": "9 - Crie um botão que, ao ser clicado, limpa o quadro preenchendo a cor de todos seus pixels com branco. Verifica se o botão está posicionado entre a paleta de cores e o quadro de pixels",
              "timedOut": null,
              "duration": 4415,
              "state": "failed",
              "speed": null,
              "pass": false,
              "fail": true,
              "pending": false,
              "context": null,
              "code": "cy.get('#color-palette').then(function (palette) {\n  cy.get('#clear-board').should('be.belowOf', palette);\n});\ncy.get('#clear-board').then(function (clearBtn) {\n  cy.get('#pixel-board').should('be.belowOf', clearBtn);\n});",
              "err": {
                "message": "CypressError: Timed out retrying: expected '<button#clear-board>' to be below of { Object (0, length, ...) }",
                "estack": "CypressError: Timed out retrying: expected '<button#clear-board>' to be below of { Object (0, length, ...) }\n    at cypressErr (http://localhost:37785/__cypress/runner/cypress_runner.js:149934:9)\n    at throwErr (http://localhost:37785/__cypress/runner/cypress_runner.js:149867:11)\n    at Object.throwErrByPath (http://localhost:37785/__cypress/runner/cypress_runner.js:149915:3)\n    at retry (http://localhost:37785/__cypress/runner/cypress_runner.js:144197:19)\n    at onFailFn (http://localhost:37785/__cypress/runner/cypress_runner.js:132448:16)\n    at tryCatcher (http://localhost:37785/__cypress/runner/cypress_runner.js:167415:23)\n    at Promise._settlePromiseFromHandler (http://localhost:37785/__cypress/runner/cypress_runner.js:165351:31)\n    at Promise._settlePromise (http://localhost:37785/__cypress/runner/cypress_runner.js:165408:18)\n    at Promise._settlePromise0 (http://localhost:37785/__cypress/runner/cypress_runner.js:165453:10)\n    at Promise._settlePromises (http://localhost:37785/__cypress/runner/cypress_runner.js:165528:18)\n    at Async../node_modules/bluebird/js/release/async.js.Async._drainQueue (http://localhost:37785/__cypress/runner/cypress_runner.js:162140:16)\n    at Async../node_modules/bluebird/js/release/async.js.Async._drainQueues (http://localhost:37785/__cypress/runner/cypress_runner.js:162150:10)\n    at Async.drainQueues (http://localhost:37785/__cypress/runner/cypress_runner.js:162024:14)",
                "diff": null
              },
              "uuid": "03014db1-14b2-45f5-b427-486f8a1a5623",
              "parentUUID": "e1d272e3-6124-478c-a0bf-3ec045e15f52",
              "isHook": false,
              "skipped": false
            },
            {
              "title": "Verifica se o texto do botão é 'Limpar'",
              "fullTitle": "9 - Crie um botão que, ao ser clicado, limpa o quadro preenchendo a cor de todos seus pixels com branco. Verifica se o texto do botão é 'Limpar'",
              "timedOut": null,
              "duration": 606,
              "state": "passed",
              "speed": "slow",
              "pass": true,
              "fail": false,
              "pending": false,
              "context": null,
              "code": "cy.get('#clear-board').should('contain.text', 'Limpar');",
              "err": {},
              "uuid": "7d1e0ce9-96d7-407f-a223-33c72d9c54cc",
              "parentUUID": "e1d272e3-6124-478c-a0bf-3ec045e15f52",
              "isHook": false,
              "skipped": false
            },
            {
              "title": "Verifica se ao clicar no botão, o quadro de pixels é totalmente preenchido de branco",
              "fullTitle": "9 - Crie um botão que, ao ser clicado, limpa o quadro preenchendo a cor de todos seus pixels com branco. Verifica se ao clicar no botão, o quadro de pixels é totalmente preenchido de branco",
              "timedOut": null,
              "duration": 4619,
              "state": "failed",
              "speed": null,
              "pass": false,
              "fail": true,
              "pending": false,
              "context": null,
              "code": "cy.get('.color').eq(1).then(function (color) {\n  var backgroundColor = color.css('background-color');\n  cy.wrap(color).click();\n  cy.get('.pixel').each(function (pixel) {\n    cy.wrap(pixel).click().should('have.css', 'background-color', backgroundColor);\n  });\n});\ncy.get('#clear-board').click();\ncy.get('.pixel').each(function (pixel) {\n  cy.wrap(pixel).should('have.css', 'background-color', WHITE);\n});",
              "err": {
                "message": "CypressError: Timed out retrying: expected '<div.pixel>' to have CSS property 'background-color' with the value 'rgba(0, 0, 0, 0)', but the value was 'rgb(255, 255, 255)'",
                "estack": "CypressError: Timed out retrying: expected '<div.pixel>' to have CSS property 'background-color' with the value 'rgba(0, 0, 0, 0)', but the value was 'rgb(255, 255, 255)'\n    at cypressErr (http://localhost:37785/__cypress/runner/cypress_runner.js:149934:9)\n    at throwErr (http://localhost:37785/__cypress/runner/cypress_runner.js:149867:11)\n    at Object.throwErrByPath (http://localhost:37785/__cypress/runner/cypress_runner.js:149915:3)\n    at retry (http://localhost:37785/__cypress/runner/cypress_runner.js:144197:19)\n    at onFailFn (http://localhost:37785/__cypress/runner/cypress_runner.js:132448:16)\n    at tryCatcher (http://localhost:37785/__cypress/runner/cypress_runner.js:167415:23)\n    at Promise._settlePromiseFromHandler (http://localhost:37785/__cypress/runner/cypress_runner.js:165351:31)\n    at Promise._settlePromise (http://localhost:37785/__cypress/runner/cypress_runner.js:165408:18)\n    at Promise._settlePromise0 (http://localhost:37785/__cypress/runner/cypress_runner.js:165453:10)\n    at Promise._settlePromises (http://localhost:37785/__cypress/runner/cypress_runner.js:165528:18)\n    at Async../node_modules/bluebird/js/release/async.js.Async._drainQueue (http://localhost:37785/__cypress/runner/cypress_runner.js:162140:16)\n    at Async../node_modules/bluebird/js/release/async.js.Async._drainQueues (http://localhost:37785/__cypress/runner/cypress_runner.js:162150:10)\n    at Async.drainQueues (http://localhost:37785/__cypress/runner/cypress_runner.js:162024:14)",
                "diff": null
              },
              "uuid": "ddec35e2-c8ed-4f8c-bbb7-71808928c2d9",
              "parentUUID": "e1d272e3-6124-478c-a0bf-3ec045e15f52",
              "isHook": false,
              "skipped": false
            }
          ],
          "suites": [],
          "passes": [
            "6222dac1-388b-4e6c-8b7d-d26b9dcb45ce",
            "7d1e0ce9-96d7-407f-a223-33c72d9c54cc"
          ],
          "failures": [
            "03014db1-14b2-45f5-b427-486f8a1a5623",
            "ddec35e2-c8ed-4f8c-bbb7-71808928c2d9"
          ],
          "pending": [],
          "skipped": [],
          "duration": 10106,
          "root": false,
          "rootEmpty": false,
          "_timeout": 2000
        },
        {
          "uuid": "1c756edb-9b0b-4a5d-b9c4-81f61d3e7e60",
          "title": "10 - Faça o quadro de pixels ter seu tamanho definido pelo usuário.",
          "fullFile": "",
          "file": "",
          "beforeHooks": [],
          "afterHooks": [],
          "tests": [
            {
              "title": "Verifica se existe um input com o id `board-size`",
              "fullTitle": "10 - Faça o quadro de pixels ter seu tamanho definido pelo usuário. Verifica se existe um input com o id `board-size`",
              "timedOut": null,
              "duration": 4997,
              "state": "failed",
              "speed": null,
              "pass": false,
              "fail": true,
              "pending": false,
              "context": null,
              "code": "cy.get('#board-size').should('be.visible');",
              "err": {
                "message": "CypressError: Timed out retrying: Expected to find element: '#board-size', but never found it.",
                "estack": "CypressError: Timed out retrying: Expected to find element: '#board-size', but never found it.\n    at cypressErr (http://localhost:37785/__cypress/runner/cypress_runner.js:149934:9)\n    at throwErr (http://localhost:37785/__cypress/runner/cypress_runner.js:149867:11)\n    at Object.throwErrByPath (http://localhost:37785/__cypress/runner/cypress_runner.js:149915:3)\n    at retry (http://localhost:37785/__cypress/runner/cypress_runner.js:144197:19)\n    at onFailFn (http://localhost:37785/__cypress/runner/cypress_runner.js:132448:16)\n    at tryCatcher (http://localhost:37785/__cypress/runner/cypress_runner.js:167415:23)\n    at Promise._settlePromiseFromHandler (http://localhost:37785/__cypress/runner/cypress_runner.js:165351:31)\n    at Promise._settlePromise (http://localhost:37785/__cypress/runner/cypress_runner.js:165408:18)\n    at Promise._settlePromise0 (http://localhost:37785/__cypress/runner/cypress_runner.js:165453:10)\n    at Promise._settlePromises (http://localhost:37785/__cypress/runner/cypress_runner.js:165528:18)\n    at Async../node_modules/bluebird/js/release/async.js.Async._drainQueue (http://localhost:37785/__cypress/runner/cypress_runner.js:162140:16)\n    at Async../node_modules/bluebird/js/release/async.js.Async._drainQueues (http://localhost:37785/__cypress/runner/cypress_runner.js:162150:10)\n    at Async.drainQueues (http://localhost:37785/__cypress/runner/cypress_runner.js:162024:14)",
                "diff": null
              },
              "uuid": "d168eb70-26f3-47b5-b6c3-b7aa8f3caf84",
              "parentUUID": "1c756edb-9b0b-4a5d-b9c4-81f61d3e7e60",
              "isHook": false,
              "skipped": false
            },
            {
              "title": "Verifica se existe um botão com o id `generate-board`",
              "fullTitle": "10 - Faça o quadro de pixels ter seu tamanho definido pelo usuário. Verifica se existe um botão com o id `generate-board`",
              "timedOut": null,
              "duration": 5456,
              "state": "failed",
              "speed": null,
              "pass": false,
              "fail": true,
              "pending": false,
              "context": null,
              "code": "cy.get('#generate-board').should('be.visible');",
              "err": {
                "message": "CypressError: Timed out retrying: Expected to find element: '#generate-board', but never found it.",
                "estack": "CypressError: Timed out retrying: Expected to find element: '#generate-board', but never found it.\n    at cypressErr (http://localhost:37785/__cypress/runner/cypress_runner.js:149934:9)\n    at throwErr (http://localhost:37785/__cypress/runner/cypress_runner.js:149867:11)\n    at Object.throwErrByPath (http://localhost:37785/__cypress/runner/cypress_runner.js:149915:3)\n    at retry (http://localhost:37785/__cypress/runner/cypress_runner.js:144197:19)\n    at onFailFn (http://localhost:37785/__cypress/runner/cypress_runner.js:132448:16)\n    at tryCatcher (http://localhost:37785/__cypress/runner/cypress_runner.js:167415:23)\n    at Promise._settlePromiseFromHandler (http://localhost:37785/__cypress/runner/cypress_runner.js:165351:31)\n    at Promise._settlePromise (http://localhost:37785/__cypress/runner/cypress_runner.js:165408:18)\n    at Promise._settlePromise0 (http://localhost:37785/__cypress/runner/cypress_runner.js:165453:10)\n    at Promise._settlePromises (http://localhost:37785/__cypress/runner/cypress_runner.js:165528:18)\n    at Async../node_modules/bluebird/js/release/async.js.Async._drainQueue (http://localhost:37785/__cypress/runner/cypress_runner.js:162140:16)\n    at Async../node_modules/bluebird/js/release/async.js.Async._drainQueues (http://localhost:37785/__cypress/runner/cypress_runner.js:162150:10)\n    at Async.drainQueues (http://localhost:37785/__cypress/runner/cypress_runner.js:162024:14)",
                "diff": null
              },
              "uuid": "e97846ca-5aa8-45d7-a7d4-7568b8fe4499",
              "parentUUID": "1c756edb-9b0b-4a5d-b9c4-81f61d3e7e60",
              "isHook": false,
              "skipped": false
            },
            {
              "title": "Verifica se o input só aceita número maiores que zero. Essa restrição deve ser feita usando os atributos do elemento `input`",
              "fullTitle": "10 - Faça o quadro de pixels ter seu tamanho definido pelo usuário. Verifica se o input só aceita número maiores que zero. Essa restrição deve ser feita usando os atributos do elemento `input`",
              "timedOut": null,
              "duration": 4794,
              "state": "failed",
              "speed": null,
              "pass": false,
              "fail": true,
              "pending": false,
              "context": null,
              "code": "cy.get('#board-size[type=\\'number\\'][min=\\'1\\']');",
              "err": {
                "message": "CypressError: Timed out retrying: Expected to find element: '#board-size[type='number'][min='1']', but never found it.",
                "estack": "CypressError: Timed out retrying: Expected to find element: '#board-size[type='number'][min='1']', but never found it.\n    at cypressErr (http://localhost:37785/__cypress/runner/cypress_runner.js:149934:9)\n    at throwErr (http://localhost:37785/__cypress/runner/cypress_runner.js:149867:11)\n    at Object.throwErrByPath (http://localhost:37785/__cypress/runner/cypress_runner.js:149915:3)\n    at retry (http://localhost:37785/__cypress/runner/cypress_runner.js:144197:19)\n    at onFailFn (http://localhost:37785/__cypress/runner/cypress_runner.js:132448:16)\n    at tryCatcher (http://localhost:37785/__cypress/runner/cypress_runner.js:167415:23)\n    at Promise._settlePromiseFromHandler (http://localhost:37785/__cypress/runner/cypress_runner.js:165351:31)\n    at Promise._settlePromise (http://localhost:37785/__cypress/runner/cypress_runner.js:165408:18)\n    at Promise._settlePromise0 (http://localhost:37785/__cypress/runner/cypress_runner.js:165453:10)\n    at Promise._settlePromises (http://localhost:37785/__cypress/runner/cypress_runner.js:165528:18)\n    at Async../node_modules/bluebird/js/release/async.js.Async._drainQueue (http://localhost:37785/__cypress/runner/cypress_runner.js:162140:16)\n    at Async../node_modules/bluebird/js/release/async.js.Async._drainQueues (http://localhost:37785/__cypress/runner/cypress_runner.js:162150:10)\n    at Async.drainQueues (http://localhost:37785/__cypress/runner/cypress_runner.js:162024:14)",
                "diff": null
              },
              "uuid": "1d514eac-e724-426f-bb84-524766bf5f70",
              "parentUUID": "1c756edb-9b0b-4a5d-b9c4-81f61d3e7e60",
              "isHook": false,
              "skipped": false
            },
            {
              "title": "Verifica se o botão contém o texto 'VQV'",
              "fullTitle": "10 - Faça o quadro de pixels ter seu tamanho definido pelo usuário. Verifica se o botão contém o texto 'VQV'",
              "timedOut": null,
              "duration": 5209,
              "state": "failed",
              "speed": null,
              "pass": false,
              "fail": true,
              "pending": false,
              "context": null,
              "code": "cy.get('#generate-board').contains(/vqv/i);",
              "err": {
                "message": "CypressError: Timed out retrying: Expected to find element: '#generate-board', but never found it.",
                "estack": "CypressError: Timed out retrying: Expected to find element: '#generate-board', but never found it.\n    at cypressErr (http://localhost:37785/__cypress/runner/cypress_runner.js:149934:9)\n    at throwErr (http://localhost:37785/__cypress/runner/cypress_runner.js:149867:11)\n    at Object.throwErrByPath (http://localhost:37785/__cypress/runner/cypress_runner.js:149915:3)\n    at retry (http://localhost:37785/__cypress/runner/cypress_runner.js:144197:19)\n    at onFailFn (http://localhost:37785/__cypress/runner/cypress_runner.js:132448:16)\n    at tryCatcher (http://localhost:37785/__cypress/runner/cypress_runner.js:167415:23)\n    at Promise._settlePromiseFromHandler (http://localhost:37785/__cypress/runner/cypress_runner.js:165351:31)\n    at Promise._settlePromise (http://localhost:37785/__cypress/runner/cypress_runner.js:165408:18)\n    at Promise._settlePromise0 (http://localhost:37785/__cypress/runner/cypress_runner.js:165453:10)\n    at Promise._settlePromises (http://localhost:37785/__cypress/runner/cypress_runner.js:165528:18)\n    at Async../node_modules/bluebird/js/release/async.js.Async._drainQueue (http://localhost:37785/__cypress/runner/cypress_runner.js:162140:16)\n    at Async../node_modules/bluebird/js/release/async.js.Async._drainQueues (http://localhost:37785/__cypress/runner/cypress_runner.js:162150:10)\n    at Async.drainQueues (http://localhost:37785/__cypress/runner/cypress_runner.js:162024:14)",
                "diff": null
              },
              "uuid": "9c5bec1e-705d-45fe-a2b7-d93a3702b4fd",
              "parentUUID": "1c756edb-9b0b-4a5d-b9c4-81f61d3e7e60",
              "isHook": false,
              "skipped": false
            },
            {
              "title": "Verifica se o input está posicionado entre a paleta de cores e o quadro de pixels",
              "fullTitle": "10 - Faça o quadro de pixels ter seu tamanho definido pelo usuário. Verifica se o input está posicionado entre a paleta de cores e o quadro de pixels",
              "timedOut": null,
              "duration": 5055,
              "state": "failed",
              "speed": null,
              "pass": false,
              "fail": true,
              "pending": false,
              "context": null,
              "code": "cy.get('#color-palette').then(function (palette) {\n  cy.get('#board-size').should('be.belowOf', palette);\n});\ncy.get('#board-size').then(function (palette) {\n  cy.get('#pixel-board').should('be.belowOf', palette);\n});",
              "err": {
                "message": "CypressError: Timed out retrying: Expected to find element: '#board-size', but never found it.",
                "estack": "CypressError: Timed out retrying: Expected to find element: '#board-size', but never found it.\n    at cypressErr (http://localhost:37785/__cypress/runner/cypress_runner.js:149934:9)\n    at throwErr (http://localhost:37785/__cypress/runner/cypress_runner.js:149867:11)\n    at Object.throwErrByPath (http://localhost:37785/__cypress/runner/cypress_runner.js:149915:3)\n    at retry (http://localhost:37785/__cypress/runner/cypress_runner.js:144197:19)\n    at onFailFn (http://localhost:37785/__cypress/runner/cypress_runner.js:132448:16)\n    at tryCatcher (http://localhost:37785/__cypress/runner/cypress_runner.js:167415:23)\n    at Promise._settlePromiseFromHandler (http://localhost:37785/__cypress/runner/cypress_runner.js:165351:31)\n    at Promise._settlePromise (http://localhost:37785/__cypress/runner/cypress_runner.js:165408:18)\n    at Promise._settlePromise0 (http://localhost:37785/__cypress/runner/cypress_runner.js:165453:10)\n    at Promise._settlePromises (http://localhost:37785/__cypress/runner/cypress_runner.js:165528:18)\n    at Async../node_modules/bluebird/js/release/async.js.Async._drainQueue (http://localhost:37785/__cypress/runner/cypress_runner.js:162140:16)\n    at Async../node_modules/bluebird/js/release/async.js.Async._drainQueues (http://localhost:37785/__cypress/runner/cypress_runner.js:162150:10)\n    at Async.drainQueues (http://localhost:37785/__cypress/runner/cypress_runner.js:162024:14)",
                "diff": null
              },
              "uuid": "59095109-0241-4352-89c3-81ffe0019a7a",
              "parentUUID": "1c756edb-9b0b-4a5d-b9c4-81f61d3e7e60",
              "isHook": false,
              "skipped": false
            },
            {
              "title": "Verifica se o botão está posicionado ao lado do input",
              "fullTitle": "10 - Faça o quadro de pixels ter seu tamanho definido pelo usuário. Verifica se o botão está posicionado ao lado do input",
              "timedOut": null,
              "duration": 4938,
              "state": "failed",
              "speed": null,
              "pass": false,
              "fail": true,
              "pending": false,
              "context": null,
              "code": "cy.get('#board-size').then(function (board) {\n  cy.get('#generate-board').should('be.onTheRightOf', board);\n});",
              "err": {
                "message": "CypressError: Timed out retrying: Expected to find element: '#board-size', but never found it.",
                "estack": "CypressError: Timed out retrying: Expected to find element: '#board-size', but never found it.\n    at cypressErr (http://localhost:37785/__cypress/runner/cypress_runner.js:149934:9)\n    at throwErr (http://localhost:37785/__cypress/runner/cypress_runner.js:149867:11)\n    at Object.throwErrByPath (http://localhost:37785/__cypress/runner/cypress_runner.js:149915:3)\n    at retry (http://localhost:37785/__cypress/runner/cypress_runner.js:144197:19)\n    at onFailFn (http://localhost:37785/__cypress/runner/cypress_runner.js:132448:16)\n    at tryCatcher (http://localhost:37785/__cypress/runner/cypress_runner.js:167415:23)\n    at Promise._settlePromiseFromHandler (http://localhost:37785/__cypress/runner/cypress_runner.js:165351:31)\n    at Promise._settlePromise (http://localhost:37785/__cypress/runner/cypress_runner.js:165408:18)\n    at Promise._settlePromise0 (http://localhost:37785/__cypress/runner/cypress_runner.js:165453:10)\n    at Promise._settlePromises (http://localhost:37785/__cypress/runner/cypress_runner.js:165528:18)\n    at Async../node_modules/bluebird/js/release/async.js.Async._drainQueue (http://localhost:37785/__cypress/runner/cypress_runner.js:162140:16)\n    at Async../node_modules/bluebird/js/release/async.js.Async._drainQueues (http://localhost:37785/__cypress/runner/cypress_runner.js:162150:10)\n    at Async.drainQueues (http://localhost:37785/__cypress/runner/cypress_runner.js:162024:14)",
                "diff": null
              },
              "uuid": "28d5d254-8c7e-4ebe-af5a-d7137110cc1f",
              "parentUUID": "1c756edb-9b0b-4a5d-b9c4-81f61d3e7e60",
              "isHook": false,
              "skipped": false
            },
            {
              "title": "Verifica se nenhum valor for colocado no input ao clicar no botão, um `alert` é exibido com o texto: 'Board inválido!'",
              "fullTitle": "10 - Faça o quadro de pixels ter seu tamanho definido pelo usuário. Verifica se nenhum valor for colocado no input ao clicar no botão, um `alert` é exibido com o texto: 'Board inválido!'",
              "timedOut": null,
              "duration": 6507,
              "state": "failed",
              "speed": null,
              "pass": false,
              "fail": true,
              "pending": false,
              "context": null,
              "code": "var alerted = false;\ncy.on('window:alert', function (msg) {\n  return alerted = msg;\n});\ncy.get('#generate-board').click().then(function () {\n  return expect(alerted).to.match(/Board inválido!/i);\n});",
              "err": {
                "message": "CypressError: Timed out retrying: Expected to find element: '#generate-board', but never found it.",
                "estack": "CypressError: Timed out retrying: Expected to find element: '#generate-board', but never found it.\n    at cypressErr (http://localhost:37785/__cypress/runner/cypress_runner.js:149934:9)\n    at throwErr (http://localhost:37785/__cypress/runner/cypress_runner.js:149867:11)\n    at Object.throwErrByPath (http://localhost:37785/__cypress/runner/cypress_runner.js:149915:3)\n    at retry (http://localhost:37785/__cypress/runner/cypress_runner.js:144197:19)\n    at onFailFn (http://localhost:37785/__cypress/runner/cypress_runner.js:132448:16)\n    at tryCatcher (http://localhost:37785/__cypress/runner/cypress_runner.js:167415:23)\n    at Promise._settlePromiseFromHandler (http://localhost:37785/__cypress/runner/cypress_runner.js:165351:31)\n    at Promise._settlePromise (http://localhost:37785/__cypress/runner/cypress_runner.js:165408:18)\n    at Promise._settlePromise0 (http://localhost:37785/__cypress/runner/cypress_runner.js:165453:10)\n    at Promise._settlePromises (http://localhost:37785/__cypress/runner/cypress_runner.js:165528:18)\n    at Async../node_modules/bluebird/js/release/async.js.Async._drainQueue (http://localhost:37785/__cypress/runner/cypress_runner.js:162140:16)\n    at Async../node_modules/bluebird/js/release/async.js.Async._drainQueues (http://localhost:37785/__cypress/runner/cypress_runner.js:162150:10)\n    at Async.drainQueues (http://localhost:37785/__cypress/runner/cypress_runner.js:162024:14)",
                "diff": null
              },
              "uuid": "2469da8d-5789-427c-9da9-89221b1521d1",
              "parentUUID": "1c756edb-9b0b-4a5d-b9c4-81f61d3e7e60",
              "isHook": false,
              "skipped": false
            },
            {
              "title": "Verifica se ao clicar no botão com um valor preenchido, o tamanho do board muda.",
              "fullTitle": "10 - Faça o quadro de pixels ter seu tamanho definido pelo usuário. Verifica se ao clicar no botão com um valor preenchido, o tamanho do board muda.",
              "timedOut": null,
              "duration": 5505,
              "state": "failed",
              "speed": null,
              "pass": false,
              "fail": true,
              "pending": false,
              "context": null,
              "code": "cy.get('#board-size').clear().type(10);\ncy.get('#generate-board').click();\ncy.get('.pixel').should('have.length', 100);",
              "err": {
                "message": "CypressError: Timed out retrying: Expected to find element: '#board-size', but never found it.",
                "estack": "CypressError: Timed out retrying: Expected to find element: '#board-size', but never found it.\n    at cypressErr (http://localhost:37785/__cypress/runner/cypress_runner.js:149934:9)\n    at throwErr (http://localhost:37785/__cypress/runner/cypress_runner.js:149867:11)\n    at Object.throwErrByPath (http://localhost:37785/__cypress/runner/cypress_runner.js:149915:3)\n    at retry (http://localhost:37785/__cypress/runner/cypress_runner.js:144197:19)\n    at onFailFn (http://localhost:37785/__cypress/runner/cypress_runner.js:132448:16)\n    at tryCatcher (http://localhost:37785/__cypress/runner/cypress_runner.js:167415:23)\n    at Promise._settlePromiseFromHandler (http://localhost:37785/__cypress/runner/cypress_runner.js:165351:31)\n    at Promise._settlePromise (http://localhost:37785/__cypress/runner/cypress_runner.js:165408:18)\n    at Promise._settlePromise0 (http://localhost:37785/__cypress/runner/cypress_runner.js:165453:10)\n    at Promise._settlePromises (http://localhost:37785/__cypress/runner/cypress_runner.js:165528:18)\n    at Async../node_modules/bluebird/js/release/async.js.Async._drainQueue (http://localhost:37785/__cypress/runner/cypress_runner.js:162140:16)\n    at Async../node_modules/bluebird/js/release/async.js.Async._drainQueues (http://localhost:37785/__cypress/runner/cypress_runner.js:162150:10)\n    at Async.drainQueues (http://localhost:37785/__cypress/runner/cypress_runner.js:162024:14)",
                "diff": null
              },
              "uuid": "3f21d089-38d4-4cad-a46f-503771e43c55",
              "parentUUID": "1c756edb-9b0b-4a5d-b9c4-81f61d3e7e60",
              "isHook": false,
              "skipped": false
            },
            {
              "title": "Verifica se o novo quadro tem todos os pixels preenchidos com a cor branca",
              "fullTitle": "10 - Faça o quadro de pixels ter seu tamanho definido pelo usuário. Verifica se o novo quadro tem todos os pixels preenchidos com a cor branca",
              "timedOut": null,
              "duration": 5579,
              "state": "failed",
              "speed": null,
              "pass": false,
              "fail": true,
              "pending": false,
              "context": null,
              "code": "cy.get('#board-size').clear().type(6);\ncy.get('#generate-board').click();\ncy.get('.pixel').should('have.length', 36).each(function (pixel) {\n  expect(pixel).to.have.css('background-color', WHITE);\n});",
              "err": {
                "message": "CypressError: Timed out retrying: Expected to find element: '#board-size', but never found it.",
                "estack": "CypressError: Timed out retrying: Expected to find element: '#board-size', but never found it.\n    at cypressErr (http://localhost:37785/__cypress/runner/cypress_runner.js:149934:9)\n    at throwErr (http://localhost:37785/__cypress/runner/cypress_runner.js:149867:11)\n    at Object.throwErrByPath (http://localhost:37785/__cypress/runner/cypress_runner.js:149915:3)\n    at retry (http://localhost:37785/__cypress/runner/cypress_runner.js:144197:19)\n    at onFailFn (http://localhost:37785/__cypress/runner/cypress_runner.js:132448:16)\n    at tryCatcher (http://localhost:37785/__cypress/runner/cypress_runner.js:167415:23)\n    at Promise._settlePromiseFromHandler (http://localhost:37785/__cypress/runner/cypress_runner.js:165351:31)\n    at Promise._settlePromise (http://localhost:37785/__cypress/runner/cypress_runner.js:165408:18)\n    at Promise._settlePromise0 (http://localhost:37785/__cypress/runner/cypress_runner.js:165453:10)\n    at Promise._settlePromises (http://localhost:37785/__cypress/runner/cypress_runner.js:165528:18)\n    at Async../node_modules/bluebird/js/release/async.js.Async._drainQueue (http://localhost:37785/__cypress/runner/cypress_runner.js:162140:16)\n    at Async../node_modules/bluebird/js/release/async.js.Async._drainQueues (http://localhost:37785/__cypress/runner/cypress_runner.js:162150:10)\n    at Async.drainQueues (http://localhost:37785/__cypress/runner/cypress_runner.js:162024:14)",
                "diff": null
              },
              "uuid": "aa2d1608-af41-4b1f-b6c1-2fa5d6120e5d",
              "parentUUID": "1c756edb-9b0b-4a5d-b9c4-81f61d3e7e60",
              "isHook": false,
              "skipped": false
            }
          ],
          "suites": [],
          "passes": [],
          "failures": [
            "d168eb70-26f3-47b5-b6c3-b7aa8f3caf84",
            "e97846ca-5aa8-45d7-a7d4-7568b8fe4499",
            "1d514eac-e724-426f-bb84-524766bf5f70",
            "9c5bec1e-705d-45fe-a2b7-d93a3702b4fd",
            "59095109-0241-4352-89c3-81ffe0019a7a",
            "28d5d254-8c7e-4ebe-af5a-d7137110cc1f",
            "2469da8d-5789-427c-9da9-89221b1521d1",
            "3f21d089-38d4-4cad-a46f-503771e43c55",
            "aa2d1608-af41-4b1f-b6c1-2fa5d6120e5d"
          ],
          "pending": [],
          "skipped": [],
          "duration": 48040,
          "root": false,
          "rootEmpty": false,
          "_timeout": 2000
        },
        {
          "uuid": "ca48d55e-60ab-4b86-a20c-5ca0ea1de4f0",
          "title": "11 - Limite o tamanho mínimo e máximo do board.",
          "fullFile": "",
          "file": "",
          "beforeHooks": [],
          "afterHooks": [],
          "tests": [
            {
              "title": "Verifica se a altura máxima do board é 50",
              "fullTitle": "11 - Limite o tamanho mínimo e máximo do board. Verifica se a altura máxima do board é 50",
              "timedOut": null,
              "duration": 6501,
              "state": "failed",
              "speed": null,
              "pass": false,
              "fail": true,
              "pending": false,
              "context": null,
              "code": "cy.get('#board-size').clear().type(50);\ncy.get('#generate-board').click();\ncy.get('.pixel').should('have.length', 2500);",
              "err": {
                "message": "CypressError: Timed out retrying: Expected to find element: '#board-size', but never found it.",
                "estack": "CypressError: Timed out retrying: Expected to find element: '#board-size', but never found it.\n    at cypressErr (http://localhost:37785/__cypress/runner/cypress_runner.js:149934:9)\n    at throwErr (http://localhost:37785/__cypress/runner/cypress_runner.js:149867:11)\n    at Object.throwErrByPath (http://localhost:37785/__cypress/runner/cypress_runner.js:149915:3)\n    at retry (http://localhost:37785/__cypress/runner/cypress_runner.js:144197:19)\n    at onFailFn (http://localhost:37785/__cypress/runner/cypress_runner.js:132448:16)\n    at tryCatcher (http://localhost:37785/__cypress/runner/cypress_runner.js:167415:23)\n    at Promise._settlePromiseFromHandler (http://localhost:37785/__cypress/runner/cypress_runner.js:165351:31)\n    at Promise._settlePromise (http://localhost:37785/__cypress/runner/cypress_runner.js:165408:18)\n    at Promise._settlePromise0 (http://localhost:37785/__cypress/runner/cypress_runner.js:165453:10)\n    at Promise._settlePromises (http://localhost:37785/__cypress/runner/cypress_runner.js:165528:18)\n    at Async../node_modules/bluebird/js/release/async.js.Async._drainQueue (http://localhost:37785/__cypress/runner/cypress_runner.js:162140:16)\n    at Async../node_modules/bluebird/js/release/async.js.Async._drainQueues (http://localhost:37785/__cypress/runner/cypress_runner.js:162150:10)\n    at Async.drainQueues (http://localhost:37785/__cypress/runner/cypress_runner.js:162024:14)",
                "diff": null
              },
              "uuid": "be99f438-2054-4d9c-a887-dde2b088144e",
              "parentUUID": "ca48d55e-60ab-4b86-a20c-5ca0ea1de4f0",
              "isHook": false,
              "skipped": false
            },
            {
              "title": "Verifica se a altura do board é 5 quando um valor menor é colocado no input",
              "fullTitle": "11 - Limite o tamanho mínimo e máximo do board. Verifica se a altura do board é 5 quando um valor menor é colocado no input",
              "timedOut": null,
              "duration": 4923,
              "state": "failed",
              "speed": null,
              "pass": false,
              "fail": true,
              "pending": false,
              "context": null,
              "code": "cy.get('#board-size').clear().type(4);\ncy.get('#generate-board').click();\ncy.get('.pixel').should('have.length', 25);",
              "err": {
                "message": "CypressError: Timed out retrying: Expected to find element: '#board-size', but never found it.",
                "estack": "CypressError: Timed out retrying: Expected to find element: '#board-size', but never found it.\n    at cypressErr (http://localhost:37785/__cypress/runner/cypress_runner.js:149934:9)\n    at throwErr (http://localhost:37785/__cypress/runner/cypress_runner.js:149867:11)\n    at Object.throwErrByPath (http://localhost:37785/__cypress/runner/cypress_runner.js:149915:3)\n    at retry (http://localhost:37785/__cypress/runner/cypress_runner.js:144197:19)\n    at onFailFn (http://localhost:37785/__cypress/runner/cypress_runner.js:132448:16)\n    at tryCatcher (http://localhost:37785/__cypress/runner/cypress_runner.js:167415:23)\n    at Promise._settlePromiseFromHandler (http://localhost:37785/__cypress/runner/cypress_runner.js:165351:31)\n    at Promise._settlePromise (http://localhost:37785/__cypress/runner/cypress_runner.js:165408:18)\n    at Promise._settlePromise0 (http://localhost:37785/__cypress/runner/cypress_runner.js:165453:10)\n    at Promise._settlePromises (http://localhost:37785/__cypress/runner/cypress_runner.js:165528:18)\n    at Async../node_modules/bluebird/js/release/async.js.Async._drainQueue (http://localhost:37785/__cypress/runner/cypress_runner.js:162140:16)\n    at Async../node_modules/bluebird/js/release/async.js.Async._drainQueues (http://localhost:37785/__cypress/runner/cypress_runner.js:162150:10)\n    at Async.drainQueues (http://localhost:37785/__cypress/runner/cypress_runner.js:162024:14)",
                "diff": null
              },
              "uuid": "8527951f-5dea-4308-881e-81c59a851bf2",
              "parentUUID": "ca48d55e-60ab-4b86-a20c-5ca0ea1de4f0",
              "isHook": false,
              "skipped": false
            },
            {
              "title": "Verifica se a altura do board é 50 quando um valor maior é colocado no input",
              "fullTitle": "11 - Limite o tamanho mínimo e máximo do board. Verifica se a altura do board é 50 quando um valor maior é colocado no input",
              "timedOut": null,
              "duration": 4998,
              "state": "failed",
              "speed": null,
              "pass": false,
              "fail": true,
              "pending": false,
              "context": null,
              "code": "cy.get('#board-size').clear().type(51);\ncy.get('#generate-board').click();\ncy.get('.pixel').should('have.length', 2500);",
              "err": {
                "message": "CypressError: Timed out retrying: Expected to find element: '#board-size', but never found it.",
                "estack": "CypressError: Timed out retrying: Expected to find element: '#board-size', but never found it.\n    at cypressErr (http://localhost:37785/__cypress/runner/cypress_runner.js:149934:9)\n    at throwErr (http://localhost:37785/__cypress/runner/cypress_runner.js:149867:11)\n    at Object.throwErrByPath (http://localhost:37785/__cypress/runner/cypress_runner.js:149915:3)\n    at retry (http://localhost:37785/__cypress/runner/cypress_runner.js:144197:19)\n    at onFailFn (http://localhost:37785/__cypress/runner/cypress_runner.js:132448:16)\n    at tryCatcher (http://localhost:37785/__cypress/runner/cypress_runner.js:167415:23)\n    at Promise._settlePromiseFromHandler (http://localhost:37785/__cypress/runner/cypress_runner.js:165351:31)\n    at Promise._settlePromise (http://localhost:37785/__cypress/runner/cypress_runner.js:165408:18)\n    at Promise._settlePromise0 (http://localhost:37785/__cypress/runner/cypress_runner.js:165453:10)\n    at Promise._settlePromises (http://localhost:37785/__cypress/runner/cypress_runner.js:165528:18)\n    at Async../node_modules/bluebird/js/release/async.js.Async._drainQueue (http://localhost:37785/__cypress/runner/cypress_runner.js:162140:16)\n    at Async../node_modules/bluebird/js/release/async.js.Async._drainQueues (http://localhost:37785/__cypress/runner/cypress_runner.js:162150:10)\n    at Async.drainQueues (http://localhost:37785/__cypress/runner/cypress_runner.js:162024:14)",
                "diff": null
              },
              "uuid": "95a5720b-5af4-4b38-9fef-44d9e5a1a9a6",
              "parentUUID": "ca48d55e-60ab-4b86-a20c-5ca0ea1de4f0",
              "isHook": false,
              "skipped": false
            }
          ],
          "suites": [],
          "passes": [],
          "failures": [
            "be99f438-2054-4d9c-a887-dde2b088144e",
            "8527951f-5dea-4308-881e-81c59a851bf2",
            "95a5720b-5af4-4b38-9fef-44d9e5a1a9a6"
          ],
          "pending": [],
          "skipped": [],
          "duration": 16422,
          "root": false,
          "rootEmpty": false,
          "_timeout": 2000
        },
        {
          "uuid": "6c52ab1e-71bc-4abb-9ef6-24caafa93bb5",
          "title": "12 - Faça com que as cores da paleta sejam geradas aleatoriamente ao carregar a página.",
          "fullFile": "",
          "file": "",
          "beforeHooks": [],
          "afterHooks": [],
          "tests": [
            {
              "title": "Verifica se as cores geradas na paleta são diferentes a cada carregamento da página",
              "fullTitle": "12 - Faça com que as cores da paleta sejam geradas aleatoriamente ao carregar a página. Verifica se as cores geradas na paleta são diferentes a cada carregamento da página",
              "timedOut": null,
              "duration": 1352,
              "state": "failed",
              "speed": null,
              "pass": false,
              "fail": true,
              "pending": false,
              "context": null,
              "code": "cy.get('.color').then(function (colors) {\n  var currentColors;\n  var previousColors;\n  previousColors = Array.from(colors).map(function (color) {\n    return Cypress.$(color).css('background-color');\n  });\n  for (var i = 0; i < 5; i += 1) {\n    cy.reload();\n    cy.get('.color').then(function (colors) {\n      currentColors = Array.from(colors).map(function (color) {\n        return Cypress.$(color).css('background-color');\n      });\n      expect(currentColors).not.to.deep.equal(previousColors);\n      previousColors = currentColors;\n    });\n  }\n});",
              "err": {
                "message": "AssertionError: expected [ Array(4) ] to not deeply equal [ Array(4) ]",
                "estack": "AssertionError: expected [ Array(4) ] to not deeply equal [ Array(4) ]\n    at getRet (http://localhost:37785/__cypress/runner/cypress_runner.js:136585:16)\n    at tryCatcher (http://localhost:37785/__cypress/runner/cypress_runner.js:167415:23)\n    at Function.Promise.attempt.Promise.try (http://localhost:37785/__cypress/runner/cypress_runner.js:164690:29)\n    at Context.thenFn (http://localhost:37785/__cypress/runner/cypress_runner.js:136599:23)\n    at Context.then (http://localhost:37785/__cypress/runner/cypress_runner.js:136971:21)\n    at Context.<anonymous> (http://localhost:37785/__cypress/runner/cypress_runner.js:148875:21)\n    at http://localhost:37785/__cypress/runner/cypress_runner.js:148351:33\n    at tryCatcher (http://localhost:37785/__cypress/runner/cypress_runner.js:167415:23)\n    at Promise._settlePromiseFromHandler (http://localhost:37785/__cypress/runner/cypress_runner.js:165351:31)\n    at Promise._settlePromise (http://localhost:37785/__cypress/runner/cypress_runner.js:165408:18)\n    at Promise._settlePromiseCtx (http://localhost:37785/__cypress/runner/cypress_runner.js:165445:10)\n    at Async../node_modules/bluebird/js/release/async.js.Async._drainQueue (http://localhost:37785/__cypress/runner/cypress_runner.js:162145:12)\n    at Async../node_modules/bluebird/js/release/async.js.Async._drainQueues (http://localhost:37785/__cypress/runner/cypress_runner.js:162150:10)\n    at Async.drainQueues (http://localhost:37785/__cypress/runner/cypress_runner.js:162024:14)",
                "diff": ""
              },
              "uuid": "b27f52da-2e48-4167-af9d-69353509afe4",
              "parentUUID": "6c52ab1e-71bc-4abb-9ef6-24caafa93bb5",
              "isHook": false,
              "skipped": false
            },
            {
              "title": "Verifica se a cor preta ainda está presente e é a primeira na sua paleta de cores",
              "fullTitle": "12 - Faça com que as cores da paleta sejam geradas aleatoriamente ao carregar a página. Verifica se a cor preta ainda está presente e é a primeira na sua paleta de cores",
              "timedOut": null,
              "duration": 1667,
              "state": "failed",
              "speed": null,
              "pass": false,
              "fail": true,
              "pending": false,
              "context": null,
              "code": "cy.get('.color').then(function (colors) {\n  var currentColors;\n  var previousColors;\n  previousColors = Array.from(colors).map(function (color) {\n    return Cypress.$(color).css('background-color');\n  });\n  expect(previousColors[0]).to.eq(BLACK);\n  for (var i = 0; i < 5; i += 1) {\n    cy.reload();\n    cy.get('.color').then(function (colors) {\n      currentColors = Array.from(colors).map(function (color) {\n        return Cypress.$(color).css('background-color');\n      });\n      expect(currentColors[0]).to.eq(BLACK);\n      expect(currentColors).not.to.deep.equal(previousColors);\n      previousColors = currentColors;\n    });\n  }\n});",
              "err": {
                "message": "AssertionError: expected 'rgba(0, 0, 0, 0)' to equal 'rgb(0, 0, 0)'",
                "estack": "AssertionError: expected 'rgba(0, 0, 0, 0)' to equal 'rgb(0, 0, 0)'\n    at getRet (http://localhost:37785/__cypress/runner/cypress_runner.js:136585:16)\n    at tryCatcher (http://localhost:37785/__cypress/runner/cypress_runner.js:167415:23)\n    at Function.Promise.attempt.Promise.try (http://localhost:37785/__cypress/runner/cypress_runner.js:164690:29)\n    at Context.thenFn (http://localhost:37785/__cypress/runner/cypress_runner.js:136599:23)\n    at Context.then (http://localhost:37785/__cypress/runner/cypress_runner.js:136971:21)\n    at Context.<anonymous> (http://localhost:37785/__cypress/runner/cypress_runner.js:148875:21)\n    at http://localhost:37785/__cypress/runner/cypress_runner.js:148351:33\n    at tryCatcher (http://localhost:37785/__cypress/runner/cypress_runner.js:167415:23)\n    at Promise._settlePromiseFromHandler (http://localhost:37785/__cypress/runner/cypress_runner.js:165351:31)\n    at Promise._settlePromise (http://localhost:37785/__cypress/runner/cypress_runner.js:165408:18)\n    at Promise._settlePromiseCtx (http://localhost:37785/__cypress/runner/cypress_runner.js:165445:10)\n    at Async../node_modules/bluebird/js/release/async.js.Async._drainQueue (http://localhost:37785/__cypress/runner/cypress_runner.js:162145:12)\n    at Async../node_modules/bluebird/js/release/async.js.Async._drainQueues (http://localhost:37785/__cypress/runner/cypress_runner.js:162150:10)\n    at Async.drainQueues (http://localhost:37785/__cypress/runner/cypress_runner.js:162024:14)",
                "diff": "- 'rgba(0, 0, 0, 0)'\n+ 'rgb(0, 0, 0)'\n"
              },
              "uuid": "e50247fd-fedb-41d4-899b-eb7b1046547a",
              "parentUUID": "6c52ab1e-71bc-4abb-9ef6-24caafa93bb5",
              "isHook": false,
              "skipped": false
            }
          ],
          "suites": [],
          "passes": [],
          "failures": [
            "b27f52da-2e48-4167-af9d-69353509afe4",
            "e50247fd-fedb-41d4-899b-eb7b1046547a"
          ],
          "pending": [],
          "skipped": [],
          "duration": 3019,
          "root": false,
          "rootEmpty": false,
          "_timeout": 2000
        }
      ],
      "passes": [],
      "failures": [],
      "pending": [],
      "skipped": [],
      "duration": 0,
      "root": true,
      "rootEmpty": true,
      "_timeout": 2000
    }
  ],
  "meta": {
    "mocha": {
      "version": "7.0.1"
    },
    "mochawesome": {
      "options": {
        "quiet": false,
        "reportFilename": "mochawesome",
        "saveHtml": false,
        "saveJson": true,
        "consoleReporter": "spec",
        "useInlineDiffs": false
      },
      "version": "4.1.0"
    },
    "marge": {
      "options": {
        "id": "default",
        "reportDir": "cypress/reports",
        "overwrite": true,
        "html": false,
        "json": true
      },
      "version": "4.1.0"
    }
  }
}