{
  "stats": {
    "suites": 12,
    "tests": 41,
    "passes": 21,
    "pending": 0,
    "failures": 20,
    "start": "2022-07-04T23:20:32.907Z",
    "end": "2022-07-04T23:22:21.199Z",
    "duration": 108292,
    "testsRegistered": 41,
    "passPercent": 51.21951219512195,
    "pendingPercent": 0,
    "other": 0,
    "hasOther": false,
    "skipped": 0,
    "hasSkipped": false
  },
  "results": [
    {
      "uuid": "90821cef-d64e-4b4f-87e3-f106c9658863",
      "title": "",
      "fullFile": "cypress/integration/project.spec.js",
      "file": "cypress/integration/project.spec.js",
      "beforeHooks": [],
      "afterHooks": [],
      "tests": [],
      "suites": [
        {
          "uuid": "c7622f4d-bd18-4567-9458-6a33a1feb485",
          "title": "1 - Adicione à página o título \"Paleta de Cores\".",
          "fullFile": "",
          "file": "",
          "beforeHooks": [],
          "afterHooks": [],
          "tests": [
            {
              "title": "Verifica se contém um elemento `h1` com o id `title` com o título correto",
              "fullTitle": "1 - Adicione à página o título \"Paleta de Cores\". Verifica se contém um elemento `h1` com o id `title` com o título correto",
              "timedOut": null,
              "duration": 664,
              "state": "passed",
              "speed": "slow",
              "pass": true,
              "fail": false,
              "pending": false,
              "context": null,
              "code": "cy.get('h1#title').should('contain.text', 'Paleta de Cores');",
              "err": {},
              "uuid": "04c8c497-85e2-4fd0-83bd-fff600f002cb",
              "parentUUID": "c7622f4d-bd18-4567-9458-6a33a1feb485",
              "isHook": false,
              "skipped": false
            }
          ],
          "suites": [],
          "passes": [
            "04c8c497-85e2-4fd0-83bd-fff600f002cb"
          ],
          "failures": [],
          "pending": [],
          "skipped": [],
          "duration": 664,
          "root": false,
          "rootEmpty": false,
          "_timeout": 2000
        },
        {
          "uuid": "4ac3bce9-f61c-49f9-8c98-a4f816fd636d",
          "title": "2 - Adicione à página uma paleta de quatro cores distintas.",
          "fullFile": "",
          "file": "",
          "beforeHooks": [],
          "afterHooks": [],
          "tests": [
            {
              "title": "A paleta de cores deve ser um elemento com `id` denominado `color-palette` e ter mais de 0px de altura e de largura.",
              "fullTitle": "2 - Adicione à página uma paleta de quatro cores distintas. A paleta de cores deve ser um elemento com `id` denominado `color-palette` e ter mais de 0px de altura e de largura.",
              "timedOut": null,
              "duration": 600,
              "state": "passed",
              "speed": "slow",
              "pass": true,
              "fail": false,
              "pending": false,
              "context": null,
              "code": "cy.get('#color-palette').should('be.visible');\ncy.get('#color-palette').children('.color');",
              "err": {},
              "uuid": "9e1f6280-81ec-447f-8314-0320b9be2bd4",
              "parentUUID": "4ac3bce9-f61c-49f9-8c98-a4f816fd636d",
              "isHook": false,
              "skipped": false
            },
            {
              "title": "Verifica se cada cor individual da paleta de cores possui a `classe` chamada `color`.",
              "fullTitle": "2 - Adicione à página uma paleta de quatro cores distintas. Verifica se cada cor individual da paleta de cores possui a `classe` chamada `color`.",
              "timedOut": null,
              "duration": 936,
              "state": "passed",
              "speed": "slow",
              "pass": true,
              "fail": false,
              "pending": false,
              "context": null,
              "code": "cy.get('.color').should('have.length', 4).then(function (colors) {\n  for (var i = 0; i < colors.length; i++) {\n    cy.wrap(colors[i]).should('be.visible');\n  }\n});",
              "err": {},
              "uuid": "bcd784d9-bf21-4722-8a00-83224ec01fb7",
              "parentUUID": "4ac3bce9-f61c-49f9-8c98-a4f816fd636d",
              "isHook": false,
              "skipped": false
            },
            {
              "title": "Verifica se a cor de fundo de cada elemento da paleta é a cor que o elemento representa. **A única cor não permitida na paleta é a cor branca.**",
              "fullTitle": "2 - Adicione à página uma paleta de quatro cores distintas. Verifica se a cor de fundo de cada elemento da paleta é a cor que o elemento representa. **A única cor não permitida na paleta é a cor branca.**",
              "timedOut": null,
              "duration": 513,
              "state": "passed",
              "speed": "slow",
              "pass": true,
              "fail": false,
              "pending": false,
              "context": null,
              "code": "cy.get('.color').each(function (color) {\n  cy.wrap(color).should('have.class', 'color').and('not.have.css', 'background-color', WHITE);\n  cy.wrap(color).should('have.css', 'background-color');\n});",
              "err": {},
              "uuid": "aa0fb9ae-a118-43f1-ac18-704f43dc1db7",
              "parentUUID": "4ac3bce9-f61c-49f9-8c98-a4f816fd636d",
              "isHook": false,
              "skipped": false
            },
            {
              "title": "Verifica se cada elemento da paleta de cores tem uma borda preta, sólida e com 1 pixel de largura;",
              "fullTitle": "2 - Adicione à página uma paleta de quatro cores distintas. Verifica se cada elemento da paleta de cores tem uma borda preta, sólida e com 1 pixel de largura;",
              "timedOut": null,
              "duration": 200,
              "state": "passed",
              "speed": "slow",
              "pass": true,
              "fail": false,
              "pending": false,
              "context": null,
              "code": "cy.get('.color').each(function (color) {\n  cy.wrap(color).and('have.css', 'border', \"1px solid \".concat(BLACK)).and('have.class', 'color');\n});",
              "err": {},
              "uuid": "383db909-b940-412c-aeb6-1b2f456e101d",
              "parentUUID": "4ac3bce9-f61c-49f9-8c98-a4f816fd636d",
              "isHook": false,
              "skipped": false
            },
            {
              "title": "Verifica se a paleta lista todas as cores disponíveis para utilização, lado a lado.",
              "fullTitle": "2 - Adicione à página uma paleta de quatro cores distintas. Verifica se a paleta lista todas as cores disponíveis para utilização, lado a lado.",
              "timedOut": null,
              "duration": 166,
              "state": "passed",
              "speed": "slow",
              "pass": true,
              "fail": false,
              "pending": false,
              "context": null,
              "code": "cy.get('.color').then(function (colors) {\n  for (var index = 1; index < colors.length; index += 1) {\n    var currentColor = colors[index];\n    var previousColor = colors[index - 1];\n    cy.wrap(currentColor).should('be.onTheRightOf', previousColor).and('be.horizontallyAlignedWith', previousColor);\n  }\n});",
              "err": {},
              "uuid": "5ee8dc9a-26f8-4c1c-8e87-7d0144778153",
              "parentUUID": "4ac3bce9-f61c-49f9-8c98-a4f816fd636d",
              "isHook": false,
              "skipped": false
            },
            {
              "title": "Verifica se a paleta de cores está posicionada abaixo do título 'Paleta de Cores'",
              "fullTitle": "2 - Adicione à página uma paleta de quatro cores distintas. Verifica se a paleta de cores está posicionada abaixo do título 'Paleta de Cores'",
              "timedOut": null,
              "duration": 259,
              "state": "passed",
              "speed": "slow",
              "pass": true,
              "fail": false,
              "pending": false,
              "context": null,
              "code": "cy.get('h1#title').then(function (title) {\n  cy.get('#color-palette').should('be.belowOf', title);\n});",
              "err": {},
              "uuid": "06582152-0a56-49fa-a6c6-a96e371d3b88",
              "parentUUID": "4ac3bce9-f61c-49f9-8c98-a4f816fd636d",
              "isHook": false,
              "skipped": false
            },
            {
              "title": "Verifica se a paleta de cores não contém cores repetidas.",
              "fullTitle": "2 - Adicione à página uma paleta de quatro cores distintas. Verifica se a paleta de cores não contém cores repetidas.",
              "timedOut": null,
              "duration": 152,
              "state": "passed",
              "speed": "slow",
              "pass": true,
              "fail": false,
              "pending": false,
              "context": null,
              "code": "cy.get('.color').then(function (colors) {\n  var allColors = Array.from(colors).map(function (color) {\n    return Cypress.$(color).css('background-color');\n  });\n  cy.log(allColors);\n  var uniqColors = (0, _toConsumableArray2[\"default\"])(new Set(allColors));\n  cy.log(uniqColors);\n  expect(allColors.length).to.eq(uniqColors.length);\n});",
              "err": {},
              "uuid": "9091eb72-38be-4c40-921b-c70ec3b794ba",
              "parentUUID": "4ac3bce9-f61c-49f9-8c98-a4f816fd636d",
              "isHook": false,
              "skipped": false
            }
          ],
          "suites": [],
          "passes": [
            "9e1f6280-81ec-447f-8314-0320b9be2bd4",
            "bcd784d9-bf21-4722-8a00-83224ec01fb7",
            "aa0fb9ae-a118-43f1-ac18-704f43dc1db7",
            "383db909-b940-412c-aeb6-1b2f456e101d",
            "5ee8dc9a-26f8-4c1c-8e87-7d0144778153",
            "06582152-0a56-49fa-a6c6-a96e371d3b88",
            "9091eb72-38be-4c40-921b-c70ec3b794ba"
          ],
          "failures": [],
          "pending": [],
          "skipped": [],
          "duration": 2826,
          "root": false,
          "rootEmpty": false,
          "_timeout": 2000
        },
        {
          "uuid": "406487a9-37fd-4928-82f0-831a030a24c8",
          "title": "3 - Adicione a cor **preta** como a primeira cor da paleta de cores.",
          "fullFile": "",
          "file": "",
          "beforeHooks": [],
          "afterHooks": [],
          "tests": [
            {
              "title": "Verifica se a primeira cor da paleta é preta",
              "fullTitle": "3 - Adicione a cor **preta** como a primeira cor da paleta de cores. Verifica se a primeira cor da paleta é preta",
              "timedOut": null,
              "duration": 223,
              "state": "passed",
              "speed": "slow",
              "pass": true,
              "fail": false,
              "pending": false,
              "context": null,
              "code": "cy.get('.color').first().should('have.css', 'background-color', BLACK);",
              "err": {},
              "uuid": "25645202-5c20-4871-9263-d2554ecded93",
              "parentUUID": "406487a9-37fd-4928-82f0-831a030a24c8",
              "isHook": false,
              "skipped": false
            },
            {
              "title": "Verifica se as demais cores podem ser escolhidas livremente.",
              "fullTitle": "3 - Adicione a cor **preta** como a primeira cor da paleta de cores. Verifica se as demais cores podem ser escolhidas livremente.",
              "timedOut": null,
              "duration": 328,
              "state": "passed",
              "speed": "slow",
              "pass": true,
              "fail": false,
              "pending": false,
              "context": null,
              "code": "cy.get('.color').eq(1).should('not.have.css', 'background-color', BLACK);\ncy.get('.color').eq(1).should('not.have.css', 'background-color', WHITE);\ncy.get('.color').eq(1).should('not.have.css', 'background-color', 'rgba(0, 0, 0, 0)');\ncy.get('.color').eq(1).should('have.css', 'background-color');\ncy.get('.color').eq(2).should('not.have.css', 'background-color', BLACK);\ncy.get('.color').eq(2).should('not.have.css', 'background-color', WHITE);\ncy.get('.color').eq(2).should('not.have.css', 'background-color', 'rgba(0, 0, 0, 0)');\ncy.get('.color').eq(2).should('have.css', 'background-color');\ncy.get('.color').eq(3).should('not.have.css', 'background-color', BLACK);\ncy.get('.color').eq(3).should('not.have.css', 'background-color', WHITE);\ncy.get('.color').eq(3).should('not.have.css', 'background-color', 'rgba(0, 0, 0, 0)');\ncy.get('.color').eq(3).should('have.css', 'background-color');",
              "err": {},
              "uuid": "ba001edb-0393-487a-8ce7-2f20b01a894a",
              "parentUUID": "406487a9-37fd-4928-82f0-831a030a24c8",
              "isHook": false,
              "skipped": false
            }
          ],
          "suites": [],
          "passes": [
            "25645202-5c20-4871-9263-d2554ecded93",
            "ba001edb-0393-487a-8ce7-2f20b01a894a"
          ],
          "failures": [],
          "pending": [],
          "skipped": [],
          "duration": 551,
          "root": false,
          "rootEmpty": false,
          "_timeout": 2000
        },
        {
          "uuid": "1ff6ba43-7c45-49dd-8bb9-9fb896761edc",
          "title": "4 - Adicione à página um quadro de pixels, com 25 pixels.",
          "fullFile": "",
          "file": "",
          "beforeHooks": [],
          "afterHooks": [],
          "tests": [
            {
              "title": "Verifica se o quadro de pixels possui o `id` denominado `pixel-board`",
              "fullTitle": "4 - Adicione à página um quadro de pixels, com 25 pixels. Verifica se o quadro de pixels possui o `id` denominado `pixel-board`",
              "timedOut": null,
              "duration": 206,
              "state": "passed",
              "speed": "slow",
              "pass": true,
              "fail": false,
              "pending": false,
              "context": null,
              "code": "cy.get('#pixel-board').should('be.visible');",
              "err": {},
              "uuid": "48768732-cc86-4dd9-85ca-d3b058b3e5a5",
              "parentUUID": "1ff6ba43-7c45-49dd-8bb9-9fb896761edc",
              "isHook": false,
              "skipped": false
            },
            {
              "title": "Verifica se cada pixel individual dentro do quadro possui a `classe` denominada `pixel`.",
              "fullTitle": "4 - Adicione à página um quadro de pixels, com 25 pixels. Verifica se cada pixel individual dentro do quadro possui a `classe` denominada `pixel`.",
              "timedOut": null,
              "duration": 211,
              "state": "passed",
              "speed": "slow",
              "pass": true,
              "fail": false,
              "pending": false,
              "context": null,
              "code": "cy.get('.pixel').should('have.length', 25);",
              "err": {},
              "uuid": "0741f72a-67f4-472d-973d-6243a776f52f",
              "parentUUID": "1ff6ba43-7c45-49dd-8bb9-9fb896761edc",
              "isHook": false,
              "skipped": false
            },
            {
              "title": "Verifica se a cor inicial dos pixels dentro do quadro, ao abrir a página, é branca.",
              "fullTitle": "4 - Adicione à página um quadro de pixels, com 25 pixels. Verifica se a cor inicial dos pixels dentro do quadro, ao abrir a página, é branca.",
              "timedOut": null,
              "duration": 275,
              "state": "passed",
              "speed": "slow",
              "pass": true,
              "fail": false,
              "pending": false,
              "context": null,
              "code": "cy.get('.pixel').should('have.length', 25).each(function (pixel) {\n  expect(pixel).to.have.css('background-color', WHITE);\n});",
              "err": {},
              "uuid": "4dec8fe1-3c50-4d1b-8e02-300e0d47d622",
              "parentUUID": "1ff6ba43-7c45-49dd-8bb9-9fb896761edc",
              "isHook": false,
              "skipped": false
            },
            {
              "title": "Verifica se o quadro de pixels aparece abaixo da paleta de cores",
              "fullTitle": "4 - Adicione à página um quadro de pixels, com 25 pixels. Verifica se o quadro de pixels aparece abaixo da paleta de cores",
              "timedOut": null,
              "duration": 193,
              "state": "passed",
              "speed": "slow",
              "pass": true,
              "fail": false,
              "pending": false,
              "context": null,
              "code": "cy.get('#color-palette').then(function (palette) {\n  cy.get('#pixel-board').should('be.belowOf', palette);\n});",
              "err": {},
              "uuid": "4789a906-f061-4b7d-a1b4-73f1b98ea2ba",
              "parentUUID": "1ff6ba43-7c45-49dd-8bb9-9fb896761edc",
              "isHook": false,
              "skipped": false
            }
          ],
          "suites": [],
          "passes": [
            "48768732-cc86-4dd9-85ca-d3b058b3e5a5",
            "0741f72a-67f4-472d-973d-6243a776f52f",
            "4dec8fe1-3c50-4d1b-8e02-300e0d47d622",
            "4789a906-f061-4b7d-a1b4-73f1b98ea2ba"
          ],
          "failures": [],
          "pending": [],
          "skipped": [],
          "duration": 885,
          "root": false,
          "rootEmpty": false,
          "_timeout": 2000
        },
        {
          "uuid": "7f9ac82a-17b4-4686-9b5c-32957904f6ee",
          "title": "5 - Faça com que cada elemento do quadro de pixels possua 40 pixels de largura, 40 pixels de altura e seja delimitado por uma borda preta de 1 pixel.",
          "fullFile": "",
          "file": "",
          "beforeHooks": [],
          "afterHooks": [],
          "tests": [
            {
              "title": "Verifica se o quadro de pixels tem altura e comprimento de 5 elementos",
              "fullTitle": "5 - Faça com que cada elemento do quadro de pixels possua 40 pixels de largura, 40 pixels de altura e seja delimitado por uma borda preta de 1 pixel. Verifica se o quadro de pixels tem altura e comprimento de 5 elementos",
              "timedOut": null,
              "duration": 489,
              "state": "passed",
              "speed": "slow",
              "pass": true,
              "fail": false,
              "pending": false,
              "context": null,
              "code": "cy.get('.pixel').should('have.length', 25).each(function (pixel) {\n  expect(pixel).to.have.css('background-color', WHITE);\n}).and(function (pixels) {\n  var rows = chunk(pixels, 5);\n  rows.forEach(function (row) {\n    for (var index = 1; index < row.length; index += 1) {\n      var current = pixels[index];\n      var previous = pixels[index - 1];\n      cy.wrap(current).should('be.onTheRightOf', previous).and('be.horizontallyAlignedWith', previous);\n    }\n  });\n  for (var index = 1; index < 5; index += 1) {\n    expect(pixels[index * 5]).to.be.belowOf(pixels[(index - 1) * 5]);\n  }\n});",
              "err": {},
              "uuid": "9ac9ea6c-b7fe-42fd-a52c-2e7a21690caa",
              "parentUUID": "7f9ac82a-17b4-4686-9b5c-32957904f6ee",
              "isHook": false,
              "skipped": false
            },
            {
              "title": "Verifica se 40 pixels é o tamanho total do elemento, incluindo seu conteúdo e excluindo a borda preta, que deve ser criada à parte.",
              "fullTitle": "5 - Faça com que cada elemento do quadro de pixels possua 40 pixels de largura, 40 pixels de altura e seja delimitado por uma borda preta de 1 pixel. Verifica se 40 pixels é o tamanho total do elemento, incluindo seu conteúdo e excluindo a borda preta, que deve ser criada à parte.",
              "timedOut": null,
              "duration": 486,
              "state": "passed",
              "speed": "slow",
              "pass": true,
              "fail": false,
              "pending": false,
              "context": null,
              "code": "cy.get('.pixel').each(function (pixel) {\n  cy.wrap(pixel).should('have.css', 'height', '40px').and('have.css', 'width', '40px').and('have.css', 'border', \"1px solid \".concat(BLACK));\n});",
              "err": {},
              "uuid": "2a6d4c16-68b9-4635-9853-5b7adc033749",
              "parentUUID": "7f9ac82a-17b4-4686-9b5c-32957904f6ee",
              "isHook": false,
              "skipped": false
            }
          ],
          "suites": [],
          "passes": [
            "9ac9ea6c-b7fe-42fd-a52c-2e7a21690caa",
            "2a6d4c16-68b9-4635-9853-5b7adc033749"
          ],
          "failures": [],
          "pending": [],
          "skipped": [],
          "duration": 975,
          "root": false,
          "rootEmpty": false,
          "_timeout": 2000
        },
        {
          "uuid": "a5eca361-d438-44c7-a124-5cc70cd7ab22",
          "title": "6 - Defina a cor preta como cor inicial. Ao carregar a página a cor preta já deve estar selecionada para pintar os pixels",
          "fullFile": "",
          "file": "",
          "beforeHooks": [],
          "afterHooks": [],
          "tests": [
            {
              "title": "Verifica se o elemento da cor preta possui, inicialmente, a `classe` `selected`",
              "fullTitle": "6 - Defina a cor preta como cor inicial. Ao carregar a página a cor preta já deve estar selecionada para pintar os pixels Verifica se o elemento da cor preta possui, inicialmente, a `classe` `selected`",
              "timedOut": null,
              "duration": 204,
              "state": "passed",
              "speed": "slow",
              "pass": true,
              "fail": false,
              "pending": false,
              "context": null,
              "code": "cy.get('.selected').first().should('have.css', 'background-color', BLACK);",
              "err": {},
              "uuid": "0775a1d3-4836-44d0-95f1-5a9225231ff4",
              "parentUUID": "a5eca361-d438-44c7-a124-5cc70cd7ab22",
              "isHook": false,
              "skipped": false
            },
            {
              "title": "Verifica se nenhuma outra cor da paleta tem a `classe` `selected`",
              "fullTitle": "6 - Defina a cor preta como cor inicial. Ao carregar a página a cor preta já deve estar selecionada para pintar os pixels Verifica se nenhuma outra cor da paleta tem a `classe` `selected`",
              "timedOut": null,
              "duration": 128,
              "state": "passed",
              "speed": "slow",
              "pass": true,
              "fail": false,
              "pending": false,
              "context": null,
              "code": "cy.get('.color:not(:first-child)').each(function (color) {\n  cy.wrap(color).should('not.have.class', 'selected');\n});",
              "err": {},
              "uuid": "5028e088-6091-48a7-9b9f-808f351279e4",
              "parentUUID": "a5eca361-d438-44c7-a124-5cc70cd7ab22",
              "isHook": false,
              "skipped": false
            }
          ],
          "suites": [],
          "passes": [
            "0775a1d3-4836-44d0-95f1-5a9225231ff4",
            "5028e088-6091-48a7-9b9f-808f351279e4"
          ],
          "failures": [],
          "pending": [],
          "skipped": [],
          "duration": 332,
          "root": false,
          "rootEmpty": false,
          "_timeout": 2000
        },
        {
          "uuid": "64fe989d-5160-461f-a44d-8c24c0f870ce",
          "title": "7 - Clicar em uma das cores da paleta, faz com que ela seja selecionada e utilizada para preencher os pixels no quadro.",
          "fullFile": "",
          "file": "",
          "beforeHooks": [],
          "afterHooks": [],
          "tests": [
            {
              "title": "Verifica se somente uma cor da paleta de cores tem a classe `selected` de cada vez",
              "fullTitle": "7 - Clicar em uma das cores da paleta, faz com que ela seja selecionada e utilizada para preencher os pixels no quadro. Verifica se somente uma cor da paleta de cores tem a classe `selected` de cada vez",
              "timedOut": null,
              "duration": 634,
              "state": "passed",
              "speed": "slow",
              "pass": true,
              "fail": false,
              "pending": false,
              "context": null,
              "code": "cy.get('.color').each(function (selectedColor, selectedColorIndex) {\n  cy.wrap(selectedColor).click();\n  cy.get('.color').each(function (color, colorIndex) {\n    if (colorIndex === selectedColorIndex) {\n      expect(color).to.have[\"class\"]('selected');\n    } else {\n      expect(color).not.to.have[\"class\"]('selected');\n    }\n  });\n});",
              "err": {},
              "uuid": "289a9c1c-0140-4632-93cc-63988c054b45",
              "parentUUID": "64fe989d-5160-461f-a44d-8c24c0f870ce",
              "isHook": false,
              "skipped": false
            },
            {
              "title": "Verifica se os pixels dentro do quadro não têm a classe `selected` quando são clicados",
              "fullTitle": "7 - Clicar em uma das cores da paleta, faz com que ela seja selecionada e utilizada para preencher os pixels no quadro. Verifica se os pixels dentro do quadro não têm a classe `selected` quando são clicados",
              "timedOut": null,
              "duration": 10170,
              "state": "passed",
              "speed": "slow",
              "pass": true,
              "fail": false,
              "pending": false,
              "context": null,
              "code": "cy.get('.color').each(function (color) {\n  var backgroundColor = color.css('background-color');\n  cy.wrap(color).click();\n  cy.get('.pixel').each(function (pixel) {\n    cy.wrap(pixel).click().should('not.have.class', 'selected');\n  });\n});",
              "err": {},
              "uuid": "cfb1a912-cf2c-4695-8a51-0c1ef48e77f2",
              "parentUUID": "64fe989d-5160-461f-a44d-8c24c0f870ce",
              "isHook": false,
              "skipped": false
            }
          ],
          "suites": [],
          "passes": [
            "289a9c1c-0140-4632-93cc-63988c054b45",
            "cfb1a912-cf2c-4695-8a51-0c1ef48e77f2"
          ],
          "failures": [],
          "pending": [],
          "skipped": [],
          "duration": 10804,
          "root": false,
          "rootEmpty": false,
          "_timeout": 2000
        },
        {
          "uuid": "e826088c-9259-476a-8297-59b65e60b2b8",
          "title": "8 - Clicar em um pixel dentro do quadro após selecionar uma cor na paleta, faz com que o pixel seja preenchido com a cor selecionada.",
          "fullFile": "",
          "file": "",
          "beforeHooks": [],
          "afterHooks": [],
          "tests": [
            {
              "title": "Verifica se ao carregar a página deve ser possível pintar os pixels de preto",
              "fullTitle": "8 - Clicar em um pixel dentro do quadro após selecionar uma cor na paleta, faz com que o pixel seja preenchido com a cor selecionada. Verifica se ao carregar a página deve ser possível pintar os pixels de preto",
              "timedOut": null,
              "duration": 4551,
              "state": "failed",
              "speed": null,
              "pass": false,
              "fail": true,
              "pending": false,
              "context": null,
              "code": "cy.get('.pixel').each(function (pixel) {\n  cy.wrap(pixel).click().should('have.css', 'background-color', BLACK);\n});",
              "err": {
                "message": "CypressError: Timed out retrying: expected '<div.pixel>' to have CSS property 'background-color' with the value 'rgb(0, 0, 0)', but the value was 'rgb(255, 255, 255)'",
                "estack": "CypressError: Timed out retrying: expected '<div.pixel>' to have CSS property 'background-color' with the value 'rgb(0, 0, 0)', but the value was 'rgb(255, 255, 255)'\n    at cypressErr (http://localhost:41895/__cypress/runner/cypress_runner.js:149934:9)\n    at throwErr (http://localhost:41895/__cypress/runner/cypress_runner.js:149867:11)\n    at Object.throwErrByPath (http://localhost:41895/__cypress/runner/cypress_runner.js:149915:3)\n    at retry (http://localhost:41895/__cypress/runner/cypress_runner.js:144197:19)\n    at onFailFn (http://localhost:41895/__cypress/runner/cypress_runner.js:132448:16)\n    at tryCatcher (http://localhost:41895/__cypress/runner/cypress_runner.js:167415:23)\n    at Promise._settlePromiseFromHandler (http://localhost:41895/__cypress/runner/cypress_runner.js:165351:31)\n    at Promise._settlePromise (http://localhost:41895/__cypress/runner/cypress_runner.js:165408:18)\n    at Promise._settlePromise0 (http://localhost:41895/__cypress/runner/cypress_runner.js:165453:10)\n    at Promise._settlePromises (http://localhost:41895/__cypress/runner/cypress_runner.js:165528:18)\n    at Async../node_modules/bluebird/js/release/async.js.Async._drainQueue (http://localhost:41895/__cypress/runner/cypress_runner.js:162140:16)\n    at Async../node_modules/bluebird/js/release/async.js.Async._drainQueues (http://localhost:41895/__cypress/runner/cypress_runner.js:162150:10)\n    at Async.drainQueues (http://localhost:41895/__cypress/runner/cypress_runner.js:162024:14)",
                "diff": null
              },
              "uuid": "a7723aff-777d-4b81-94c4-95b3fa7b411d",
              "parentUUID": "e826088c-9259-476a-8297-59b65e60b2b8",
              "isHook": false,
              "skipped": false
            },
            {
              "title": "Verifica se após selecionar uma outra cor na paleta, é possível pintar os pixels com essa cor",
              "fullTitle": "8 - Clicar em um pixel dentro do quadro após selecionar uma cor na paleta, faz com que o pixel seja preenchido com a cor selecionada. Verifica se após selecionar uma outra cor na paleta, é possível pintar os pixels com essa cor",
              "timedOut": null,
              "duration": 4930,
              "state": "failed",
              "speed": null,
              "pass": false,
              "fail": true,
              "pending": false,
              "context": null,
              "code": "cy.get('.color').each(function (color) {\n  var backgroundColor = color.css('background-color');\n  cy.wrap(color).click();\n  cy.get('.pixel').each(function (pixel) {\n    cy.wrap(pixel).click().should('have.css', 'background-color', backgroundColor);\n  });\n});",
              "err": {
                "message": "CypressError: Timed out retrying: expected '<div.pixel>' to have CSS property 'background-color' with the value 'rgb(0, 0, 0)', but the value was 'rgb(255, 255, 255)'",
                "estack": "CypressError: Timed out retrying: expected '<div.pixel>' to have CSS property 'background-color' with the value 'rgb(0, 0, 0)', but the value was 'rgb(255, 255, 255)'\n    at cypressErr (http://localhost:41895/__cypress/runner/cypress_runner.js:149934:9)\n    at throwErr (http://localhost:41895/__cypress/runner/cypress_runner.js:149867:11)\n    at Object.throwErrByPath (http://localhost:41895/__cypress/runner/cypress_runner.js:149915:3)\n    at retry (http://localhost:41895/__cypress/runner/cypress_runner.js:144197:19)\n    at onFailFn (http://localhost:41895/__cypress/runner/cypress_runner.js:132448:16)\n    at tryCatcher (http://localhost:41895/__cypress/runner/cypress_runner.js:167415:23)\n    at Promise._settlePromiseFromHandler (http://localhost:41895/__cypress/runner/cypress_runner.js:165351:31)\n    at Promise._settlePromise (http://localhost:41895/__cypress/runner/cypress_runner.js:165408:18)\n    at Promise._settlePromise0 (http://localhost:41895/__cypress/runner/cypress_runner.js:165453:10)\n    at Promise._settlePromises (http://localhost:41895/__cypress/runner/cypress_runner.js:165528:18)\n    at Async../node_modules/bluebird/js/release/async.js.Async._drainQueue (http://localhost:41895/__cypress/runner/cypress_runner.js:162140:16)\n    at Async../node_modules/bluebird/js/release/async.js.Async._drainQueues (http://localhost:41895/__cypress/runner/cypress_runner.js:162150:10)\n    at Async.drainQueues (http://localhost:41895/__cypress/runner/cypress_runner.js:162024:14)",
                "diff": null
              },
              "uuid": "8a790a9f-31d1-40a7-a4e8-6f194a5e4fd5",
              "parentUUID": "e826088c-9259-476a-8297-59b65e60b2b8",
              "isHook": false,
              "skipped": false
            },
            {
              "title": "Verifica se somente o pixel que foi clicado foi preenchido com a cor selecionada, sem influenciar na cor dos demais pixels.",
              "fullTitle": "8 - Clicar em um pixel dentro do quadro após selecionar uma cor na paleta, faz com que o pixel seja preenchido com a cor selecionada. Verifica se somente o pixel que foi clicado foi preenchido com a cor selecionada, sem influenciar na cor dos demais pixels.",
              "timedOut": null,
              "duration": 2499,
              "state": "passed",
              "speed": "slow",
              "pass": true,
              "fail": false,
              "pending": false,
              "context": null,
              "code": "var colorToPixelIndexMap = {\n  0: 6,\n  1: 8,\n  2: 16,\n  3: 18\n};\ncy.get('.color').each(function (color, index) {\n  cy.wrap(color).click();\n  var backgroundColor = color.css('background-color');\n  var clickedPixelIndex = colorToPixelIndexMap[index];\n  cy.get('.pixel').eq(clickedPixelIndex).click();\n  cy.get('.pixel').eq(clickedPixelIndex - 1).should('not.have.css', 'background-color', backgroundColor);\n  cy.get('.pixel').eq(clickedPixelIndex + 1).should('not.have.css', 'background-color', backgroundColor);\n  cy.get('.pixel').eq(clickedPixelIndex - 5).should('not.have.css', 'background-color', backgroundColor);\n  cy.get('.pixel').eq(clickedPixelIndex + 5).should('not.have.css', 'background-color', backgroundColor);\n  cy.get('.pixel').eq(clickedPixelIndex - 6).should('not.have.css', 'background-color', backgroundColor);\n  cy.get('.pixel').eq(clickedPixelIndex - 4).should('not.have.css', 'background-color', backgroundColor);\n  cy.get('.pixel').eq(clickedPixelIndex + 4).should('not.have.css', 'background-color', backgroundColor);\n  cy.get('.pixel').eq(clickedPixelIndex + 6).should('not.have.css', 'background-color', backgroundColor);\n});",
              "err": {},
              "uuid": "f2535d68-c88f-4d6d-bbef-c91e08a3b550",
              "parentUUID": "e826088c-9259-476a-8297-59b65e60b2b8",
              "isHook": false,
              "skipped": false
            }
          ],
          "suites": [],
          "passes": [
            "f2535d68-c88f-4d6d-bbef-c91e08a3b550"
          ],
          "failures": [
            "a7723aff-777d-4b81-94c4-95b3fa7b411d",
            "8a790a9f-31d1-40a7-a4e8-6f194a5e4fd5"
          ],
          "pending": [],
          "skipped": [],
          "duration": 11980,
          "root": false,
          "rootEmpty": false,
          "_timeout": 2000
        },
        {
          "uuid": "7e8cbefa-4ef1-466d-b4b9-43f8161b0688",
          "title": "9 - Crie um botão que, ao ser clicado, limpa o quadro preenchendo a cor de todos seus pixels com branco.",
          "fullFile": "",
          "file": "",
          "beforeHooks": [],
          "afterHooks": [],
          "tests": [
            {
              "title": "Verifica se o botão tem o `id` denominado `clear-board`",
              "fullTitle": "9 - Crie um botão que, ao ser clicado, limpa o quadro preenchendo a cor de todos seus pixels com branco. Verifica se o botão tem o `id` denominado `clear-board`",
              "timedOut": null,
              "duration": 4534,
              "state": "failed",
              "speed": null,
              "pass": false,
              "fail": true,
              "pending": false,
              "context": null,
              "code": "cy.get('#clear-board').should('be.visible');",
              "err": {
                "message": "CypressError: Timed out retrying: Expected to find element: '#clear-board', but never found it.",
                "estack": "CypressError: Timed out retrying: Expected to find element: '#clear-board', but never found it.\n    at cypressErr (http://localhost:41895/__cypress/runner/cypress_runner.js:149934:9)\n    at throwErr (http://localhost:41895/__cypress/runner/cypress_runner.js:149867:11)\n    at Object.throwErrByPath (http://localhost:41895/__cypress/runner/cypress_runner.js:149915:3)\n    at retry (http://localhost:41895/__cypress/runner/cypress_runner.js:144197:19)\n    at onFailFn (http://localhost:41895/__cypress/runner/cypress_runner.js:132448:16)\n    at tryCatcher (http://localhost:41895/__cypress/runner/cypress_runner.js:167415:23)\n    at Promise._settlePromiseFromHandler (http://localhost:41895/__cypress/runner/cypress_runner.js:165351:31)\n    at Promise._settlePromise (http://localhost:41895/__cypress/runner/cypress_runner.js:165408:18)\n    at Promise._settlePromise0 (http://localhost:41895/__cypress/runner/cypress_runner.js:165453:10)\n    at Promise._settlePromises (http://localhost:41895/__cypress/runner/cypress_runner.js:165528:18)\n    at Async../node_modules/bluebird/js/release/async.js.Async._drainQueue (http://localhost:41895/__cypress/runner/cypress_runner.js:162140:16)\n    at Async../node_modules/bluebird/js/release/async.js.Async._drainQueues (http://localhost:41895/__cypress/runner/cypress_runner.js:162150:10)\n    at Async.drainQueues (http://localhost:41895/__cypress/runner/cypress_runner.js:162024:14)",
                "diff": null
              },
              "uuid": "859f66b5-3bec-44df-be53-d45051feaecc",
              "parentUUID": "7e8cbefa-4ef1-466d-b4b9-43f8161b0688",
              "isHook": false,
              "skipped": false
            },
            {
              "title": "Verifica se o botão está posicionado entre a paleta de cores e o quadro de pixels",
              "fullTitle": "9 - Crie um botão que, ao ser clicado, limpa o quadro preenchendo a cor de todos seus pixels com branco. Verifica se o botão está posicionado entre a paleta de cores e o quadro de pixels",
              "timedOut": null,
              "duration": 4705,
              "state": "failed",
              "speed": null,
              "pass": false,
              "fail": true,
              "pending": false,
              "context": null,
              "code": "cy.get('#color-palette').then(function (palette) {\n  cy.get('#clear-board').should('be.belowOf', palette);\n});\ncy.get('#clear-board').then(function (clearBtn) {\n  cy.get('#pixel-board').should('be.belowOf', clearBtn);\n});",
              "err": {
                "message": "CypressError: Timed out retrying: Expected to find element: '#clear-board', but never found it.",
                "estack": "CypressError: Timed out retrying: Expected to find element: '#clear-board', but never found it.\n    at cypressErr (http://localhost:41895/__cypress/runner/cypress_runner.js:149934:9)\n    at throwErr (http://localhost:41895/__cypress/runner/cypress_runner.js:149867:11)\n    at Object.throwErrByPath (http://localhost:41895/__cypress/runner/cypress_runner.js:149915:3)\n    at retry (http://localhost:41895/__cypress/runner/cypress_runner.js:144197:19)\n    at onFailFn (http://localhost:41895/__cypress/runner/cypress_runner.js:132448:16)\n    at tryCatcher (http://localhost:41895/__cypress/runner/cypress_runner.js:167415:23)\n    at Promise._settlePromiseFromHandler (http://localhost:41895/__cypress/runner/cypress_runner.js:165351:31)\n    at Promise._settlePromise (http://localhost:41895/__cypress/runner/cypress_runner.js:165408:18)\n    at Promise._settlePromise0 (http://localhost:41895/__cypress/runner/cypress_runner.js:165453:10)\n    at Promise._settlePromises (http://localhost:41895/__cypress/runner/cypress_runner.js:165528:18)\n    at Async../node_modules/bluebird/js/release/async.js.Async._drainQueue (http://localhost:41895/__cypress/runner/cypress_runner.js:162140:16)\n    at Async../node_modules/bluebird/js/release/async.js.Async._drainQueues (http://localhost:41895/__cypress/runner/cypress_runner.js:162150:10)\n    at Async.drainQueues (http://localhost:41895/__cypress/runner/cypress_runner.js:162024:14)",
                "diff": null
              },
              "uuid": "d5573378-9f9e-4cff-b4f5-f7b621fa501d",
              "parentUUID": "7e8cbefa-4ef1-466d-b4b9-43f8161b0688",
              "isHook": false,
              "skipped": false
            },
            {
              "title": "Verifica se o texto do botão é 'Limpar'",
              "fullTitle": "9 - Crie um botão que, ao ser clicado, limpa o quadro preenchendo a cor de todos seus pixels com branco. Verifica se o texto do botão é 'Limpar'",
              "timedOut": null,
              "duration": 4755,
              "state": "failed",
              "speed": null,
              "pass": false,
              "fail": true,
              "pending": false,
              "context": null,
              "code": "cy.get('#clear-board').should('contain.text', 'Limpar');",
              "err": {
                "message": "CypressError: Timed out retrying: Expected to find element: '#clear-board', but never found it.",
                "estack": "CypressError: Timed out retrying: Expected to find element: '#clear-board', but never found it.\n    at cypressErr (http://localhost:41895/__cypress/runner/cypress_runner.js:149934:9)\n    at throwErr (http://localhost:41895/__cypress/runner/cypress_runner.js:149867:11)\n    at Object.throwErrByPath (http://localhost:41895/__cypress/runner/cypress_runner.js:149915:3)\n    at retry (http://localhost:41895/__cypress/runner/cypress_runner.js:144197:19)\n    at onFailFn (http://localhost:41895/__cypress/runner/cypress_runner.js:132448:16)\n    at tryCatcher (http://localhost:41895/__cypress/runner/cypress_runner.js:167415:23)\n    at Promise._settlePromiseFromHandler (http://localhost:41895/__cypress/runner/cypress_runner.js:165351:31)\n    at Promise._settlePromise (http://localhost:41895/__cypress/runner/cypress_runner.js:165408:18)\n    at Promise._settlePromise0 (http://localhost:41895/__cypress/runner/cypress_runner.js:165453:10)\n    at Promise._settlePromises (http://localhost:41895/__cypress/runner/cypress_runner.js:165528:18)\n    at Async../node_modules/bluebird/js/release/async.js.Async._drainQueue (http://localhost:41895/__cypress/runner/cypress_runner.js:162140:16)\n    at Async../node_modules/bluebird/js/release/async.js.Async._drainQueues (http://localhost:41895/__cypress/runner/cypress_runner.js:162150:10)\n    at Async.drainQueues (http://localhost:41895/__cypress/runner/cypress_runner.js:162024:14)",
                "diff": null
              },
              "uuid": "ad4b0bcf-c962-4253-8282-41a79e146803",
              "parentUUID": "7e8cbefa-4ef1-466d-b4b9-43f8161b0688",
              "isHook": false,
              "skipped": false
            },
            {
              "title": "Verifica se ao clicar no botão, o quadro de pixels é totalmente preenchido de branco",
              "fullTitle": "9 - Crie um botão que, ao ser clicado, limpa o quadro preenchendo a cor de todos seus pixels com branco. Verifica se ao clicar no botão, o quadro de pixels é totalmente preenchido de branco",
              "timedOut": null,
              "duration": 4901,
              "state": "failed",
              "speed": null,
              "pass": false,
              "fail": true,
              "pending": false,
              "context": null,
              "code": "cy.get('.color').eq(1).then(function (color) {\n  var backgroundColor = color.css('background-color');\n  cy.wrap(color).click();\n  cy.get('.pixel').each(function (pixel) {\n    cy.wrap(pixel).click().should('have.css', 'background-color', backgroundColor);\n  });\n});\ncy.get('#clear-board').click();\ncy.get('.pixel').each(function (pixel) {\n  cy.wrap(pixel).should('have.css', 'background-color', WHITE);\n});",
              "err": {
                "message": "CypressError: Timed out retrying: expected '<div.pixel>' to have CSS property 'background-color' with the value 'rgb(255, 0, 0)', but the value was 'rgb(255, 255, 255)'",
                "estack": "CypressError: Timed out retrying: expected '<div.pixel>' to have CSS property 'background-color' with the value 'rgb(255, 0, 0)', but the value was 'rgb(255, 255, 255)'\n    at cypressErr (http://localhost:41895/__cypress/runner/cypress_runner.js:149934:9)\n    at throwErr (http://localhost:41895/__cypress/runner/cypress_runner.js:149867:11)\n    at Object.throwErrByPath (http://localhost:41895/__cypress/runner/cypress_runner.js:149915:3)\n    at retry (http://localhost:41895/__cypress/runner/cypress_runner.js:144197:19)\n    at onFailFn (http://localhost:41895/__cypress/runner/cypress_runner.js:132448:16)\n    at tryCatcher (http://localhost:41895/__cypress/runner/cypress_runner.js:167415:23)\n    at Promise._settlePromiseFromHandler (http://localhost:41895/__cypress/runner/cypress_runner.js:165351:31)\n    at Promise._settlePromise (http://localhost:41895/__cypress/runner/cypress_runner.js:165408:18)\n    at Promise._settlePromise0 (http://localhost:41895/__cypress/runner/cypress_runner.js:165453:10)\n    at Promise._settlePromises (http://localhost:41895/__cypress/runner/cypress_runner.js:165528:18)\n    at Async../node_modules/bluebird/js/release/async.js.Async._drainQueue (http://localhost:41895/__cypress/runner/cypress_runner.js:162140:16)\n    at Async../node_modules/bluebird/js/release/async.js.Async._drainQueues (http://localhost:41895/__cypress/runner/cypress_runner.js:162150:10)\n    at Async.drainQueues (http://localhost:41895/__cypress/runner/cypress_runner.js:162024:14)",
                "diff": null
              },
              "uuid": "66b4b764-47c3-43c2-a20e-97af3cfe40d0",
              "parentUUID": "7e8cbefa-4ef1-466d-b4b9-43f8161b0688",
              "isHook": false,
              "skipped": false
            }
          ],
          "suites": [],
          "passes": [],
          "failures": [
            "859f66b5-3bec-44df-be53-d45051feaecc",
            "d5573378-9f9e-4cff-b4f5-f7b621fa501d",
            "ad4b0bcf-c962-4253-8282-41a79e146803",
            "66b4b764-47c3-43c2-a20e-97af3cfe40d0"
          ],
          "pending": [],
          "skipped": [],
          "duration": 18895,
          "root": false,
          "rootEmpty": false,
          "_timeout": 2000
        },
        {
          "uuid": "00eee1c4-0566-42a7-b9f1-701e9407aef1",
          "title": "10 - Faça o quadro de pixels ter seu tamanho definido pelo usuário.",
          "fullFile": "",
          "file": "",
          "beforeHooks": [],
          "afterHooks": [],
          "tests": [
            {
              "title": "Verifica se existe um input com o id `board-size`",
              "fullTitle": "10 - Faça o quadro de pixels ter seu tamanho definido pelo usuário. Verifica se existe um input com o id `board-size`",
              "timedOut": null,
              "duration": 4581,
              "state": "failed",
              "speed": null,
              "pass": false,
              "fail": true,
              "pending": false,
              "context": null,
              "code": "cy.get('#board-size').should('be.visible');",
              "err": {
                "message": "CypressError: Timed out retrying: Expected to find element: '#board-size', but never found it.",
                "estack": "CypressError: Timed out retrying: Expected to find element: '#board-size', but never found it.\n    at cypressErr (http://localhost:41895/__cypress/runner/cypress_runner.js:149934:9)\n    at throwErr (http://localhost:41895/__cypress/runner/cypress_runner.js:149867:11)\n    at Object.throwErrByPath (http://localhost:41895/__cypress/runner/cypress_runner.js:149915:3)\n    at retry (http://localhost:41895/__cypress/runner/cypress_runner.js:144197:19)\n    at onFailFn (http://localhost:41895/__cypress/runner/cypress_runner.js:132448:16)\n    at tryCatcher (http://localhost:41895/__cypress/runner/cypress_runner.js:167415:23)\n    at Promise._settlePromiseFromHandler (http://localhost:41895/__cypress/runner/cypress_runner.js:165351:31)\n    at Promise._settlePromise (http://localhost:41895/__cypress/runner/cypress_runner.js:165408:18)\n    at Promise._settlePromise0 (http://localhost:41895/__cypress/runner/cypress_runner.js:165453:10)\n    at Promise._settlePromises (http://localhost:41895/__cypress/runner/cypress_runner.js:165528:18)\n    at Async../node_modules/bluebird/js/release/async.js.Async._drainQueue (http://localhost:41895/__cypress/runner/cypress_runner.js:162140:16)\n    at Async../node_modules/bluebird/js/release/async.js.Async._drainQueues (http://localhost:41895/__cypress/runner/cypress_runner.js:162150:10)\n    at Async.drainQueues (http://localhost:41895/__cypress/runner/cypress_runner.js:162024:14)",
                "diff": null
              },
              "uuid": "e4d9feb9-e277-451d-a959-dd0bf4419da2",
              "parentUUID": "00eee1c4-0566-42a7-b9f1-701e9407aef1",
              "isHook": false,
              "skipped": false
            },
            {
              "title": "Verifica se existe um botão com o id `generate-board`",
              "fullTitle": "10 - Faça o quadro de pixels ter seu tamanho definido pelo usuário. Verifica se existe um botão com o id `generate-board`",
              "timedOut": null,
              "duration": 4771,
              "state": "failed",
              "speed": null,
              "pass": false,
              "fail": true,
              "pending": false,
              "context": null,
              "code": "cy.get('#generate-board').should('be.visible');",
              "err": {
                "message": "CypressError: Timed out retrying: Expected to find element: '#generate-board', but never found it.",
                "estack": "CypressError: Timed out retrying: Expected to find element: '#generate-board', but never found it.\n    at cypressErr (http://localhost:41895/__cypress/runner/cypress_runner.js:149934:9)\n    at throwErr (http://localhost:41895/__cypress/runner/cypress_runner.js:149867:11)\n    at Object.throwErrByPath (http://localhost:41895/__cypress/runner/cypress_runner.js:149915:3)\n    at retry (http://localhost:41895/__cypress/runner/cypress_runner.js:144197:19)\n    at onFailFn (http://localhost:41895/__cypress/runner/cypress_runner.js:132448:16)\n    at tryCatcher (http://localhost:41895/__cypress/runner/cypress_runner.js:167415:23)\n    at Promise._settlePromiseFromHandler (http://localhost:41895/__cypress/runner/cypress_runner.js:165351:31)\n    at Promise._settlePromise (http://localhost:41895/__cypress/runner/cypress_runner.js:165408:18)\n    at Promise._settlePromise0 (http://localhost:41895/__cypress/runner/cypress_runner.js:165453:10)\n    at Promise._settlePromises (http://localhost:41895/__cypress/runner/cypress_runner.js:165528:18)\n    at Async../node_modules/bluebird/js/release/async.js.Async._drainQueue (http://localhost:41895/__cypress/runner/cypress_runner.js:162140:16)\n    at Async../node_modules/bluebird/js/release/async.js.Async._drainQueues (http://localhost:41895/__cypress/runner/cypress_runner.js:162150:10)\n    at Async.drainQueues (http://localhost:41895/__cypress/runner/cypress_runner.js:162024:14)",
                "diff": null
              },
              "uuid": "1da578b9-a500-452f-97db-ada1a9cebb7c",
              "parentUUID": "00eee1c4-0566-42a7-b9f1-701e9407aef1",
              "isHook": false,
              "skipped": false
            },
            {
              "title": "Verifica se o input só aceita número maiores que zero. Essa restrição deve ser feita usando os atributos do elemento `input`",
              "fullTitle": "10 - Faça o quadro de pixels ter seu tamanho definido pelo usuário. Verifica se o input só aceita número maiores que zero. Essa restrição deve ser feita usando os atributos do elemento `input`",
              "timedOut": null,
              "duration": 4747,
              "state": "failed",
              "speed": null,
              "pass": false,
              "fail": true,
              "pending": false,
              "context": null,
              "code": "cy.get('#board-size[type=\\'number\\'][min=\\'1\\']');",
              "err": {
                "message": "CypressError: Timed out retrying: Expected to find element: '#board-size[type='number'][min='1']', but never found it.",
                "estack": "CypressError: Timed out retrying: Expected to find element: '#board-size[type='number'][min='1']', but never found it.\n    at cypressErr (http://localhost:41895/__cypress/runner/cypress_runner.js:149934:9)\n    at throwErr (http://localhost:41895/__cypress/runner/cypress_runner.js:149867:11)\n    at Object.throwErrByPath (http://localhost:41895/__cypress/runner/cypress_runner.js:149915:3)\n    at retry (http://localhost:41895/__cypress/runner/cypress_runner.js:144197:19)\n    at onFailFn (http://localhost:41895/__cypress/runner/cypress_runner.js:132448:16)\n    at tryCatcher (http://localhost:41895/__cypress/runner/cypress_runner.js:167415:23)\n    at Promise._settlePromiseFromHandler (http://localhost:41895/__cypress/runner/cypress_runner.js:165351:31)\n    at Promise._settlePromise (http://localhost:41895/__cypress/runner/cypress_runner.js:165408:18)\n    at Promise._settlePromise0 (http://localhost:41895/__cypress/runner/cypress_runner.js:165453:10)\n    at Promise._settlePromises (http://localhost:41895/__cypress/runner/cypress_runner.js:165528:18)\n    at Async../node_modules/bluebird/js/release/async.js.Async._drainQueue (http://localhost:41895/__cypress/runner/cypress_runner.js:162140:16)\n    at Async../node_modules/bluebird/js/release/async.js.Async._drainQueues (http://localhost:41895/__cypress/runner/cypress_runner.js:162150:10)\n    at Async.drainQueues (http://localhost:41895/__cypress/runner/cypress_runner.js:162024:14)",
                "diff": null
              },
              "uuid": "20852322-23dd-47a9-8821-b12befcbf52b",
              "parentUUID": "00eee1c4-0566-42a7-b9f1-701e9407aef1",
              "isHook": false,
              "skipped": false
            },
            {
              "title": "Verifica se o botão contém o texto 'VQV'",
              "fullTitle": "10 - Faça o quadro de pixels ter seu tamanho definido pelo usuário. Verifica se o botão contém o texto 'VQV'",
              "timedOut": null,
              "duration": 4708,
              "state": "failed",
              "speed": null,
              "pass": false,
              "fail": true,
              "pending": false,
              "context": null,
              "code": "cy.get('#generate-board').contains(/vqv/i);",
              "err": {
                "message": "CypressError: Timed out retrying: Expected to find element: '#generate-board', but never found it.",
                "estack": "CypressError: Timed out retrying: Expected to find element: '#generate-board', but never found it.\n    at cypressErr (http://localhost:41895/__cypress/runner/cypress_runner.js:149934:9)\n    at throwErr (http://localhost:41895/__cypress/runner/cypress_runner.js:149867:11)\n    at Object.throwErrByPath (http://localhost:41895/__cypress/runner/cypress_runner.js:149915:3)\n    at retry (http://localhost:41895/__cypress/runner/cypress_runner.js:144197:19)\n    at onFailFn (http://localhost:41895/__cypress/runner/cypress_runner.js:132448:16)\n    at tryCatcher (http://localhost:41895/__cypress/runner/cypress_runner.js:167415:23)\n    at Promise._settlePromiseFromHandler (http://localhost:41895/__cypress/runner/cypress_runner.js:165351:31)\n    at Promise._settlePromise (http://localhost:41895/__cypress/runner/cypress_runner.js:165408:18)\n    at Promise._settlePromise0 (http://localhost:41895/__cypress/runner/cypress_runner.js:165453:10)\n    at Promise._settlePromises (http://localhost:41895/__cypress/runner/cypress_runner.js:165528:18)\n    at Async../node_modules/bluebird/js/release/async.js.Async._drainQueue (http://localhost:41895/__cypress/runner/cypress_runner.js:162140:16)\n    at Async../node_modules/bluebird/js/release/async.js.Async._drainQueues (http://localhost:41895/__cypress/runner/cypress_runner.js:162150:10)\n    at Async.drainQueues (http://localhost:41895/__cypress/runner/cypress_runner.js:162024:14)",
                "diff": null
              },
              "uuid": "61e18d4f-220f-4b99-bb49-768e8925647c",
              "parentUUID": "00eee1c4-0566-42a7-b9f1-701e9407aef1",
              "isHook": false,
              "skipped": false
            },
            {
              "title": "Verifica se o input está posicionado entre a paleta de cores e o quadro de pixels",
              "fullTitle": "10 - Faça o quadro de pixels ter seu tamanho definido pelo usuário. Verifica se o input está posicionado entre a paleta de cores e o quadro de pixels",
              "timedOut": null,
              "duration": 4726,
              "state": "failed",
              "speed": null,
              "pass": false,
              "fail": true,
              "pending": false,
              "context": null,
              "code": "cy.get('#color-palette').then(function (palette) {\n  cy.get('#board-size').should('be.belowOf', palette);\n});\ncy.get('#board-size').then(function (palette) {\n  cy.get('#pixel-board').should('be.belowOf', palette);\n});",
              "err": {
                "message": "CypressError: Timed out retrying: Expected to find element: '#board-size', but never found it.",
                "estack": "CypressError: Timed out retrying: Expected to find element: '#board-size', but never found it.\n    at cypressErr (http://localhost:41895/__cypress/runner/cypress_runner.js:149934:9)\n    at throwErr (http://localhost:41895/__cypress/runner/cypress_runner.js:149867:11)\n    at Object.throwErrByPath (http://localhost:41895/__cypress/runner/cypress_runner.js:149915:3)\n    at retry (http://localhost:41895/__cypress/runner/cypress_runner.js:144197:19)\n    at onFailFn (http://localhost:41895/__cypress/runner/cypress_runner.js:132448:16)\n    at tryCatcher (http://localhost:41895/__cypress/runner/cypress_runner.js:167415:23)\n    at Promise._settlePromiseFromHandler (http://localhost:41895/__cypress/runner/cypress_runner.js:165351:31)\n    at Promise._settlePromise (http://localhost:41895/__cypress/runner/cypress_runner.js:165408:18)\n    at Promise._settlePromise0 (http://localhost:41895/__cypress/runner/cypress_runner.js:165453:10)\n    at Promise._settlePromises (http://localhost:41895/__cypress/runner/cypress_runner.js:165528:18)\n    at Async../node_modules/bluebird/js/release/async.js.Async._drainQueue (http://localhost:41895/__cypress/runner/cypress_runner.js:162140:16)\n    at Async../node_modules/bluebird/js/release/async.js.Async._drainQueues (http://localhost:41895/__cypress/runner/cypress_runner.js:162150:10)\n    at Async.drainQueues (http://localhost:41895/__cypress/runner/cypress_runner.js:162024:14)",
                "diff": null
              },
              "uuid": "53db77ee-95d6-472d-9d2f-e836bb7c87fa",
              "parentUUID": "00eee1c4-0566-42a7-b9f1-701e9407aef1",
              "isHook": false,
              "skipped": false
            },
            {
              "title": "Verifica se o botão está posicionado ao lado do input",
              "fullTitle": "10 - Faça o quadro de pixels ter seu tamanho definido pelo usuário. Verifica se o botão está posicionado ao lado do input",
              "timedOut": null,
              "duration": 4662,
              "state": "failed",
              "speed": null,
              "pass": false,
              "fail": true,
              "pending": false,
              "context": null,
              "code": "cy.get('#board-size').then(function (board) {\n  cy.get('#generate-board').should('be.onTheRightOf', board);\n});",
              "err": {
                "message": "CypressError: Timed out retrying: Expected to find element: '#board-size', but never found it.",
                "estack": "CypressError: Timed out retrying: Expected to find element: '#board-size', but never found it.\n    at cypressErr (http://localhost:41895/__cypress/runner/cypress_runner.js:149934:9)\n    at throwErr (http://localhost:41895/__cypress/runner/cypress_runner.js:149867:11)\n    at Object.throwErrByPath (http://localhost:41895/__cypress/runner/cypress_runner.js:149915:3)\n    at retry (http://localhost:41895/__cypress/runner/cypress_runner.js:144197:19)\n    at onFailFn (http://localhost:41895/__cypress/runner/cypress_runner.js:132448:16)\n    at tryCatcher (http://localhost:41895/__cypress/runner/cypress_runner.js:167415:23)\n    at Promise._settlePromiseFromHandler (http://localhost:41895/__cypress/runner/cypress_runner.js:165351:31)\n    at Promise._settlePromise (http://localhost:41895/__cypress/runner/cypress_runner.js:165408:18)\n    at Promise._settlePromise0 (http://localhost:41895/__cypress/runner/cypress_runner.js:165453:10)\n    at Promise._settlePromises (http://localhost:41895/__cypress/runner/cypress_runner.js:165528:18)\n    at Async../node_modules/bluebird/js/release/async.js.Async._drainQueue (http://localhost:41895/__cypress/runner/cypress_runner.js:162140:16)\n    at Async../node_modules/bluebird/js/release/async.js.Async._drainQueues (http://localhost:41895/__cypress/runner/cypress_runner.js:162150:10)\n    at Async.drainQueues (http://localhost:41895/__cypress/runner/cypress_runner.js:162024:14)",
                "diff": null
              },
              "uuid": "58c606e0-e2bb-4fb8-a032-9109a1f5e3fb",
              "parentUUID": "00eee1c4-0566-42a7-b9f1-701e9407aef1",
              "isHook": false,
              "skipped": false
            },
            {
              "title": "Verifica se nenhum valor for colocado no input ao clicar no botão, um `alert` é exibido com o texto: 'Board inválido!'",
              "fullTitle": "10 - Faça o quadro de pixels ter seu tamanho definido pelo usuário. Verifica se nenhum valor for colocado no input ao clicar no botão, um `alert` é exibido com o texto: 'Board inválido!'",
              "timedOut": null,
              "duration": 4696,
              "state": "failed",
              "speed": null,
              "pass": false,
              "fail": true,
              "pending": false,
              "context": null,
              "code": "var alerted = false;\ncy.on('window:alert', function (msg) {\n  return alerted = msg;\n});\ncy.get('#generate-board').click().then(function () {\n  return expect(alerted).to.match(/Board inválido!/i);\n});",
              "err": {
                "message": "CypressError: Timed out retrying: Expected to find element: '#generate-board', but never found it.",
                "estack": "CypressError: Timed out retrying: Expected to find element: '#generate-board', but never found it.\n    at cypressErr (http://localhost:41895/__cypress/runner/cypress_runner.js:149934:9)\n    at throwErr (http://localhost:41895/__cypress/runner/cypress_runner.js:149867:11)\n    at Object.throwErrByPath (http://localhost:41895/__cypress/runner/cypress_runner.js:149915:3)\n    at retry (http://localhost:41895/__cypress/runner/cypress_runner.js:144197:19)\n    at onFailFn (http://localhost:41895/__cypress/runner/cypress_runner.js:132448:16)\n    at tryCatcher (http://localhost:41895/__cypress/runner/cypress_runner.js:167415:23)\n    at Promise._settlePromiseFromHandler (http://localhost:41895/__cypress/runner/cypress_runner.js:165351:31)\n    at Promise._settlePromise (http://localhost:41895/__cypress/runner/cypress_runner.js:165408:18)\n    at Promise._settlePromise0 (http://localhost:41895/__cypress/runner/cypress_runner.js:165453:10)\n    at Promise._settlePromises (http://localhost:41895/__cypress/runner/cypress_runner.js:165528:18)\n    at Async../node_modules/bluebird/js/release/async.js.Async._drainQueue (http://localhost:41895/__cypress/runner/cypress_runner.js:162140:16)\n    at Async../node_modules/bluebird/js/release/async.js.Async._drainQueues (http://localhost:41895/__cypress/runner/cypress_runner.js:162150:10)\n    at Async.drainQueues (http://localhost:41895/__cypress/runner/cypress_runner.js:162024:14)",
                "diff": null
              },
              "uuid": "ce2f7ed9-90a5-4f09-984a-84d5c602e12c",
              "parentUUID": "00eee1c4-0566-42a7-b9f1-701e9407aef1",
              "isHook": false,
              "skipped": false
            },
            {
              "title": "Verifica se ao clicar no botão com um valor preenchido, o tamanho do board muda.",
              "fullTitle": "10 - Faça o quadro de pixels ter seu tamanho definido pelo usuário. Verifica se ao clicar no botão com um valor preenchido, o tamanho do board muda.",
              "timedOut": null,
              "duration": 4799,
              "state": "failed",
              "speed": null,
              "pass": false,
              "fail": true,
              "pending": false,
              "context": null,
              "code": "cy.get('#board-size').clear().type(10);\ncy.get('#generate-board').click();\ncy.get('.pixel').should('have.length', 100);",
              "err": {
                "message": "CypressError: Timed out retrying: Expected to find element: '#board-size', but never found it.",
                "estack": "CypressError: Timed out retrying: Expected to find element: '#board-size', but never found it.\n    at cypressErr (http://localhost:41895/__cypress/runner/cypress_runner.js:149934:9)\n    at throwErr (http://localhost:41895/__cypress/runner/cypress_runner.js:149867:11)\n    at Object.throwErrByPath (http://localhost:41895/__cypress/runner/cypress_runner.js:149915:3)\n    at retry (http://localhost:41895/__cypress/runner/cypress_runner.js:144197:19)\n    at onFailFn (http://localhost:41895/__cypress/runner/cypress_runner.js:132448:16)\n    at tryCatcher (http://localhost:41895/__cypress/runner/cypress_runner.js:167415:23)\n    at Promise._settlePromiseFromHandler (http://localhost:41895/__cypress/runner/cypress_runner.js:165351:31)\n    at Promise._settlePromise (http://localhost:41895/__cypress/runner/cypress_runner.js:165408:18)\n    at Promise._settlePromise0 (http://localhost:41895/__cypress/runner/cypress_runner.js:165453:10)\n    at Promise._settlePromises (http://localhost:41895/__cypress/runner/cypress_runner.js:165528:18)\n    at Async../node_modules/bluebird/js/release/async.js.Async._drainQueue (http://localhost:41895/__cypress/runner/cypress_runner.js:162140:16)\n    at Async../node_modules/bluebird/js/release/async.js.Async._drainQueues (http://localhost:41895/__cypress/runner/cypress_runner.js:162150:10)\n    at Async.drainQueues (http://localhost:41895/__cypress/runner/cypress_runner.js:162024:14)",
                "diff": null
              },
              "uuid": "06706f63-3974-4aee-ac90-5daddc2de3dc",
              "parentUUID": "00eee1c4-0566-42a7-b9f1-701e9407aef1",
              "isHook": false,
              "skipped": false
            },
            {
              "title": "Verifica se o novo quadro tem todos os pixels preenchidos com a cor branca",
              "fullTitle": "10 - Faça o quadro de pixels ter seu tamanho definido pelo usuário. Verifica se o novo quadro tem todos os pixels preenchidos com a cor branca",
              "timedOut": null,
              "duration": 4805,
              "state": "failed",
              "speed": null,
              "pass": false,
              "fail": true,
              "pending": false,
              "context": null,
              "code": "cy.get('#board-size').clear().type(6);\ncy.get('#generate-board').click();\ncy.get('.pixel').should('have.length', 36).each(function (pixel) {\n  expect(pixel).to.have.css('background-color', WHITE);\n});",
              "err": {
                "message": "CypressError: Timed out retrying: Expected to find element: '#board-size', but never found it.",
                "estack": "CypressError: Timed out retrying: Expected to find element: '#board-size', but never found it.\n    at cypressErr (http://localhost:41895/__cypress/runner/cypress_runner.js:149934:9)\n    at throwErr (http://localhost:41895/__cypress/runner/cypress_runner.js:149867:11)\n    at Object.throwErrByPath (http://localhost:41895/__cypress/runner/cypress_runner.js:149915:3)\n    at retry (http://localhost:41895/__cypress/runner/cypress_runner.js:144197:19)\n    at onFailFn (http://localhost:41895/__cypress/runner/cypress_runner.js:132448:16)\n    at tryCatcher (http://localhost:41895/__cypress/runner/cypress_runner.js:167415:23)\n    at Promise._settlePromiseFromHandler (http://localhost:41895/__cypress/runner/cypress_runner.js:165351:31)\n    at Promise._settlePromise (http://localhost:41895/__cypress/runner/cypress_runner.js:165408:18)\n    at Promise._settlePromise0 (http://localhost:41895/__cypress/runner/cypress_runner.js:165453:10)\n    at Promise._settlePromises (http://localhost:41895/__cypress/runner/cypress_runner.js:165528:18)\n    at Async../node_modules/bluebird/js/release/async.js.Async._drainQueue (http://localhost:41895/__cypress/runner/cypress_runner.js:162140:16)\n    at Async../node_modules/bluebird/js/release/async.js.Async._drainQueues (http://localhost:41895/__cypress/runner/cypress_runner.js:162150:10)\n    at Async.drainQueues (http://localhost:41895/__cypress/runner/cypress_runner.js:162024:14)",
                "diff": null
              },
              "uuid": "98ef0650-f7eb-4d21-97bf-176a4b7e0f3b",
              "parentUUID": "00eee1c4-0566-42a7-b9f1-701e9407aef1",
              "isHook": false,
              "skipped": false
            }
          ],
          "suites": [],
          "passes": [],
          "failures": [
            "e4d9feb9-e277-451d-a959-dd0bf4419da2",
            "1da578b9-a500-452f-97db-ada1a9cebb7c",
            "20852322-23dd-47a9-8821-b12befcbf52b",
            "61e18d4f-220f-4b99-bb49-768e8925647c",
            "53db77ee-95d6-472d-9d2f-e836bb7c87fa",
            "58c606e0-e2bb-4fb8-a032-9109a1f5e3fb",
            "ce2f7ed9-90a5-4f09-984a-84d5c602e12c",
            "06706f63-3974-4aee-ac90-5daddc2de3dc",
            "98ef0650-f7eb-4d21-97bf-176a4b7e0f3b"
          ],
          "pending": [],
          "skipped": [],
          "duration": 42495,
          "root": false,
          "rootEmpty": false,
          "_timeout": 2000
        },
        {
          "uuid": "cf6ce442-1995-47f4-8409-9490993d7d29",
          "title": "11 - Limite o tamanho mínimo e máximo do board.",
          "fullFile": "",
          "file": "",
          "beforeHooks": [],
          "afterHooks": [],
          "tests": [
            {
              "title": "Verifica se a altura máxima do board é 50",
              "fullTitle": "11 - Limite o tamanho mínimo e máximo do board. Verifica se a altura máxima do board é 50",
              "timedOut": null,
              "duration": 4860,
              "state": "failed",
              "speed": null,
              "pass": false,
              "fail": true,
              "pending": false,
              "context": null,
              "code": "cy.get('#board-size').clear().type(50);\ncy.get('#generate-board').click();\ncy.get('.pixel').should('have.length', 2500);",
              "err": {
                "message": "CypressError: Timed out retrying: Expected to find element: '#board-size', but never found it.",
                "estack": "CypressError: Timed out retrying: Expected to find element: '#board-size', but never found it.\n    at cypressErr (http://localhost:41895/__cypress/runner/cypress_runner.js:149934:9)\n    at throwErr (http://localhost:41895/__cypress/runner/cypress_runner.js:149867:11)\n    at Object.throwErrByPath (http://localhost:41895/__cypress/runner/cypress_runner.js:149915:3)\n    at retry (http://localhost:41895/__cypress/runner/cypress_runner.js:144197:19)\n    at onFailFn (http://localhost:41895/__cypress/runner/cypress_runner.js:132448:16)\n    at tryCatcher (http://localhost:41895/__cypress/runner/cypress_runner.js:167415:23)\n    at Promise._settlePromiseFromHandler (http://localhost:41895/__cypress/runner/cypress_runner.js:165351:31)\n    at Promise._settlePromise (http://localhost:41895/__cypress/runner/cypress_runner.js:165408:18)\n    at Promise._settlePromise0 (http://localhost:41895/__cypress/runner/cypress_runner.js:165453:10)\n    at Promise._settlePromises (http://localhost:41895/__cypress/runner/cypress_runner.js:165528:18)\n    at Async../node_modules/bluebird/js/release/async.js.Async._drainQueue (http://localhost:41895/__cypress/runner/cypress_runner.js:162140:16)\n    at Async../node_modules/bluebird/js/release/async.js.Async._drainQueues (http://localhost:41895/__cypress/runner/cypress_runner.js:162150:10)\n    at Async.drainQueues (http://localhost:41895/__cypress/runner/cypress_runner.js:162024:14)",
                "diff": null
              },
              "uuid": "5d1c1448-76ed-4a7c-b94e-3956755cdf48",
              "parentUUID": "cf6ce442-1995-47f4-8409-9490993d7d29",
              "isHook": false,
              "skipped": false
            },
            {
              "title": "Verifica se a altura do board é 5 quando um valor menor é colocado no input",
              "fullTitle": "11 - Limite o tamanho mínimo e máximo do board. Verifica se a altura do board é 5 quando um valor menor é colocado no input",
              "timedOut": null,
              "duration": 4802,
              "state": "failed",
              "speed": null,
              "pass": false,
              "fail": true,
              "pending": false,
              "context": null,
              "code": "cy.get('#board-size').clear().type(4);\ncy.get('#generate-board').click();\ncy.get('.pixel').should('have.length', 25);",
              "err": {
                "message": "CypressError: Timed out retrying: Expected to find element: '#board-size', but never found it.",
                "estack": "CypressError: Timed out retrying: Expected to find element: '#board-size', but never found it.\n    at cypressErr (http://localhost:41895/__cypress/runner/cypress_runner.js:149934:9)\n    at throwErr (http://localhost:41895/__cypress/runner/cypress_runner.js:149867:11)\n    at Object.throwErrByPath (http://localhost:41895/__cypress/runner/cypress_runner.js:149915:3)\n    at retry (http://localhost:41895/__cypress/runner/cypress_runner.js:144197:19)\n    at onFailFn (http://localhost:41895/__cypress/runner/cypress_runner.js:132448:16)\n    at tryCatcher (http://localhost:41895/__cypress/runner/cypress_runner.js:167415:23)\n    at Promise._settlePromiseFromHandler (http://localhost:41895/__cypress/runner/cypress_runner.js:165351:31)\n    at Promise._settlePromise (http://localhost:41895/__cypress/runner/cypress_runner.js:165408:18)\n    at Promise._settlePromise0 (http://localhost:41895/__cypress/runner/cypress_runner.js:165453:10)\n    at Promise._settlePromises (http://localhost:41895/__cypress/runner/cypress_runner.js:165528:18)\n    at Async../node_modules/bluebird/js/release/async.js.Async._drainQueue (http://localhost:41895/__cypress/runner/cypress_runner.js:162140:16)\n    at Async../node_modules/bluebird/js/release/async.js.Async._drainQueues (http://localhost:41895/__cypress/runner/cypress_runner.js:162150:10)\n    at Async.drainQueues (http://localhost:41895/__cypress/runner/cypress_runner.js:162024:14)",
                "diff": null
              },
              "uuid": "d3f22722-f957-4596-a220-f4d7146cc1fe",
              "parentUUID": "cf6ce442-1995-47f4-8409-9490993d7d29",
              "isHook": false,
              "skipped": false
            },
            {
              "title": "Verifica se a altura do board é 50 quando um valor maior é colocado no input",
              "fullTitle": "11 - Limite o tamanho mínimo e máximo do board. Verifica se a altura do board é 50 quando um valor maior é colocado no input",
              "timedOut": null,
              "duration": 4661,
              "state": "failed",
              "speed": null,
              "pass": false,
              "fail": true,
              "pending": false,
              "context": null,
              "code": "cy.get('#board-size').clear().type(51);\ncy.get('#generate-board').click();\ncy.get('.pixel').should('have.length', 2500);",
              "err": {
                "message": "CypressError: Timed out retrying: Expected to find element: '#board-size', but never found it.",
                "estack": "CypressError: Timed out retrying: Expected to find element: '#board-size', but never found it.\n    at cypressErr (http://localhost:41895/__cypress/runner/cypress_runner.js:149934:9)\n    at throwErr (http://localhost:41895/__cypress/runner/cypress_runner.js:149867:11)\n    at Object.throwErrByPath (http://localhost:41895/__cypress/runner/cypress_runner.js:149915:3)\n    at retry (http://localhost:41895/__cypress/runner/cypress_runner.js:144197:19)\n    at onFailFn (http://localhost:41895/__cypress/runner/cypress_runner.js:132448:16)\n    at tryCatcher (http://localhost:41895/__cypress/runner/cypress_runner.js:167415:23)\n    at Promise._settlePromiseFromHandler (http://localhost:41895/__cypress/runner/cypress_runner.js:165351:31)\n    at Promise._settlePromise (http://localhost:41895/__cypress/runner/cypress_runner.js:165408:18)\n    at Promise._settlePromise0 (http://localhost:41895/__cypress/runner/cypress_runner.js:165453:10)\n    at Promise._settlePromises (http://localhost:41895/__cypress/runner/cypress_runner.js:165528:18)\n    at Async../node_modules/bluebird/js/release/async.js.Async._drainQueue (http://localhost:41895/__cypress/runner/cypress_runner.js:162140:16)\n    at Async../node_modules/bluebird/js/release/async.js.Async._drainQueues (http://localhost:41895/__cypress/runner/cypress_runner.js:162150:10)\n    at Async.drainQueues (http://localhost:41895/__cypress/runner/cypress_runner.js:162024:14)",
                "diff": null
              },
              "uuid": "b0a1b833-7404-475a-93ad-faa6b4d3aa5d",
              "parentUUID": "cf6ce442-1995-47f4-8409-9490993d7d29",
              "isHook": false,
              "skipped": false
            }
          ],
          "suites": [],
          "passes": [],
          "failures": [
            "5d1c1448-76ed-4a7c-b94e-3956755cdf48",
            "d3f22722-f957-4596-a220-f4d7146cc1fe",
            "b0a1b833-7404-475a-93ad-faa6b4d3aa5d"
          ],
          "pending": [],
          "skipped": [],
          "duration": 14323,
          "root": false,
          "rootEmpty": false,
          "_timeout": 2000
        },
        {
          "uuid": "6090ffc5-8c56-47c5-ad84-aaaabf0011a0",
          "title": "12 - Faça com que as cores da paleta sejam geradas aleatoriamente ao carregar a página.",
          "fullFile": "",
          "file": "",
          "beforeHooks": [],
          "afterHooks": [],
          "tests": [
            {
              "title": "Verifica se as cores geradas na paleta são diferentes a cada carregamento da página",
              "fullTitle": "12 - Faça com que as cores da paleta sejam geradas aleatoriamente ao carregar a página. Verifica se as cores geradas na paleta são diferentes a cada carregamento da página",
              "timedOut": null,
              "duration": 908,
              "state": "failed",
              "speed": null,
              "pass": false,
              "fail": true,
              "pending": false,
              "context": null,
              "code": "cy.get('.color').then(function (colors) {\n  var currentColors;\n  var previousColors;\n  previousColors = Array.from(colors).map(function (color) {\n    return Cypress.$(color).css('background-color');\n  });\n  for (var i = 0; i < 5; i += 1) {\n    cy.reload();\n    cy.get('.color').then(function (colors) {\n      currentColors = Array.from(colors).map(function (color) {\n        return Cypress.$(color).css('background-color');\n      });\n      expect(currentColors).not.to.deep.equal(previousColors);\n      previousColors = currentColors;\n    });\n  }\n});",
              "err": {
                "message": "AssertionError: expected [ Array(4) ] to not deeply equal [ Array(4) ]",
                "estack": "AssertionError: expected [ Array(4) ] to not deeply equal [ Array(4) ]\n    at getRet (http://localhost:41895/__cypress/runner/cypress_runner.js:136585:16)\n    at tryCatcher (http://localhost:41895/__cypress/runner/cypress_runner.js:167415:23)\n    at Function.Promise.attempt.Promise.try (http://localhost:41895/__cypress/runner/cypress_runner.js:164690:29)\n    at Context.thenFn (http://localhost:41895/__cypress/runner/cypress_runner.js:136599:23)\n    at Context.then (http://localhost:41895/__cypress/runner/cypress_runner.js:136971:21)\n    at Context.<anonymous> (http://localhost:41895/__cypress/runner/cypress_runner.js:148875:21)\n    at http://localhost:41895/__cypress/runner/cypress_runner.js:148351:33\n    at tryCatcher (http://localhost:41895/__cypress/runner/cypress_runner.js:167415:23)\n    at Promise._settlePromiseFromHandler (http://localhost:41895/__cypress/runner/cypress_runner.js:165351:31)\n    at Promise._settlePromise (http://localhost:41895/__cypress/runner/cypress_runner.js:165408:18)\n    at Promise._settlePromiseCtx (http://localhost:41895/__cypress/runner/cypress_runner.js:165445:10)\n    at Async../node_modules/bluebird/js/release/async.js.Async._drainQueue (http://localhost:41895/__cypress/runner/cypress_runner.js:162145:12)\n    at Async../node_modules/bluebird/js/release/async.js.Async._drainQueues (http://localhost:41895/__cypress/runner/cypress_runner.js:162150:10)\n    at Async.drainQueues (http://localhost:41895/__cypress/runner/cypress_runner.js:162024:14)",
                "diff": ""
              },
              "uuid": "64522806-07c4-4658-b47d-a4c7b45ec5a9",
              "parentUUID": "6090ffc5-8c56-47c5-ad84-aaaabf0011a0",
              "isHook": false,
              "skipped": false
            },
            {
              "title": "Verifica se a cor preta ainda está presente e é a primeira na sua paleta de cores",
              "fullTitle": "12 - Faça com que as cores da paleta sejam geradas aleatoriamente ao carregar a página. Verifica se a cor preta ainda está presente e é a primeira na sua paleta de cores",
              "timedOut": null,
              "duration": 737,
              "state": "failed",
              "speed": null,
              "pass": false,
              "fail": true,
              "pending": false,
              "context": null,
              "code": "cy.get('.color').then(function (colors) {\n  var currentColors;\n  var previousColors;\n  previousColors = Array.from(colors).map(function (color) {\n    return Cypress.$(color).css('background-color');\n  });\n  expect(previousColors[0]).to.eq(BLACK);\n  for (var i = 0; i < 5; i += 1) {\n    cy.reload();\n    cy.get('.color').then(function (colors) {\n      currentColors = Array.from(colors).map(function (color) {\n        return Cypress.$(color).css('background-color');\n      });\n      expect(currentColors[0]).to.eq(BLACK);\n      expect(currentColors).not.to.deep.equal(previousColors);\n      previousColors = currentColors;\n    });\n  }\n});",
              "err": {
                "message": "AssertionError: expected [ Array(4) ] to not deeply equal [ Array(4) ]",
                "estack": "AssertionError: expected [ Array(4) ] to not deeply equal [ Array(4) ]\n    at getRet (http://localhost:41895/__cypress/runner/cypress_runner.js:136585:16)\n    at tryCatcher (http://localhost:41895/__cypress/runner/cypress_runner.js:167415:23)\n    at Function.Promise.attempt.Promise.try (http://localhost:41895/__cypress/runner/cypress_runner.js:164690:29)\n    at Context.thenFn (http://localhost:41895/__cypress/runner/cypress_runner.js:136599:23)\n    at Context.then (http://localhost:41895/__cypress/runner/cypress_runner.js:136971:21)\n    at Context.<anonymous> (http://localhost:41895/__cypress/runner/cypress_runner.js:148875:21)\n    at http://localhost:41895/__cypress/runner/cypress_runner.js:148351:33\n    at tryCatcher (http://localhost:41895/__cypress/runner/cypress_runner.js:167415:23)\n    at Promise._settlePromiseFromHandler (http://localhost:41895/__cypress/runner/cypress_runner.js:165351:31)\n    at Promise._settlePromise (http://localhost:41895/__cypress/runner/cypress_runner.js:165408:18)\n    at Promise._settlePromiseCtx (http://localhost:41895/__cypress/runner/cypress_runner.js:165445:10)\n    at Async../node_modules/bluebird/js/release/async.js.Async._drainQueue (http://localhost:41895/__cypress/runner/cypress_runner.js:162145:12)\n    at Async../node_modules/bluebird/js/release/async.js.Async._drainQueues (http://localhost:41895/__cypress/runner/cypress_runner.js:162150:10)\n    at Async.drainQueues (http://localhost:41895/__cypress/runner/cypress_runner.js:162024:14)",
                "diff": ""
              },
              "uuid": "e2ced0b2-56f2-4eac-9f61-abac92001575",
              "parentUUID": "6090ffc5-8c56-47c5-ad84-aaaabf0011a0",
              "isHook": false,
              "skipped": false
            }
          ],
          "suites": [],
          "passes": [],
          "failures": [
            "64522806-07c4-4658-b47d-a4c7b45ec5a9",
            "e2ced0b2-56f2-4eac-9f61-abac92001575"
          ],
          "pending": [],
          "skipped": [],
          "duration": 1645,
          "root": false,
          "rootEmpty": false,
          "_timeout": 2000
        }
      ],
      "passes": [],
      "failures": [],
      "pending": [],
      "skipped": [],
      "duration": 0,
      "root": true,
      "rootEmpty": true,
      "_timeout": 2000
    }
  ],
  "meta": {
    "mocha": {
      "version": "7.0.1"
    },
    "mochawesome": {
      "options": {
        "quiet": false,
        "reportFilename": "mochawesome",
        "saveHtml": false,
        "saveJson": true,
        "consoleReporter": "spec",
        "useInlineDiffs": false
      },
      "version": "4.1.0"
    },
    "marge": {
      "options": {
        "id": "default",
        "reportDir": "cypress/reports",
        "overwrite": true,
        "html": false,
        "json": true
      },
      "version": "4.1.0"
    }
  }
}