{
  "stats": {
    "suites": 12,
    "tests": 41,
    "passes": 21,
    "pending": 0,
    "failures": 20,
    "start": "2022-07-04T21:57:40.506Z",
    "end": "2022-07-04T22:01:17.927Z",
    "duration": 217421,
    "testsRegistered": 41,
    "passPercent": 51.21951219512195,
    "pendingPercent": 0,
    "other": 0,
    "hasOther": false,
    "skipped": 0,
    "hasSkipped": false
  },
  "results": [
    {
      "uuid": "6d12d5e7-76c2-45de-8d97-8ef13903be06",
      "title": "",
      "fullFile": "cypress/integration/project.spec.js",
      "file": "cypress/integration/project.spec.js",
      "beforeHooks": [],
      "afterHooks": [],
      "tests": [],
      "suites": [
        {
          "uuid": "bdb47816-a92b-4dec-a23e-4017aad05eb7",
          "title": "1 - Adicione à página o título \"Paleta de Cores\".",
          "fullFile": "",
          "file": "",
          "beforeHooks": [],
          "afterHooks": [],
          "tests": [
            {
              "title": "Verifica se contém um elemento `h1` com o id `title` com o título correto",
              "fullTitle": "1 - Adicione à página o título \"Paleta de Cores\". Verifica se contém um elemento `h1` com o id `title` com o título correto",
              "timedOut": null,
              "duration": 2967,
              "state": "passed",
              "speed": "slow",
              "pass": true,
              "fail": false,
              "pending": false,
              "context": null,
              "code": "cy.get('h1#title').should('contain.text', 'Paleta de Cores');",
              "err": {},
              "uuid": "7094b9f5-5c6d-40b5-ba28-c0a33feba5f9",
              "parentUUID": "bdb47816-a92b-4dec-a23e-4017aad05eb7",
              "isHook": false,
              "skipped": false
            }
          ],
          "suites": [],
          "passes": [
            "7094b9f5-5c6d-40b5-ba28-c0a33feba5f9"
          ],
          "failures": [],
          "pending": [],
          "skipped": [],
          "duration": 2967,
          "root": false,
          "rootEmpty": false,
          "_timeout": 2000
        },
        {
          "uuid": "bae8c59f-114c-40d1-ab5a-8cc75f631a8a",
          "title": "2 - Adicione à página uma paleta de quatro cores distintas.",
          "fullFile": "",
          "file": "",
          "beforeHooks": [],
          "afterHooks": [],
          "tests": [
            {
              "title": "A paleta de cores deve ser um elemento com `id` denominado `color-palette` e ter mais de 0px de altura e de largura.",
              "fullTitle": "2 - Adicione à página uma paleta de quatro cores distintas. A paleta de cores deve ser um elemento com `id` denominado `color-palette` e ter mais de 0px de altura e de largura.",
              "timedOut": null,
              "duration": 1471,
              "state": "passed",
              "speed": "slow",
              "pass": true,
              "fail": false,
              "pending": false,
              "context": null,
              "code": "cy.get('#color-palette').should('be.visible');\ncy.get('#color-palette').children('.color');",
              "err": {},
              "uuid": "014e9828-8f30-4ea9-a1e7-ebb45f3eed55",
              "parentUUID": "bae8c59f-114c-40d1-ab5a-8cc75f631a8a",
              "isHook": false,
              "skipped": false
            },
            {
              "title": "Verifica se cada cor individual da paleta de cores possui a `classe` chamada `color`.",
              "fullTitle": "2 - Adicione à página uma paleta de quatro cores distintas. Verifica se cada cor individual da paleta de cores possui a `classe` chamada `color`.",
              "timedOut": null,
              "duration": 3417,
              "state": "passed",
              "speed": "slow",
              "pass": true,
              "fail": false,
              "pending": false,
              "context": null,
              "code": "cy.get('.color').should('have.length', 4).then(function (colors) {\n  for (var i = 0; i < colors.length; i++) {\n    cy.wrap(colors[i]).should('be.visible');\n  }\n});",
              "err": {},
              "uuid": "d4a46ef4-717d-4534-b61a-527401f9ef15",
              "parentUUID": "bae8c59f-114c-40d1-ab5a-8cc75f631a8a",
              "isHook": false,
              "skipped": false
            },
            {
              "title": "Verifica se a cor de fundo de cada elemento da paleta é a cor que o elemento representa. **A única cor não permitida na paleta é a cor branca.**",
              "fullTitle": "2 - Adicione à página uma paleta de quatro cores distintas. Verifica se a cor de fundo de cada elemento da paleta é a cor que o elemento representa. **A única cor não permitida na paleta é a cor branca.**",
              "timedOut": null,
              "duration": 6026,
              "state": "passed",
              "speed": "slow",
              "pass": true,
              "fail": false,
              "pending": false,
              "context": null,
              "code": "cy.get('.color').each(function (color) {\n  cy.wrap(color).should('have.class', 'color').and('not.have.css', 'background-color', WHITE);\n  cy.wrap(color).should('have.css', 'background-color');\n});",
              "err": {},
              "uuid": "6146bb3c-9a3a-49aa-af57-2bd1e4812c2f",
              "parentUUID": "bae8c59f-114c-40d1-ab5a-8cc75f631a8a",
              "isHook": false,
              "skipped": false
            },
            {
              "title": "Verifica se cada elemento da paleta de cores tem uma borda preta, sólida e com 1 pixel de largura;",
              "fullTitle": "2 - Adicione à página uma paleta de quatro cores distintas. Verifica se cada elemento da paleta de cores tem uma borda preta, sólida e com 1 pixel de largura;",
              "timedOut": null,
              "duration": 1251,
              "state": "passed",
              "speed": "slow",
              "pass": true,
              "fail": false,
              "pending": false,
              "context": null,
              "code": "cy.get('.color').each(function (color) {\n  cy.wrap(color).and('have.css', 'border', \"1px solid \".concat(BLACK)).and('have.class', 'color');\n});",
              "err": {},
              "uuid": "19ef8bf6-7a16-4fce-b19f-b44d7ebc5f7c",
              "parentUUID": "bae8c59f-114c-40d1-ab5a-8cc75f631a8a",
              "isHook": false,
              "skipped": false
            },
            {
              "title": "Verifica se a paleta lista todas as cores disponíveis para utilização, lado a lado.",
              "fullTitle": "2 - Adicione à página uma paleta de quatro cores distintas. Verifica se a paleta lista todas as cores disponíveis para utilização, lado a lado.",
              "timedOut": null,
              "duration": 1449,
              "state": "passed",
              "speed": "slow",
              "pass": true,
              "fail": false,
              "pending": false,
              "context": null,
              "code": "cy.get('.color').then(function (colors) {\n  for (var index = 1; index < colors.length; index += 1) {\n    var currentColor = colors[index];\n    var previousColor = colors[index - 1];\n    cy.wrap(currentColor).should('be.onTheRightOf', previousColor).and('be.horizontallyAlignedWith', previousColor);\n  }\n});",
              "err": {},
              "uuid": "c9cdcbf6-5f04-4982-8f87-32bfc3b801a3",
              "parentUUID": "bae8c59f-114c-40d1-ab5a-8cc75f631a8a",
              "isHook": false,
              "skipped": false
            },
            {
              "title": "Verifica se a paleta de cores está posicionada abaixo do título 'Paleta de Cores'",
              "fullTitle": "2 - Adicione à página uma paleta de quatro cores distintas. Verifica se a paleta de cores está posicionada abaixo do título 'Paleta de Cores'",
              "timedOut": null,
              "duration": 1005,
              "state": "passed",
              "speed": "slow",
              "pass": true,
              "fail": false,
              "pending": false,
              "context": null,
              "code": "cy.get('h1#title').then(function (title) {\n  cy.get('#color-palette').should('be.belowOf', title);\n});",
              "err": {},
              "uuid": "b2da87fd-c9e2-4e43-807c-0f7600f93189",
              "parentUUID": "bae8c59f-114c-40d1-ab5a-8cc75f631a8a",
              "isHook": false,
              "skipped": false
            },
            {
              "title": "Verifica se a paleta de cores não contém cores repetidas.",
              "fullTitle": "2 - Adicione à página uma paleta de quatro cores distintas. Verifica se a paleta de cores não contém cores repetidas.",
              "timedOut": null,
              "duration": 998,
              "state": "passed",
              "speed": "slow",
              "pass": true,
              "fail": false,
              "pending": false,
              "context": null,
              "code": "cy.get('.color').then(function (colors) {\n  var allColors = Array.from(colors).map(function (color) {\n    return Cypress.$(color).css('background-color');\n  });\n  cy.log(allColors);\n  var uniqColors = (0, _toConsumableArray2[\"default\"])(new Set(allColors));\n  cy.log(uniqColors);\n  expect(allColors.length).to.eq(uniqColors.length);\n});",
              "err": {},
              "uuid": "9c8ba332-1307-454d-89d1-61985a6ed31e",
              "parentUUID": "bae8c59f-114c-40d1-ab5a-8cc75f631a8a",
              "isHook": false,
              "skipped": false
            }
          ],
          "suites": [],
          "passes": [
            "014e9828-8f30-4ea9-a1e7-ebb45f3eed55",
            "d4a46ef4-717d-4534-b61a-527401f9ef15",
            "6146bb3c-9a3a-49aa-af57-2bd1e4812c2f",
            "19ef8bf6-7a16-4fce-b19f-b44d7ebc5f7c",
            "c9cdcbf6-5f04-4982-8f87-32bfc3b801a3",
            "b2da87fd-c9e2-4e43-807c-0f7600f93189",
            "9c8ba332-1307-454d-89d1-61985a6ed31e"
          ],
          "failures": [],
          "pending": [],
          "skipped": [],
          "duration": 15617,
          "root": false,
          "rootEmpty": false,
          "_timeout": 2000
        },
        {
          "uuid": "d4888101-a339-4575-ad16-4682ae24d317",
          "title": "3 - Adicione a cor **preta** como a primeira cor da paleta de cores.",
          "fullFile": "",
          "file": "",
          "beforeHooks": [],
          "afterHooks": [],
          "tests": [
            {
              "title": "Verifica se a primeira cor da paleta é preta",
              "fullTitle": "3 - Adicione a cor **preta** como a primeira cor da paleta de cores. Verifica se a primeira cor da paleta é preta",
              "timedOut": null,
              "duration": 968,
              "state": "passed",
              "speed": "slow",
              "pass": true,
              "fail": false,
              "pending": false,
              "context": null,
              "code": "cy.get('.color').first().should('have.css', 'background-color', BLACK);",
              "err": {},
              "uuid": "2303d17e-20ba-4503-a283-7a0d429b7314",
              "parentUUID": "d4888101-a339-4575-ad16-4682ae24d317",
              "isHook": false,
              "skipped": false
            },
            {
              "title": "Verifica se as demais cores podem ser escolhidas livremente.",
              "fullTitle": "3 - Adicione a cor **preta** como a primeira cor da paleta de cores. Verifica se as demais cores podem ser escolhidas livremente.",
              "timedOut": null,
              "duration": 1466,
              "state": "passed",
              "speed": "slow",
              "pass": true,
              "fail": false,
              "pending": false,
              "context": null,
              "code": "cy.get('.color').eq(1).should('not.have.css', 'background-color', BLACK);\ncy.get('.color').eq(1).should('not.have.css', 'background-color', WHITE);\ncy.get('.color').eq(1).should('not.have.css', 'background-color', 'rgba(0, 0, 0, 0)');\ncy.get('.color').eq(1).should('have.css', 'background-color');\ncy.get('.color').eq(2).should('not.have.css', 'background-color', BLACK);\ncy.get('.color').eq(2).should('not.have.css', 'background-color', WHITE);\ncy.get('.color').eq(2).should('not.have.css', 'background-color', 'rgba(0, 0, 0, 0)');\ncy.get('.color').eq(2).should('have.css', 'background-color');\ncy.get('.color').eq(3).should('not.have.css', 'background-color', BLACK);\ncy.get('.color').eq(3).should('not.have.css', 'background-color', WHITE);\ncy.get('.color').eq(3).should('not.have.css', 'background-color', 'rgba(0, 0, 0, 0)');\ncy.get('.color').eq(3).should('have.css', 'background-color');",
              "err": {},
              "uuid": "603306cb-754d-4ff5-a223-d1769dc1518b",
              "parentUUID": "d4888101-a339-4575-ad16-4682ae24d317",
              "isHook": false,
              "skipped": false
            }
          ],
          "suites": [],
          "passes": [
            "2303d17e-20ba-4503-a283-7a0d429b7314",
            "603306cb-754d-4ff5-a223-d1769dc1518b"
          ],
          "failures": [],
          "pending": [],
          "skipped": [],
          "duration": 2434,
          "root": false,
          "rootEmpty": false,
          "_timeout": 2000
        },
        {
          "uuid": "c5ecb440-3c7f-4c10-a575-77fc5bc00a9a",
          "title": "4 - Adicione à página um quadro de pixels, com 25 pixels.",
          "fullFile": "",
          "file": "",
          "beforeHooks": [],
          "afterHooks": [],
          "tests": [
            {
              "title": "Verifica se o quadro de pixels possui o `id` denominado `pixel-board`",
              "fullTitle": "4 - Adicione à página um quadro de pixels, com 25 pixels. Verifica se o quadro de pixels possui o `id` denominado `pixel-board`",
              "timedOut": null,
              "duration": 825,
              "state": "passed",
              "speed": "slow",
              "pass": true,
              "fail": false,
              "pending": false,
              "context": null,
              "code": "cy.get('#pixel-board').should('be.visible');",
              "err": {},
              "uuid": "9062bb70-df13-4cdf-9273-e6ffe6ee0dca",
              "parentUUID": "c5ecb440-3c7f-4c10-a575-77fc5bc00a9a",
              "isHook": false,
              "skipped": false
            },
            {
              "title": "Verifica se cada pixel individual dentro do quadro possui a `classe` denominada `pixel`.",
              "fullTitle": "4 - Adicione à página um quadro de pixels, com 25 pixels. Verifica se cada pixel individual dentro do quadro possui a `classe` denominada `pixel`.",
              "timedOut": null,
              "duration": 2047,
              "state": "passed",
              "speed": "slow",
              "pass": true,
              "fail": false,
              "pending": false,
              "context": null,
              "code": "cy.get('.pixel').should('have.length', 25);",
              "err": {},
              "uuid": "32cd8f81-af12-45d1-b04b-5237faa38a4b",
              "parentUUID": "c5ecb440-3c7f-4c10-a575-77fc5bc00a9a",
              "isHook": false,
              "skipped": false
            },
            {
              "title": "Verifica se a cor inicial dos pixels dentro do quadro, ao abrir a página, é branca.",
              "fullTitle": "4 - Adicione à página um quadro de pixels, com 25 pixels. Verifica se a cor inicial dos pixels dentro do quadro, ao abrir a página, é branca.",
              "timedOut": null,
              "duration": 1819,
              "state": "passed",
              "speed": "slow",
              "pass": true,
              "fail": false,
              "pending": false,
              "context": null,
              "code": "cy.get('.pixel').should('have.length', 25).each(function (pixel) {\n  expect(pixel).to.have.css('background-color', WHITE);\n});",
              "err": {},
              "uuid": "0e0ef51b-6089-4d69-ae16-cb2c0b022d4c",
              "parentUUID": "c5ecb440-3c7f-4c10-a575-77fc5bc00a9a",
              "isHook": false,
              "skipped": false
            },
            {
              "title": "Verifica se o quadro de pixels aparece abaixo da paleta de cores",
              "fullTitle": "4 - Adicione à página um quadro de pixels, com 25 pixels. Verifica se o quadro de pixels aparece abaixo da paleta de cores",
              "timedOut": null,
              "duration": 1941,
              "state": "passed",
              "speed": "slow",
              "pass": true,
              "fail": false,
              "pending": false,
              "context": null,
              "code": "cy.get('#color-palette').then(function (palette) {\n  cy.get('#pixel-board').should('be.belowOf', palette);\n});",
              "err": {},
              "uuid": "5e0788d1-193a-4c31-a23f-757f295f6450",
              "parentUUID": "c5ecb440-3c7f-4c10-a575-77fc5bc00a9a",
              "isHook": false,
              "skipped": false
            }
          ],
          "suites": [],
          "passes": [
            "9062bb70-df13-4cdf-9273-e6ffe6ee0dca",
            "32cd8f81-af12-45d1-b04b-5237faa38a4b",
            "0e0ef51b-6089-4d69-ae16-cb2c0b022d4c",
            "5e0788d1-193a-4c31-a23f-757f295f6450"
          ],
          "failures": [],
          "pending": [],
          "skipped": [],
          "duration": 6632,
          "root": false,
          "rootEmpty": false,
          "_timeout": 2000
        },
        {
          "uuid": "ce179f9f-a1b8-4f71-bb73-4af012638100",
          "title": "5 - Faça com que cada elemento do quadro de pixels possua 40 pixels de largura, 40 pixels de altura e seja delimitado por uma borda preta de 1 pixel.",
          "fullFile": "",
          "file": "",
          "beforeHooks": [],
          "afterHooks": [],
          "tests": [
            {
              "title": "Verifica se o quadro de pixels tem altura e comprimento de 5 elementos",
              "fullTitle": "5 - Faça com que cada elemento do quadro de pixels possua 40 pixels de largura, 40 pixels de altura e seja delimitado por uma borda preta de 1 pixel. Verifica se o quadro de pixels tem altura e comprimento de 5 elementos",
              "timedOut": null,
              "duration": 2685,
              "state": "passed",
              "speed": "slow",
              "pass": true,
              "fail": false,
              "pending": false,
              "context": null,
              "code": "cy.get('.pixel').should('have.length', 25).each(function (pixel) {\n  expect(pixel).to.have.css('background-color', WHITE);\n}).and(function (pixels) {\n  var rows = chunk(pixels, 5);\n  rows.forEach(function (row) {\n    for (var index = 1; index < row.length; index += 1) {\n      var current = pixels[index];\n      var previous = pixels[index - 1];\n      cy.wrap(current).should('be.onTheRightOf', previous).and('be.horizontallyAlignedWith', previous);\n    }\n  });\n  for (var index = 1; index < 5; index += 1) {\n    expect(pixels[index * 5]).to.be.belowOf(pixels[(index - 1) * 5]);\n  }\n});",
              "err": {},
              "uuid": "54f37523-9eb0-4e62-bfab-9af360347126",
              "parentUUID": "ce179f9f-a1b8-4f71-bb73-4af012638100",
              "isHook": false,
              "skipped": false
            },
            {
              "title": "Verifica se 40 pixels é o tamanho total do elemento, incluindo seu conteúdo e excluindo a borda preta, que deve ser criada à parte.",
              "fullTitle": "5 - Faça com que cada elemento do quadro de pixels possua 40 pixels de largura, 40 pixels de altura e seja delimitado por uma borda preta de 1 pixel. Verifica se 40 pixels é o tamanho total do elemento, incluindo seu conteúdo e excluindo a borda preta, que deve ser criada à parte.",
              "timedOut": null,
              "duration": 1884,
              "state": "passed",
              "speed": "slow",
              "pass": true,
              "fail": false,
              "pending": false,
              "context": null,
              "code": "cy.get('.pixel').each(function (pixel) {\n  cy.wrap(pixel).should('have.css', 'height', '40px').and('have.css', 'width', '40px').and('have.css', 'border', \"1px solid \".concat(BLACK));\n});",
              "err": {},
              "uuid": "0ec8c6dd-13f8-4d7a-94c3-e70af963b96e",
              "parentUUID": "ce179f9f-a1b8-4f71-bb73-4af012638100",
              "isHook": false,
              "skipped": false
            }
          ],
          "suites": [],
          "passes": [
            "54f37523-9eb0-4e62-bfab-9af360347126",
            "0ec8c6dd-13f8-4d7a-94c3-e70af963b96e"
          ],
          "failures": [],
          "pending": [],
          "skipped": [],
          "duration": 4569,
          "root": false,
          "rootEmpty": false,
          "_timeout": 2000
        },
        {
          "uuid": "50ffcc61-f7b6-42f7-afed-80c849193061",
          "title": "6 - Defina a cor preta como cor inicial. Ao carregar a página a cor preta já deve estar selecionada para pintar os pixels",
          "fullFile": "",
          "file": "",
          "beforeHooks": [],
          "afterHooks": [],
          "tests": [
            {
              "title": "Verifica se o elemento da cor preta possui, inicialmente, a `classe` `selected`",
              "fullTitle": "6 - Defina a cor preta como cor inicial. Ao carregar a página a cor preta já deve estar selecionada para pintar os pixels Verifica se o elemento da cor preta possui, inicialmente, a `classe` `selected`",
              "timedOut": null,
              "duration": 788,
              "state": "passed",
              "speed": "slow",
              "pass": true,
              "fail": false,
              "pending": false,
              "context": null,
              "code": "cy.get('.selected').first().should('have.css', 'background-color', BLACK);",
              "err": {},
              "uuid": "f8443d67-53dd-423d-ba71-50cf413d1647",
              "parentUUID": "50ffcc61-f7b6-42f7-afed-80c849193061",
              "isHook": false,
              "skipped": false
            },
            {
              "title": "Verifica se nenhuma outra cor da paleta tem a `classe` `selected`",
              "fullTitle": "6 - Defina a cor preta como cor inicial. Ao carregar a página a cor preta já deve estar selecionada para pintar os pixels Verifica se nenhuma outra cor da paleta tem a `classe` `selected`",
              "timedOut": null,
              "duration": 651,
              "state": "passed",
              "speed": "slow",
              "pass": true,
              "fail": false,
              "pending": false,
              "context": null,
              "code": "cy.get('.color:not(:first-child)').each(function (color) {\n  cy.wrap(color).should('not.have.class', 'selected');\n});",
              "err": {},
              "uuid": "8fbbcd2c-e563-4b6a-9244-e3e479d7adea",
              "parentUUID": "50ffcc61-f7b6-42f7-afed-80c849193061",
              "isHook": false,
              "skipped": false
            }
          ],
          "suites": [],
          "passes": [
            "f8443d67-53dd-423d-ba71-50cf413d1647",
            "8fbbcd2c-e563-4b6a-9244-e3e479d7adea"
          ],
          "failures": [],
          "pending": [],
          "skipped": [],
          "duration": 1439,
          "root": false,
          "rootEmpty": false,
          "_timeout": 2000
        },
        {
          "uuid": "d7b6bd4a-6098-4a06-810d-4fe14df95470",
          "title": "7 - Clicar em uma das cores da paleta, faz com que ela seja selecionada e utilizada para preencher os pixels no quadro.",
          "fullFile": "",
          "file": "",
          "beforeHooks": [],
          "afterHooks": [],
          "tests": [
            {
              "title": "Verifica se somente uma cor da paleta de cores tem a classe `selected` de cada vez",
              "fullTitle": "7 - Clicar em uma das cores da paleta, faz com que ela seja selecionada e utilizada para preencher os pixels no quadro. Verifica se somente uma cor da paleta de cores tem a classe `selected` de cada vez",
              "timedOut": null,
              "duration": 1842,
              "state": "passed",
              "speed": "slow",
              "pass": true,
              "fail": false,
              "pending": false,
              "context": null,
              "code": "cy.get('.color').each(function (selectedColor, selectedColorIndex) {\n  cy.wrap(selectedColor).click();\n  cy.get('.color').each(function (color, colorIndex) {\n    if (colorIndex === selectedColorIndex) {\n      expect(color).to.have[\"class\"]('selected');\n    } else {\n      expect(color).not.to.have[\"class\"]('selected');\n    }\n  });\n});",
              "err": {},
              "uuid": "c2706984-fcc4-40f3-ab4d-c297af90a1ea",
              "parentUUID": "d7b6bd4a-6098-4a06-810d-4fe14df95470",
              "isHook": false,
              "skipped": false
            },
            {
              "title": "Verifica se os pixels dentro do quadro não têm a classe `selected` quando são clicados",
              "fullTitle": "7 - Clicar em uma das cores da paleta, faz com que ela seja selecionada e utilizada para preencher os pixels no quadro. Verifica se os pixels dentro do quadro não têm a classe `selected` quando são clicados",
              "timedOut": null,
              "duration": 15992,
              "state": "passed",
              "speed": "slow",
              "pass": true,
              "fail": false,
              "pending": false,
              "context": null,
              "code": "cy.get('.color').each(function (color) {\n  var backgroundColor = color.css('background-color');\n  cy.wrap(color).click();\n  cy.get('.pixel').each(function (pixel) {\n    cy.wrap(pixel).click().should('not.have.class', 'selected');\n  });\n});",
              "err": {},
              "uuid": "2ee3bbe9-3b84-4d37-bf3d-f0cf0349c679",
              "parentUUID": "d7b6bd4a-6098-4a06-810d-4fe14df95470",
              "isHook": false,
              "skipped": false
            }
          ],
          "suites": [],
          "passes": [
            "c2706984-fcc4-40f3-ab4d-c297af90a1ea",
            "2ee3bbe9-3b84-4d37-bf3d-f0cf0349c679"
          ],
          "failures": [],
          "pending": [],
          "skipped": [],
          "duration": 17834,
          "root": false,
          "rootEmpty": false,
          "_timeout": 2000
        },
        {
          "uuid": "43a7d856-a605-4847-8fd7-0ffba0b2c587",
          "title": "8 - Clicar em um pixel dentro do quadro após selecionar uma cor na paleta, faz com que o pixel seja preenchido com a cor selecionada.",
          "fullFile": "",
          "file": "",
          "beforeHooks": [],
          "afterHooks": [],
          "tests": [
            {
              "title": "Verifica se ao carregar a página deve ser possível pintar os pixels de preto",
              "fullTitle": "8 - Clicar em um pixel dentro do quadro após selecionar uma cor na paleta, faz com que o pixel seja preenchido com a cor selecionada. Verifica se ao carregar a página deve ser possível pintar os pixels de preto",
              "timedOut": null,
              "duration": 6443,
              "state": "failed",
              "speed": null,
              "pass": false,
              "fail": true,
              "pending": false,
              "context": null,
              "code": "cy.get('.pixel').each(function (pixel) {\n  cy.wrap(pixel).click().should('have.css', 'background-color', BLACK);\n});",
              "err": {
                "message": "CypressError: Timed out retrying: expected '<div.pixel>' to have CSS property 'background-color' with the value 'rgb(0, 0, 0)', but the value was 'rgb(255, 255, 255)'",
                "estack": "CypressError: Timed out retrying: expected '<div.pixel>' to have CSS property 'background-color' with the value 'rgb(0, 0, 0)', but the value was 'rgb(255, 255, 255)'\n    at cypressErr (http://localhost:34273/__cypress/runner/cypress_runner.js:149934:9)\n    at throwErr (http://localhost:34273/__cypress/runner/cypress_runner.js:149867:11)\n    at Object.throwErrByPath (http://localhost:34273/__cypress/runner/cypress_runner.js:149915:3)\n    at retry (http://localhost:34273/__cypress/runner/cypress_runner.js:144197:19)\n    at onFailFn (http://localhost:34273/__cypress/runner/cypress_runner.js:132448:16)\n    at tryCatcher (http://localhost:34273/__cypress/runner/cypress_runner.js:167415:23)\n    at Promise._settlePromiseFromHandler (http://localhost:34273/__cypress/runner/cypress_runner.js:165351:31)\n    at Promise._settlePromise (http://localhost:34273/__cypress/runner/cypress_runner.js:165408:18)\n    at Promise._settlePromise0 (http://localhost:34273/__cypress/runner/cypress_runner.js:165453:10)\n    at Promise._settlePromises (http://localhost:34273/__cypress/runner/cypress_runner.js:165528:18)\n    at Async../node_modules/bluebird/js/release/async.js.Async._drainQueue (http://localhost:34273/__cypress/runner/cypress_runner.js:162140:16)\n    at Async../node_modules/bluebird/js/release/async.js.Async._drainQueues (http://localhost:34273/__cypress/runner/cypress_runner.js:162150:10)\n    at Async.drainQueues (http://localhost:34273/__cypress/runner/cypress_runner.js:162024:14)",
                "diff": null
              },
              "uuid": "116e6af9-6a90-4234-b8b3-3e8cf8ca8341",
              "parentUUID": "43a7d856-a605-4847-8fd7-0ffba0b2c587",
              "isHook": false,
              "skipped": false
            },
            {
              "title": "Verifica se após selecionar uma outra cor na paleta, é possível pintar os pixels com essa cor",
              "fullTitle": "8 - Clicar em um pixel dentro do quadro após selecionar uma cor na paleta, faz com que o pixel seja preenchido com a cor selecionada. Verifica se após selecionar uma outra cor na paleta, é possível pintar os pixels com essa cor",
              "timedOut": null,
              "duration": 6479,
              "state": "failed",
              "speed": null,
              "pass": false,
              "fail": true,
              "pending": false,
              "context": null,
              "code": "cy.get('.color').each(function (color) {\n  var backgroundColor = color.css('background-color');\n  cy.wrap(color).click();\n  cy.get('.pixel').each(function (pixel) {\n    cy.wrap(pixel).click().should('have.css', 'background-color', backgroundColor);\n  });\n});",
              "err": {
                "message": "CypressError: Timed out retrying: expected '<div.pixel>' to have CSS property 'background-color' with the value 'rgb(0, 0, 0)', but the value was 'rgb(255, 255, 255)'",
                "estack": "CypressError: Timed out retrying: expected '<div.pixel>' to have CSS property 'background-color' with the value 'rgb(0, 0, 0)', but the value was 'rgb(255, 255, 255)'\n    at cypressErr (http://localhost:34273/__cypress/runner/cypress_runner.js:149934:9)\n    at throwErr (http://localhost:34273/__cypress/runner/cypress_runner.js:149867:11)\n    at Object.throwErrByPath (http://localhost:34273/__cypress/runner/cypress_runner.js:149915:3)\n    at retry (http://localhost:34273/__cypress/runner/cypress_runner.js:144197:19)\n    at onFailFn (http://localhost:34273/__cypress/runner/cypress_runner.js:132448:16)\n    at tryCatcher (http://localhost:34273/__cypress/runner/cypress_runner.js:167415:23)\n    at Promise._settlePromiseFromHandler (http://localhost:34273/__cypress/runner/cypress_runner.js:165351:31)\n    at Promise._settlePromise (http://localhost:34273/__cypress/runner/cypress_runner.js:165408:18)\n    at Promise._settlePromise0 (http://localhost:34273/__cypress/runner/cypress_runner.js:165453:10)\n    at Promise._settlePromises (http://localhost:34273/__cypress/runner/cypress_runner.js:165528:18)\n    at Async../node_modules/bluebird/js/release/async.js.Async._drainQueue (http://localhost:34273/__cypress/runner/cypress_runner.js:162140:16)\n    at Async../node_modules/bluebird/js/release/async.js.Async._drainQueues (http://localhost:34273/__cypress/runner/cypress_runner.js:162150:10)\n    at Async.drainQueues (http://localhost:34273/__cypress/runner/cypress_runner.js:162024:14)",
                "diff": null
              },
              "uuid": "b5a3b84f-9099-42fc-bede-80343db384e3",
              "parentUUID": "43a7d856-a605-4847-8fd7-0ffba0b2c587",
              "isHook": false,
              "skipped": false
            },
            {
              "title": "Verifica se somente o pixel que foi clicado foi preenchido com a cor selecionada, sem influenciar na cor dos demais pixels.",
              "fullTitle": "8 - Clicar em um pixel dentro do quadro após selecionar uma cor na paleta, faz com que o pixel seja preenchido com a cor selecionada. Verifica se somente o pixel que foi clicado foi preenchido com a cor selecionada, sem influenciar na cor dos demais pixels.",
              "timedOut": null,
              "duration": 29125,
              "state": "passed",
              "speed": "slow",
              "pass": true,
              "fail": false,
              "pending": false,
              "context": null,
              "code": "var colorToPixelIndexMap = {\n  0: 6,\n  1: 8,\n  2: 16,\n  3: 18\n};\ncy.get('.color').each(function (color, index) {\n  cy.wrap(color).click();\n  var backgroundColor = color.css('background-color');\n  var clickedPixelIndex = colorToPixelIndexMap[index];\n  cy.get('.pixel').eq(clickedPixelIndex).click();\n  cy.get('.pixel').eq(clickedPixelIndex - 1).should('not.have.css', 'background-color', backgroundColor);\n  cy.get('.pixel').eq(clickedPixelIndex + 1).should('not.have.css', 'background-color', backgroundColor);\n  cy.get('.pixel').eq(clickedPixelIndex - 5).should('not.have.css', 'background-color', backgroundColor);\n  cy.get('.pixel').eq(clickedPixelIndex + 5).should('not.have.css', 'background-color', backgroundColor);\n  cy.get('.pixel').eq(clickedPixelIndex - 6).should('not.have.css', 'background-color', backgroundColor);\n  cy.get('.pixel').eq(clickedPixelIndex - 4).should('not.have.css', 'background-color', backgroundColor);\n  cy.get('.pixel').eq(clickedPixelIndex + 4).should('not.have.css', 'background-color', backgroundColor);\n  cy.get('.pixel').eq(clickedPixelIndex + 6).should('not.have.css', 'background-color', backgroundColor);\n});",
              "err": {},
              "uuid": "b6d5f4b8-5e07-49c0-b5e3-03b91dc14692",
              "parentUUID": "43a7d856-a605-4847-8fd7-0ffba0b2c587",
              "isHook": false,
              "skipped": false
            }
          ],
          "suites": [],
          "passes": [
            "b6d5f4b8-5e07-49c0-b5e3-03b91dc14692"
          ],
          "failures": [
            "116e6af9-6a90-4234-b8b3-3e8cf8ca8341",
            "b5a3b84f-9099-42fc-bede-80343db384e3"
          ],
          "pending": [],
          "skipped": [],
          "duration": 42047,
          "root": false,
          "rootEmpty": false,
          "_timeout": 2000
        },
        {
          "uuid": "35153723-cde3-4f2d-87d1-02ff162c98f0",
          "title": "9 - Crie um botão que, ao ser clicado, limpa o quadro preenchendo a cor de todos seus pixels com branco.",
          "fullFile": "",
          "file": "",
          "beforeHooks": [],
          "afterHooks": [],
          "tests": [
            {
              "title": "Verifica se o botão tem o `id` denominado `clear-board`",
              "fullTitle": "9 - Crie um botão que, ao ser clicado, limpa o quadro preenchendo a cor de todos seus pixels com branco. Verifica se o botão tem o `id` denominado `clear-board`",
              "timedOut": null,
              "duration": 5839,
              "state": "failed",
              "speed": null,
              "pass": false,
              "fail": true,
              "pending": false,
              "context": null,
              "code": "cy.get('#clear-board').should('be.visible');",
              "err": {
                "message": "CypressError: Timed out retrying: Expected to find element: '#clear-board', but never found it.",
                "estack": "CypressError: Timed out retrying: Expected to find element: '#clear-board', but never found it.\n    at cypressErr (http://localhost:34273/__cypress/runner/cypress_runner.js:149934:9)\n    at throwErr (http://localhost:34273/__cypress/runner/cypress_runner.js:149867:11)\n    at Object.throwErrByPath (http://localhost:34273/__cypress/runner/cypress_runner.js:149915:3)\n    at retry (http://localhost:34273/__cypress/runner/cypress_runner.js:144197:19)\n    at onFailFn (http://localhost:34273/__cypress/runner/cypress_runner.js:132448:16)\n    at tryCatcher (http://localhost:34273/__cypress/runner/cypress_runner.js:167415:23)\n    at Promise._settlePromiseFromHandler (http://localhost:34273/__cypress/runner/cypress_runner.js:165351:31)\n    at Promise._settlePromise (http://localhost:34273/__cypress/runner/cypress_runner.js:165408:18)\n    at Promise._settlePromise0 (http://localhost:34273/__cypress/runner/cypress_runner.js:165453:10)\n    at Promise._settlePromises (http://localhost:34273/__cypress/runner/cypress_runner.js:165528:18)\n    at Async../node_modules/bluebird/js/release/async.js.Async._drainQueue (http://localhost:34273/__cypress/runner/cypress_runner.js:162140:16)\n    at Async../node_modules/bluebird/js/release/async.js.Async._drainQueues (http://localhost:34273/__cypress/runner/cypress_runner.js:162150:10)\n    at Async.drainQueues (http://localhost:34273/__cypress/runner/cypress_runner.js:162024:14)",
                "diff": null
              },
              "uuid": "5cf0d408-e018-4c51-ba4d-1837d3806582",
              "parentUUID": "35153723-cde3-4f2d-87d1-02ff162c98f0",
              "isHook": false,
              "skipped": false
            },
            {
              "title": "Verifica se o botão está posicionado entre a paleta de cores e o quadro de pixels",
              "fullTitle": "9 - Crie um botão que, ao ser clicado, limpa o quadro preenchendo a cor de todos seus pixels com branco. Verifica se o botão está posicionado entre a paleta de cores e o quadro de pixels",
              "timedOut": null,
              "duration": 5779,
              "state": "failed",
              "speed": null,
              "pass": false,
              "fail": true,
              "pending": false,
              "context": null,
              "code": "cy.get('#color-palette').then(function (palette) {\n  cy.get('#clear-board').should('be.belowOf', palette);\n});\ncy.get('#clear-board').then(function (clearBtn) {\n  cy.get('#pixel-board').should('be.belowOf', clearBtn);\n});",
              "err": {
                "message": "CypressError: Timed out retrying: Expected to find element: '#clear-board', but never found it.",
                "estack": "CypressError: Timed out retrying: Expected to find element: '#clear-board', but never found it.\n    at cypressErr (http://localhost:34273/__cypress/runner/cypress_runner.js:149934:9)\n    at throwErr (http://localhost:34273/__cypress/runner/cypress_runner.js:149867:11)\n    at Object.throwErrByPath (http://localhost:34273/__cypress/runner/cypress_runner.js:149915:3)\n    at retry (http://localhost:34273/__cypress/runner/cypress_runner.js:144197:19)\n    at onFailFn (http://localhost:34273/__cypress/runner/cypress_runner.js:132448:16)\n    at tryCatcher (http://localhost:34273/__cypress/runner/cypress_runner.js:167415:23)\n    at Promise._settlePromiseFromHandler (http://localhost:34273/__cypress/runner/cypress_runner.js:165351:31)\n    at Promise._settlePromise (http://localhost:34273/__cypress/runner/cypress_runner.js:165408:18)\n    at Promise._settlePromise0 (http://localhost:34273/__cypress/runner/cypress_runner.js:165453:10)\n    at Promise._settlePromises (http://localhost:34273/__cypress/runner/cypress_runner.js:165528:18)\n    at Async../node_modules/bluebird/js/release/async.js.Async._drainQueue (http://localhost:34273/__cypress/runner/cypress_runner.js:162140:16)\n    at Async../node_modules/bluebird/js/release/async.js.Async._drainQueues (http://localhost:34273/__cypress/runner/cypress_runner.js:162150:10)\n    at Async.drainQueues (http://localhost:34273/__cypress/runner/cypress_runner.js:162024:14)",
                "diff": null
              },
              "uuid": "a1eb7098-5034-4f65-b01e-1cdee909eb30",
              "parentUUID": "35153723-cde3-4f2d-87d1-02ff162c98f0",
              "isHook": false,
              "skipped": false
            },
            {
              "title": "Verifica se o texto do botão é 'Limpar'",
              "fullTitle": "9 - Crie um botão que, ao ser clicado, limpa o quadro preenchendo a cor de todos seus pixels com branco. Verifica se o texto do botão é 'Limpar'",
              "timedOut": null,
              "duration": 6052,
              "state": "failed",
              "speed": null,
              "pass": false,
              "fail": true,
              "pending": false,
              "context": null,
              "code": "cy.get('#clear-board').should('contain.text', 'Limpar');",
              "err": {
                "message": "CypressError: Timed out retrying: Expected to find element: '#clear-board', but never found it.",
                "estack": "CypressError: Timed out retrying: Expected to find element: '#clear-board', but never found it.\n    at cypressErr (http://localhost:34273/__cypress/runner/cypress_runner.js:149934:9)\n    at throwErr (http://localhost:34273/__cypress/runner/cypress_runner.js:149867:11)\n    at Object.throwErrByPath (http://localhost:34273/__cypress/runner/cypress_runner.js:149915:3)\n    at retry (http://localhost:34273/__cypress/runner/cypress_runner.js:144197:19)\n    at onFailFn (http://localhost:34273/__cypress/runner/cypress_runner.js:132448:16)\n    at tryCatcher (http://localhost:34273/__cypress/runner/cypress_runner.js:167415:23)\n    at Promise._settlePromiseFromHandler (http://localhost:34273/__cypress/runner/cypress_runner.js:165351:31)\n    at Promise._settlePromise (http://localhost:34273/__cypress/runner/cypress_runner.js:165408:18)\n    at Promise._settlePromise0 (http://localhost:34273/__cypress/runner/cypress_runner.js:165453:10)\n    at Promise._settlePromises (http://localhost:34273/__cypress/runner/cypress_runner.js:165528:18)\n    at Async../node_modules/bluebird/js/release/async.js.Async._drainQueue (http://localhost:34273/__cypress/runner/cypress_runner.js:162140:16)\n    at Async../node_modules/bluebird/js/release/async.js.Async._drainQueues (http://localhost:34273/__cypress/runner/cypress_runner.js:162150:10)\n    at Async.drainQueues (http://localhost:34273/__cypress/runner/cypress_runner.js:162024:14)",
                "diff": null
              },
              "uuid": "ff7906c1-63d0-4848-b2cc-bfd210e87889",
              "parentUUID": "35153723-cde3-4f2d-87d1-02ff162c98f0",
              "isHook": false,
              "skipped": false
            },
            {
              "title": "Verifica se ao clicar no botão, o quadro de pixels é totalmente preenchido de branco",
              "fullTitle": "9 - Crie um botão que, ao ser clicado, limpa o quadro preenchendo a cor de todos seus pixels com branco. Verifica se ao clicar no botão, o quadro de pixels é totalmente preenchido de branco",
              "timedOut": null,
              "duration": 9178,
              "state": "failed",
              "speed": null,
              "pass": false,
              "fail": true,
              "pending": false,
              "context": null,
              "code": "cy.get('.color').eq(1).then(function (color) {\n  var backgroundColor = color.css('background-color');\n  cy.wrap(color).click();\n  cy.get('.pixel').each(function (pixel) {\n    cy.wrap(pixel).click().should('have.css', 'background-color', backgroundColor);\n  });\n});\ncy.get('#clear-board').click();\ncy.get('.pixel').each(function (pixel) {\n  cy.wrap(pixel).should('have.css', 'background-color', WHITE);\n});",
              "err": {
                "message": "CypressError: Timed out retrying: expected '<div.pixel>' to have CSS property 'background-color' with the value 'rgb(255, 0, 0)', but the value was 'rgb(255, 255, 255)'",
                "estack": "CypressError: Timed out retrying: expected '<div.pixel>' to have CSS property 'background-color' with the value 'rgb(255, 0, 0)', but the value was 'rgb(255, 255, 255)'\n    at cypressErr (http://localhost:34273/__cypress/runner/cypress_runner.js:149934:9)\n    at throwErr (http://localhost:34273/__cypress/runner/cypress_runner.js:149867:11)\n    at Object.throwErrByPath (http://localhost:34273/__cypress/runner/cypress_runner.js:149915:3)\n    at retry (http://localhost:34273/__cypress/runner/cypress_runner.js:144197:19)\n    at onFailFn (http://localhost:34273/__cypress/runner/cypress_runner.js:132448:16)\n    at tryCatcher (http://localhost:34273/__cypress/runner/cypress_runner.js:167415:23)\n    at Promise._settlePromiseFromHandler (http://localhost:34273/__cypress/runner/cypress_runner.js:165351:31)\n    at Promise._settlePromise (http://localhost:34273/__cypress/runner/cypress_runner.js:165408:18)\n    at Promise._settlePromise0 (http://localhost:34273/__cypress/runner/cypress_runner.js:165453:10)\n    at Promise._settlePromises (http://localhost:34273/__cypress/runner/cypress_runner.js:165528:18)\n    at Async../node_modules/bluebird/js/release/async.js.Async._drainQueue (http://localhost:34273/__cypress/runner/cypress_runner.js:162140:16)\n    at Async../node_modules/bluebird/js/release/async.js.Async._drainQueues (http://localhost:34273/__cypress/runner/cypress_runner.js:162150:10)\n    at Async.drainQueues (http://localhost:34273/__cypress/runner/cypress_runner.js:162024:14)",
                "diff": null
              },
              "uuid": "0202fcbe-ad6f-4f35-aeee-a4aebcf1f42b",
              "parentUUID": "35153723-cde3-4f2d-87d1-02ff162c98f0",
              "isHook": false,
              "skipped": false
            }
          ],
          "suites": [],
          "passes": [],
          "failures": [
            "5cf0d408-e018-4c51-ba4d-1837d3806582",
            "a1eb7098-5034-4f65-b01e-1cdee909eb30",
            "ff7906c1-63d0-4848-b2cc-bfd210e87889",
            "0202fcbe-ad6f-4f35-aeee-a4aebcf1f42b"
          ],
          "pending": [],
          "skipped": [],
          "duration": 26848,
          "root": false,
          "rootEmpty": false,
          "_timeout": 2000
        },
        {
          "uuid": "1f626f70-49d9-4670-aa9c-7f0846b5d2cf",
          "title": "10 - Faça o quadro de pixels ter seu tamanho definido pelo usuário.",
          "fullFile": "",
          "file": "",
          "beforeHooks": [],
          "afterHooks": [],
          "tests": [
            {
              "title": "Verifica se existe um input com o id `board-size`",
              "fullTitle": "10 - Faça o quadro de pixels ter seu tamanho definido pelo usuário. Verifica se existe um input com o id `board-size`",
              "timedOut": null,
              "duration": 6138,
              "state": "failed",
              "speed": null,
              "pass": false,
              "fail": true,
              "pending": false,
              "context": null,
              "code": "cy.get('#board-size').should('be.visible');",
              "err": {
                "message": "CypressError: Timed out retrying: Expected to find element: '#board-size', but never found it.",
                "estack": "CypressError: Timed out retrying: Expected to find element: '#board-size', but never found it.\n    at cypressErr (http://localhost:34273/__cypress/runner/cypress_runner.js:149934:9)\n    at throwErr (http://localhost:34273/__cypress/runner/cypress_runner.js:149867:11)\n    at Object.throwErrByPath (http://localhost:34273/__cypress/runner/cypress_runner.js:149915:3)\n    at retry (http://localhost:34273/__cypress/runner/cypress_runner.js:144197:19)\n    at onFailFn (http://localhost:34273/__cypress/runner/cypress_runner.js:132448:16)\n    at tryCatcher (http://localhost:34273/__cypress/runner/cypress_runner.js:167415:23)\n    at Promise._settlePromiseFromHandler (http://localhost:34273/__cypress/runner/cypress_runner.js:165351:31)\n    at Promise._settlePromise (http://localhost:34273/__cypress/runner/cypress_runner.js:165408:18)\n    at Promise._settlePromise0 (http://localhost:34273/__cypress/runner/cypress_runner.js:165453:10)\n    at Promise._settlePromises (http://localhost:34273/__cypress/runner/cypress_runner.js:165528:18)\n    at Async../node_modules/bluebird/js/release/async.js.Async._drainQueue (http://localhost:34273/__cypress/runner/cypress_runner.js:162140:16)\n    at Async../node_modules/bluebird/js/release/async.js.Async._drainQueues (http://localhost:34273/__cypress/runner/cypress_runner.js:162150:10)\n    at Async.drainQueues (http://localhost:34273/__cypress/runner/cypress_runner.js:162024:14)",
                "diff": null
              },
              "uuid": "2222a09b-1932-49c8-ae8e-bf3ed94f3a05",
              "parentUUID": "1f626f70-49d9-4670-aa9c-7f0846b5d2cf",
              "isHook": false,
              "skipped": false
            },
            {
              "title": "Verifica se existe um botão com o id `generate-board`",
              "fullTitle": "10 - Faça o quadro de pixels ter seu tamanho definido pelo usuário. Verifica se existe um botão com o id `generate-board`",
              "timedOut": null,
              "duration": 6647,
              "state": "failed",
              "speed": null,
              "pass": false,
              "fail": true,
              "pending": false,
              "context": null,
              "code": "cy.get('#generate-board').should('be.visible');",
              "err": {
                "message": "CypressError: Timed out retrying: Expected to find element: '#generate-board', but never found it.",
                "estack": "CypressError: Timed out retrying: Expected to find element: '#generate-board', but never found it.\n    at cypressErr (http://localhost:34273/__cypress/runner/cypress_runner.js:149934:9)\n    at throwErr (http://localhost:34273/__cypress/runner/cypress_runner.js:149867:11)\n    at Object.throwErrByPath (http://localhost:34273/__cypress/runner/cypress_runner.js:149915:3)\n    at retry (http://localhost:34273/__cypress/runner/cypress_runner.js:144197:19)\n    at onFailFn (http://localhost:34273/__cypress/runner/cypress_runner.js:132448:16)\n    at tryCatcher (http://localhost:34273/__cypress/runner/cypress_runner.js:167415:23)\n    at Promise._settlePromiseFromHandler (http://localhost:34273/__cypress/runner/cypress_runner.js:165351:31)\n    at Promise._settlePromise (http://localhost:34273/__cypress/runner/cypress_runner.js:165408:18)\n    at Promise._settlePromise0 (http://localhost:34273/__cypress/runner/cypress_runner.js:165453:10)\n    at Promise._settlePromises (http://localhost:34273/__cypress/runner/cypress_runner.js:165528:18)\n    at Async../node_modules/bluebird/js/release/async.js.Async._drainQueue (http://localhost:34273/__cypress/runner/cypress_runner.js:162140:16)\n    at Async../node_modules/bluebird/js/release/async.js.Async._drainQueues (http://localhost:34273/__cypress/runner/cypress_runner.js:162150:10)\n    at Async.drainQueues (http://localhost:34273/__cypress/runner/cypress_runner.js:162024:14)",
                "diff": null
              },
              "uuid": "b22382c5-2422-41a8-a804-1c607245f692",
              "parentUUID": "1f626f70-49d9-4670-aa9c-7f0846b5d2cf",
              "isHook": false,
              "skipped": false
            },
            {
              "title": "Verifica se o input só aceita número maiores que zero. Essa restrição deve ser feita usando os atributos do elemento `input`",
              "fullTitle": "10 - Faça o quadro de pixels ter seu tamanho definido pelo usuário. Verifica se o input só aceita número maiores que zero. Essa restrição deve ser feita usando os atributos do elemento `input`",
              "timedOut": null,
              "duration": 6630,
              "state": "failed",
              "speed": null,
              "pass": false,
              "fail": true,
              "pending": false,
              "context": null,
              "code": "cy.get('#board-size[type=\\'number\\'][min=\\'1\\']');",
              "err": {
                "message": "CypressError: Timed out retrying: Expected to find element: '#board-size[type='number'][min='1']', but never found it.",
                "estack": "CypressError: Timed out retrying: Expected to find element: '#board-size[type='number'][min='1']', but never found it.\n    at cypressErr (http://localhost:34273/__cypress/runner/cypress_runner.js:149934:9)\n    at throwErr (http://localhost:34273/__cypress/runner/cypress_runner.js:149867:11)\n    at Object.throwErrByPath (http://localhost:34273/__cypress/runner/cypress_runner.js:149915:3)\n    at retry (http://localhost:34273/__cypress/runner/cypress_runner.js:144197:19)\n    at onFailFn (http://localhost:34273/__cypress/runner/cypress_runner.js:132448:16)\n    at tryCatcher (http://localhost:34273/__cypress/runner/cypress_runner.js:167415:23)\n    at Promise._settlePromiseFromHandler (http://localhost:34273/__cypress/runner/cypress_runner.js:165351:31)\n    at Promise._settlePromise (http://localhost:34273/__cypress/runner/cypress_runner.js:165408:18)\n    at Promise._settlePromise0 (http://localhost:34273/__cypress/runner/cypress_runner.js:165453:10)\n    at Promise._settlePromises (http://localhost:34273/__cypress/runner/cypress_runner.js:165528:18)\n    at Async../node_modules/bluebird/js/release/async.js.Async._drainQueue (http://localhost:34273/__cypress/runner/cypress_runner.js:162140:16)\n    at Async../node_modules/bluebird/js/release/async.js.Async._drainQueues (http://localhost:34273/__cypress/runner/cypress_runner.js:162150:10)\n    at Async.drainQueues (http://localhost:34273/__cypress/runner/cypress_runner.js:162024:14)",
                "diff": null
              },
              "uuid": "fdf5dd68-2f6f-4716-866c-4bfc65c833e9",
              "parentUUID": "1f626f70-49d9-4670-aa9c-7f0846b5d2cf",
              "isHook": false,
              "skipped": false
            },
            {
              "title": "Verifica se o botão contém o texto 'VQV'",
              "fullTitle": "10 - Faça o quadro de pixels ter seu tamanho definido pelo usuário. Verifica se o botão contém o texto 'VQV'",
              "timedOut": null,
              "duration": 5750,
              "state": "failed",
              "speed": null,
              "pass": false,
              "fail": true,
              "pending": false,
              "context": null,
              "code": "cy.get('#generate-board').contains(/vqv/i);",
              "err": {
                "message": "CypressError: Timed out retrying: Expected to find element: '#generate-board', but never found it.",
                "estack": "CypressError: Timed out retrying: Expected to find element: '#generate-board', but never found it.\n    at cypressErr (http://localhost:34273/__cypress/runner/cypress_runner.js:149934:9)\n    at throwErr (http://localhost:34273/__cypress/runner/cypress_runner.js:149867:11)\n    at Object.throwErrByPath (http://localhost:34273/__cypress/runner/cypress_runner.js:149915:3)\n    at retry (http://localhost:34273/__cypress/runner/cypress_runner.js:144197:19)\n    at onFailFn (http://localhost:34273/__cypress/runner/cypress_runner.js:132448:16)\n    at tryCatcher (http://localhost:34273/__cypress/runner/cypress_runner.js:167415:23)\n    at Promise._settlePromiseFromHandler (http://localhost:34273/__cypress/runner/cypress_runner.js:165351:31)\n    at Promise._settlePromise (http://localhost:34273/__cypress/runner/cypress_runner.js:165408:18)\n    at Promise._settlePromise0 (http://localhost:34273/__cypress/runner/cypress_runner.js:165453:10)\n    at Promise._settlePromises (http://localhost:34273/__cypress/runner/cypress_runner.js:165528:18)\n    at Async../node_modules/bluebird/js/release/async.js.Async._drainQueue (http://localhost:34273/__cypress/runner/cypress_runner.js:162140:16)\n    at Async../node_modules/bluebird/js/release/async.js.Async._drainQueues (http://localhost:34273/__cypress/runner/cypress_runner.js:162150:10)\n    at Async.drainQueues (http://localhost:34273/__cypress/runner/cypress_runner.js:162024:14)",
                "diff": null
              },
              "uuid": "17cca467-41b9-4189-ba8f-f328e1c38fc9",
              "parentUUID": "1f626f70-49d9-4670-aa9c-7f0846b5d2cf",
              "isHook": false,
              "skipped": false
            },
            {
              "title": "Verifica se o input está posicionado entre a paleta de cores e o quadro de pixels",
              "fullTitle": "10 - Faça o quadro de pixels ter seu tamanho definido pelo usuário. Verifica se o input está posicionado entre a paleta de cores e o quadro de pixels",
              "timedOut": null,
              "duration": 6309,
              "state": "failed",
              "speed": null,
              "pass": false,
              "fail": true,
              "pending": false,
              "context": null,
              "code": "cy.get('#color-palette').then(function (palette) {\n  cy.get('#board-size').should('be.belowOf', palette);\n});\ncy.get('#board-size').then(function (palette) {\n  cy.get('#pixel-board').should('be.belowOf', palette);\n});",
              "err": {
                "message": "CypressError: Timed out retrying: Expected to find element: '#board-size', but never found it.",
                "estack": "CypressError: Timed out retrying: Expected to find element: '#board-size', but never found it.\n    at cypressErr (http://localhost:34273/__cypress/runner/cypress_runner.js:149934:9)\n    at throwErr (http://localhost:34273/__cypress/runner/cypress_runner.js:149867:11)\n    at Object.throwErrByPath (http://localhost:34273/__cypress/runner/cypress_runner.js:149915:3)\n    at retry (http://localhost:34273/__cypress/runner/cypress_runner.js:144197:19)\n    at onFailFn (http://localhost:34273/__cypress/runner/cypress_runner.js:132448:16)\n    at tryCatcher (http://localhost:34273/__cypress/runner/cypress_runner.js:167415:23)\n    at Promise._settlePromiseFromHandler (http://localhost:34273/__cypress/runner/cypress_runner.js:165351:31)\n    at Promise._settlePromise (http://localhost:34273/__cypress/runner/cypress_runner.js:165408:18)\n    at Promise._settlePromise0 (http://localhost:34273/__cypress/runner/cypress_runner.js:165453:10)\n    at Promise._settlePromises (http://localhost:34273/__cypress/runner/cypress_runner.js:165528:18)\n    at Async../node_modules/bluebird/js/release/async.js.Async._drainQueue (http://localhost:34273/__cypress/runner/cypress_runner.js:162140:16)\n    at Async../node_modules/bluebird/js/release/async.js.Async._drainQueues (http://localhost:34273/__cypress/runner/cypress_runner.js:162150:10)\n    at Async.drainQueues (http://localhost:34273/__cypress/runner/cypress_runner.js:162024:14)",
                "diff": null
              },
              "uuid": "7ceca38e-7810-4619-90f4-b473e69151cb",
              "parentUUID": "1f626f70-49d9-4670-aa9c-7f0846b5d2cf",
              "isHook": false,
              "skipped": false
            },
            {
              "title": "Verifica se o botão está posicionado ao lado do input",
              "fullTitle": "10 - Faça o quadro de pixels ter seu tamanho definido pelo usuário. Verifica se o botão está posicionado ao lado do input",
              "timedOut": null,
              "duration": 7688,
              "state": "failed",
              "speed": null,
              "pass": false,
              "fail": true,
              "pending": false,
              "context": null,
              "code": "cy.get('#board-size').then(function (board) {\n  cy.get('#generate-board').should('be.onTheRightOf', board);\n});",
              "err": {
                "message": "CypressError: Timed out retrying: Expected to find element: '#board-size', but never found it.",
                "estack": "CypressError: Timed out retrying: Expected to find element: '#board-size', but never found it.\n    at cypressErr (http://localhost:34273/__cypress/runner/cypress_runner.js:149934:9)\n    at throwErr (http://localhost:34273/__cypress/runner/cypress_runner.js:149867:11)\n    at Object.throwErrByPath (http://localhost:34273/__cypress/runner/cypress_runner.js:149915:3)\n    at retry (http://localhost:34273/__cypress/runner/cypress_runner.js:144197:19)\n    at onFailFn (http://localhost:34273/__cypress/runner/cypress_runner.js:132448:16)\n    at tryCatcher (http://localhost:34273/__cypress/runner/cypress_runner.js:167415:23)\n    at Promise._settlePromiseFromHandler (http://localhost:34273/__cypress/runner/cypress_runner.js:165351:31)\n    at Promise._settlePromise (http://localhost:34273/__cypress/runner/cypress_runner.js:165408:18)\n    at Promise._settlePromise0 (http://localhost:34273/__cypress/runner/cypress_runner.js:165453:10)\n    at Promise._settlePromises (http://localhost:34273/__cypress/runner/cypress_runner.js:165528:18)\n    at Async../node_modules/bluebird/js/release/async.js.Async._drainQueue (http://localhost:34273/__cypress/runner/cypress_runner.js:162140:16)\n    at Async../node_modules/bluebird/js/release/async.js.Async._drainQueues (http://localhost:34273/__cypress/runner/cypress_runner.js:162150:10)\n    at Async.drainQueues (http://localhost:34273/__cypress/runner/cypress_runner.js:162024:14)",
                "diff": null
              },
              "uuid": "e40859d1-b21b-4b4b-8f87-074d09e7dca6",
              "parentUUID": "1f626f70-49d9-4670-aa9c-7f0846b5d2cf",
              "isHook": false,
              "skipped": false
            },
            {
              "title": "Verifica se nenhum valor for colocado no input ao clicar no botão, um `alert` é exibido com o texto: 'Board inválido!'",
              "fullTitle": "10 - Faça o quadro de pixels ter seu tamanho definido pelo usuário. Verifica se nenhum valor for colocado no input ao clicar no botão, um `alert` é exibido com o texto: 'Board inválido!'",
              "timedOut": null,
              "duration": 7127,
              "state": "failed",
              "speed": null,
              "pass": false,
              "fail": true,
              "pending": false,
              "context": null,
              "code": "var alerted = false;\ncy.on('window:alert', function (msg) {\n  return alerted = msg;\n});\ncy.get('#generate-board').click().then(function () {\n  return expect(alerted).to.match(/Board inválido!/i);\n});",
              "err": {
                "message": "CypressError: Timed out retrying: Expected to find element: '#generate-board', but never found it.",
                "estack": "CypressError: Timed out retrying: Expected to find element: '#generate-board', but never found it.\n    at cypressErr (http://localhost:34273/__cypress/runner/cypress_runner.js:149934:9)\n    at throwErr (http://localhost:34273/__cypress/runner/cypress_runner.js:149867:11)\n    at Object.throwErrByPath (http://localhost:34273/__cypress/runner/cypress_runner.js:149915:3)\n    at retry (http://localhost:34273/__cypress/runner/cypress_runner.js:144197:19)\n    at onFailFn (http://localhost:34273/__cypress/runner/cypress_runner.js:132448:16)\n    at tryCatcher (http://localhost:34273/__cypress/runner/cypress_runner.js:167415:23)\n    at Promise._settlePromiseFromHandler (http://localhost:34273/__cypress/runner/cypress_runner.js:165351:31)\n    at Promise._settlePromise (http://localhost:34273/__cypress/runner/cypress_runner.js:165408:18)\n    at Promise._settlePromise0 (http://localhost:34273/__cypress/runner/cypress_runner.js:165453:10)\n    at Promise._settlePromises (http://localhost:34273/__cypress/runner/cypress_runner.js:165528:18)\n    at Async../node_modules/bluebird/js/release/async.js.Async._drainQueue (http://localhost:34273/__cypress/runner/cypress_runner.js:162140:16)\n    at Async../node_modules/bluebird/js/release/async.js.Async._drainQueues (http://localhost:34273/__cypress/runner/cypress_runner.js:162150:10)\n    at Async.drainQueues (http://localhost:34273/__cypress/runner/cypress_runner.js:162024:14)",
                "diff": null
              },
              "uuid": "3e9d12f7-81f0-4222-b1e6-79fac3e22e24",
              "parentUUID": "1f626f70-49d9-4670-aa9c-7f0846b5d2cf",
              "isHook": false,
              "skipped": false
            },
            {
              "title": "Verifica se ao clicar no botão com um valor preenchido, o tamanho do board muda.",
              "fullTitle": "10 - Faça o quadro de pixels ter seu tamanho definido pelo usuário. Verifica se ao clicar no botão com um valor preenchido, o tamanho do board muda.",
              "timedOut": null,
              "duration": 6853,
              "state": "failed",
              "speed": null,
              "pass": false,
              "fail": true,
              "pending": false,
              "context": null,
              "code": "cy.get('#board-size').clear().type(10);\ncy.get('#generate-board').click();\ncy.get('.pixel').should('have.length', 100);",
              "err": {
                "message": "CypressError: Timed out retrying: Expected to find element: '#board-size', but never found it.",
                "estack": "CypressError: Timed out retrying: Expected to find element: '#board-size', but never found it.\n    at cypressErr (http://localhost:34273/__cypress/runner/cypress_runner.js:149934:9)\n    at throwErr (http://localhost:34273/__cypress/runner/cypress_runner.js:149867:11)\n    at Object.throwErrByPath (http://localhost:34273/__cypress/runner/cypress_runner.js:149915:3)\n    at retry (http://localhost:34273/__cypress/runner/cypress_runner.js:144197:19)\n    at onFailFn (http://localhost:34273/__cypress/runner/cypress_runner.js:132448:16)\n    at tryCatcher (http://localhost:34273/__cypress/runner/cypress_runner.js:167415:23)\n    at Promise._settlePromiseFromHandler (http://localhost:34273/__cypress/runner/cypress_runner.js:165351:31)\n    at Promise._settlePromise (http://localhost:34273/__cypress/runner/cypress_runner.js:165408:18)\n    at Promise._settlePromise0 (http://localhost:34273/__cypress/runner/cypress_runner.js:165453:10)\n    at Promise._settlePromises (http://localhost:34273/__cypress/runner/cypress_runner.js:165528:18)\n    at Async../node_modules/bluebird/js/release/async.js.Async._drainQueue (http://localhost:34273/__cypress/runner/cypress_runner.js:162140:16)\n    at Async../node_modules/bluebird/js/release/async.js.Async._drainQueues (http://localhost:34273/__cypress/runner/cypress_runner.js:162150:10)\n    at Async.drainQueues (http://localhost:34273/__cypress/runner/cypress_runner.js:162024:14)",
                "diff": null
              },
              "uuid": "2dce5d4a-3251-46d8-9851-a4d7648cebe1",
              "parentUUID": "1f626f70-49d9-4670-aa9c-7f0846b5d2cf",
              "isHook": false,
              "skipped": false
            },
            {
              "title": "Verifica se o novo quadro tem todos os pixels preenchidos com a cor branca",
              "fullTitle": "10 - Faça o quadro de pixels ter seu tamanho definido pelo usuário. Verifica se o novo quadro tem todos os pixels preenchidos com a cor branca",
              "timedOut": null,
              "duration": 5919,
              "state": "failed",
              "speed": null,
              "pass": false,
              "fail": true,
              "pending": false,
              "context": null,
              "code": "cy.get('#board-size').clear().type(6);\ncy.get('#generate-board').click();\ncy.get('.pixel').should('have.length', 36).each(function (pixel) {\n  expect(pixel).to.have.css('background-color', WHITE);\n});",
              "err": {
                "message": "CypressError: Timed out retrying: Expected to find element: '#board-size', but never found it.",
                "estack": "CypressError: Timed out retrying: Expected to find element: '#board-size', but never found it.\n    at cypressErr (http://localhost:34273/__cypress/runner/cypress_runner.js:149934:9)\n    at throwErr (http://localhost:34273/__cypress/runner/cypress_runner.js:149867:11)\n    at Object.throwErrByPath (http://localhost:34273/__cypress/runner/cypress_runner.js:149915:3)\n    at retry (http://localhost:34273/__cypress/runner/cypress_runner.js:144197:19)\n    at onFailFn (http://localhost:34273/__cypress/runner/cypress_runner.js:132448:16)\n    at tryCatcher (http://localhost:34273/__cypress/runner/cypress_runner.js:167415:23)\n    at Promise._settlePromiseFromHandler (http://localhost:34273/__cypress/runner/cypress_runner.js:165351:31)\n    at Promise._settlePromise (http://localhost:34273/__cypress/runner/cypress_runner.js:165408:18)\n    at Promise._settlePromise0 (http://localhost:34273/__cypress/runner/cypress_runner.js:165453:10)\n    at Promise._settlePromises (http://localhost:34273/__cypress/runner/cypress_runner.js:165528:18)\n    at Async../node_modules/bluebird/js/release/async.js.Async._drainQueue (http://localhost:34273/__cypress/runner/cypress_runner.js:162140:16)\n    at Async../node_modules/bluebird/js/release/async.js.Async._drainQueues (http://localhost:34273/__cypress/runner/cypress_runner.js:162150:10)\n    at Async.drainQueues (http://localhost:34273/__cypress/runner/cypress_runner.js:162024:14)",
                "diff": null
              },
              "uuid": "3117cad1-b02d-44bf-8f33-537a4c012914",
              "parentUUID": "1f626f70-49d9-4670-aa9c-7f0846b5d2cf",
              "isHook": false,
              "skipped": false
            }
          ],
          "suites": [],
          "passes": [],
          "failures": [
            "2222a09b-1932-49c8-ae8e-bf3ed94f3a05",
            "b22382c5-2422-41a8-a804-1c607245f692",
            "fdf5dd68-2f6f-4716-866c-4bfc65c833e9",
            "17cca467-41b9-4189-ba8f-f328e1c38fc9",
            "7ceca38e-7810-4619-90f4-b473e69151cb",
            "e40859d1-b21b-4b4b-8f87-074d09e7dca6",
            "3e9d12f7-81f0-4222-b1e6-79fac3e22e24",
            "2dce5d4a-3251-46d8-9851-a4d7648cebe1",
            "3117cad1-b02d-44bf-8f33-537a4c012914"
          ],
          "pending": [],
          "skipped": [],
          "duration": 59061,
          "root": false,
          "rootEmpty": false,
          "_timeout": 2000
        },
        {
          "uuid": "b080ea5f-d6d0-46d8-ae15-c503e4feb2a0",
          "title": "11 - Limite o tamanho mínimo e máximo do board.",
          "fullFile": "",
          "file": "",
          "beforeHooks": [],
          "afterHooks": [],
          "tests": [
            {
              "title": "Verifica se a altura máxima do board é 50",
              "fullTitle": "11 - Limite o tamanho mínimo e máximo do board. Verifica se a altura máxima do board é 50",
              "timedOut": null,
              "duration": 7034,
              "state": "failed",
              "speed": null,
              "pass": false,
              "fail": true,
              "pending": false,
              "context": null,
              "code": "cy.get('#board-size').clear().type(50);\ncy.get('#generate-board').click();\ncy.get('.pixel').should('have.length', 2500);",
              "err": {
                "message": "CypressError: Timed out retrying: Expected to find element: '#board-size', but never found it.",
                "estack": "CypressError: Timed out retrying: Expected to find element: '#board-size', but never found it.\n    at cypressErr (http://localhost:34273/__cypress/runner/cypress_runner.js:149934:9)\n    at throwErr (http://localhost:34273/__cypress/runner/cypress_runner.js:149867:11)\n    at Object.throwErrByPath (http://localhost:34273/__cypress/runner/cypress_runner.js:149915:3)\n    at retry (http://localhost:34273/__cypress/runner/cypress_runner.js:144197:19)\n    at onFailFn (http://localhost:34273/__cypress/runner/cypress_runner.js:132448:16)\n    at tryCatcher (http://localhost:34273/__cypress/runner/cypress_runner.js:167415:23)\n    at Promise._settlePromiseFromHandler (http://localhost:34273/__cypress/runner/cypress_runner.js:165351:31)\n    at Promise._settlePromise (http://localhost:34273/__cypress/runner/cypress_runner.js:165408:18)\n    at Promise._settlePromise0 (http://localhost:34273/__cypress/runner/cypress_runner.js:165453:10)\n    at Promise._settlePromises (http://localhost:34273/__cypress/runner/cypress_runner.js:165528:18)\n    at Async../node_modules/bluebird/js/release/async.js.Async._drainQueue (http://localhost:34273/__cypress/runner/cypress_runner.js:162140:16)\n    at Async../node_modules/bluebird/js/release/async.js.Async._drainQueues (http://localhost:34273/__cypress/runner/cypress_runner.js:162150:10)\n    at Async.drainQueues (http://localhost:34273/__cypress/runner/cypress_runner.js:162024:14)",
                "diff": null
              },
              "uuid": "27163fda-8f1c-4ecd-acae-d30100dff270",
              "parentUUID": "b080ea5f-d6d0-46d8-ae15-c503e4feb2a0",
              "isHook": false,
              "skipped": false
            },
            {
              "title": "Verifica se a altura do board é 5 quando um valor menor é colocado no input",
              "fullTitle": "11 - Limite o tamanho mínimo e máximo do board. Verifica se a altura do board é 5 quando um valor menor é colocado no input",
              "timedOut": null,
              "duration": 6946,
              "state": "failed",
              "speed": null,
              "pass": false,
              "fail": true,
              "pending": false,
              "context": null,
              "code": "cy.get('#board-size').clear().type(4);\ncy.get('#generate-board').click();\ncy.get('.pixel').should('have.length', 25);",
              "err": {
                "message": "CypressError: Timed out retrying: Expected to find element: '#board-size', but never found it.",
                "estack": "CypressError: Timed out retrying: Expected to find element: '#board-size', but never found it.\n    at cypressErr (http://localhost:34273/__cypress/runner/cypress_runner.js:149934:9)\n    at throwErr (http://localhost:34273/__cypress/runner/cypress_runner.js:149867:11)\n    at Object.throwErrByPath (http://localhost:34273/__cypress/runner/cypress_runner.js:149915:3)\n    at retry (http://localhost:34273/__cypress/runner/cypress_runner.js:144197:19)\n    at onFailFn (http://localhost:34273/__cypress/runner/cypress_runner.js:132448:16)\n    at tryCatcher (http://localhost:34273/__cypress/runner/cypress_runner.js:167415:23)\n    at Promise._settlePromiseFromHandler (http://localhost:34273/__cypress/runner/cypress_runner.js:165351:31)\n    at Promise._settlePromise (http://localhost:34273/__cypress/runner/cypress_runner.js:165408:18)\n    at Promise._settlePromise0 (http://localhost:34273/__cypress/runner/cypress_runner.js:165453:10)\n    at Promise._settlePromises (http://localhost:34273/__cypress/runner/cypress_runner.js:165528:18)\n    at Async../node_modules/bluebird/js/release/async.js.Async._drainQueue (http://localhost:34273/__cypress/runner/cypress_runner.js:162140:16)\n    at Async../node_modules/bluebird/js/release/async.js.Async._drainQueues (http://localhost:34273/__cypress/runner/cypress_runner.js:162150:10)\n    at Async.drainQueues (http://localhost:34273/__cypress/runner/cypress_runner.js:162024:14)",
                "diff": null
              },
              "uuid": "38373b31-a29a-4085-8137-718df279b321",
              "parentUUID": "b080ea5f-d6d0-46d8-ae15-c503e4feb2a0",
              "isHook": false,
              "skipped": false
            },
            {
              "title": "Verifica se a altura do board é 50 quando um valor maior é colocado no input",
              "fullTitle": "11 - Limite o tamanho mínimo e máximo do board. Verifica se a altura do board é 50 quando um valor maior é colocado no input",
              "timedOut": null,
              "duration": 7639,
              "state": "failed",
              "speed": null,
              "pass": false,
              "fail": true,
              "pending": false,
              "context": null,
              "code": "cy.get('#board-size').clear().type(51);\ncy.get('#generate-board').click();\ncy.get('.pixel').should('have.length', 2500);",
              "err": {
                "message": "CypressError: Timed out retrying: Expected to find element: '#board-size', but never found it.",
                "estack": "CypressError: Timed out retrying: Expected to find element: '#board-size', but never found it.\n    at cypressErr (http://localhost:34273/__cypress/runner/cypress_runner.js:149934:9)\n    at throwErr (http://localhost:34273/__cypress/runner/cypress_runner.js:149867:11)\n    at Object.throwErrByPath (http://localhost:34273/__cypress/runner/cypress_runner.js:149915:3)\n    at retry (http://localhost:34273/__cypress/runner/cypress_runner.js:144197:19)\n    at onFailFn (http://localhost:34273/__cypress/runner/cypress_runner.js:132448:16)\n    at tryCatcher (http://localhost:34273/__cypress/runner/cypress_runner.js:167415:23)\n    at Promise._settlePromiseFromHandler (http://localhost:34273/__cypress/runner/cypress_runner.js:165351:31)\n    at Promise._settlePromise (http://localhost:34273/__cypress/runner/cypress_runner.js:165408:18)\n    at Promise._settlePromise0 (http://localhost:34273/__cypress/runner/cypress_runner.js:165453:10)\n    at Promise._settlePromises (http://localhost:34273/__cypress/runner/cypress_runner.js:165528:18)\n    at Async../node_modules/bluebird/js/release/async.js.Async._drainQueue (http://localhost:34273/__cypress/runner/cypress_runner.js:162140:16)\n    at Async../node_modules/bluebird/js/release/async.js.Async._drainQueues (http://localhost:34273/__cypress/runner/cypress_runner.js:162150:10)\n    at Async.drainQueues (http://localhost:34273/__cypress/runner/cypress_runner.js:162024:14)",
                "diff": null
              },
              "uuid": "622c421d-b6fe-4ac8-b840-22f32b6de146",
              "parentUUID": "b080ea5f-d6d0-46d8-ae15-c503e4feb2a0",
              "isHook": false,
              "skipped": false
            }
          ],
          "suites": [],
          "passes": [],
          "failures": [
            "27163fda-8f1c-4ecd-acae-d30100dff270",
            "38373b31-a29a-4085-8137-718df279b321",
            "622c421d-b6fe-4ac8-b840-22f32b6de146"
          ],
          "pending": [],
          "skipped": [],
          "duration": 21619,
          "root": false,
          "rootEmpty": false,
          "_timeout": 2000
        },
        {
          "uuid": "6f72a7cb-c8ab-4dcd-9682-0b1c58b53a72",
          "title": "12 - Faça com que as cores da paleta sejam geradas aleatoriamente ao carregar a página.",
          "fullFile": "",
          "file": "",
          "beforeHooks": [],
          "afterHooks": [],
          "tests": [
            {
              "title": "Verifica se as cores geradas na paleta são diferentes a cada carregamento da página",
              "fullTitle": "12 - Faça com que as cores da paleta sejam geradas aleatoriamente ao carregar a página. Verifica se as cores geradas na paleta são diferentes a cada carregamento da página",
              "timedOut": null,
              "duration": 2988,
              "state": "failed",
              "speed": null,
              "pass": false,
              "fail": true,
              "pending": false,
              "context": null,
              "code": "cy.get('.color').then(function (colors) {\n  var currentColors;\n  var previousColors;\n  previousColors = Array.from(colors).map(function (color) {\n    return Cypress.$(color).css('background-color');\n  });\n  for (var i = 0; i < 5; i += 1) {\n    cy.reload();\n    cy.get('.color').then(function (colors) {\n      currentColors = Array.from(colors).map(function (color) {\n        return Cypress.$(color).css('background-color');\n      });\n      expect(currentColors).not.to.deep.equal(previousColors);\n      previousColors = currentColors;\n    });\n  }\n});",
              "err": {
                "message": "AssertionError: expected [ Array(4) ] to not deeply equal [ Array(4) ]",
                "estack": "AssertionError: expected [ Array(4) ] to not deeply equal [ Array(4) ]\n    at getRet (http://localhost:34273/__cypress/runner/cypress_runner.js:136585:16)\n    at tryCatcher (http://localhost:34273/__cypress/runner/cypress_runner.js:167415:23)\n    at Function.Promise.attempt.Promise.try (http://localhost:34273/__cypress/runner/cypress_runner.js:164690:29)\n    at Context.thenFn (http://localhost:34273/__cypress/runner/cypress_runner.js:136599:23)\n    at Context.then (http://localhost:34273/__cypress/runner/cypress_runner.js:136971:21)\n    at Context.<anonymous> (http://localhost:34273/__cypress/runner/cypress_runner.js:148875:21)\n    at http://localhost:34273/__cypress/runner/cypress_runner.js:148351:33\n    at tryCatcher (http://localhost:34273/__cypress/runner/cypress_runner.js:167415:23)\n    at Promise._settlePromiseFromHandler (http://localhost:34273/__cypress/runner/cypress_runner.js:165351:31)\n    at Promise._settlePromise (http://localhost:34273/__cypress/runner/cypress_runner.js:165408:18)\n    at Promise._settlePromiseCtx (http://localhost:34273/__cypress/runner/cypress_runner.js:165445:10)\n    at Async../node_modules/bluebird/js/release/async.js.Async._drainQueue (http://localhost:34273/__cypress/runner/cypress_runner.js:162145:12)\n    at Async../node_modules/bluebird/js/release/async.js.Async._drainQueues (http://localhost:34273/__cypress/runner/cypress_runner.js:162150:10)\n    at Async.drainQueues (http://localhost:34273/__cypress/runner/cypress_runner.js:162024:14)",
                "diff": ""
              },
              "uuid": "9122feeb-e7ac-47c5-b86e-0a934562168e",
              "parentUUID": "6f72a7cb-c8ab-4dcd-9682-0b1c58b53a72",
              "isHook": false,
              "skipped": false
            },
            {
              "title": "Verifica se a cor preta ainda está presente e é a primeira na sua paleta de cores",
              "fullTitle": "12 - Faça com que as cores da paleta sejam geradas aleatoriamente ao carregar a página. Verifica se a cor preta ainda está presente e é a primeira na sua paleta de cores",
              "timedOut": null,
              "duration": 2529,
              "state": "failed",
              "speed": null,
              "pass": false,
              "fail": true,
              "pending": false,
              "context": null,
              "code": "cy.get('.color').then(function (colors) {\n  var currentColors;\n  var previousColors;\n  previousColors = Array.from(colors).map(function (color) {\n    return Cypress.$(color).css('background-color');\n  });\n  expect(previousColors[0]).to.eq(BLACK);\n  for (var i = 0; i < 5; i += 1) {\n    cy.reload();\n    cy.get('.color').then(function (colors) {\n      currentColors = Array.from(colors).map(function (color) {\n        return Cypress.$(color).css('background-color');\n      });\n      expect(currentColors[0]).to.eq(BLACK);\n      expect(currentColors).not.to.deep.equal(previousColors);\n      previousColors = currentColors;\n    });\n  }\n});",
              "err": {
                "message": "AssertionError: expected [ Array(4) ] to not deeply equal [ Array(4) ]",
                "estack": "AssertionError: expected [ Array(4) ] to not deeply equal [ Array(4) ]\n    at getRet (http://localhost:34273/__cypress/runner/cypress_runner.js:136585:16)\n    at tryCatcher (http://localhost:34273/__cypress/runner/cypress_runner.js:167415:23)\n    at Function.Promise.attempt.Promise.try (http://localhost:34273/__cypress/runner/cypress_runner.js:164690:29)\n    at Context.thenFn (http://localhost:34273/__cypress/runner/cypress_runner.js:136599:23)\n    at Context.then (http://localhost:34273/__cypress/runner/cypress_runner.js:136971:21)\n    at Context.<anonymous> (http://localhost:34273/__cypress/runner/cypress_runner.js:148875:21)\n    at http://localhost:34273/__cypress/runner/cypress_runner.js:148351:33\n    at tryCatcher (http://localhost:34273/__cypress/runner/cypress_runner.js:167415:23)\n    at Promise._settlePromiseFromHandler (http://localhost:34273/__cypress/runner/cypress_runner.js:165351:31)\n    at Promise._settlePromise (http://localhost:34273/__cypress/runner/cypress_runner.js:165408:18)\n    at Promise._settlePromiseCtx (http://localhost:34273/__cypress/runner/cypress_runner.js:165445:10)\n    at Async../node_modules/bluebird/js/release/async.js.Async._drainQueue (http://localhost:34273/__cypress/runner/cypress_runner.js:162145:12)\n    at Async../node_modules/bluebird/js/release/async.js.Async._drainQueues (http://localhost:34273/__cypress/runner/cypress_runner.js:162150:10)\n    at Async.drainQueues (http://localhost:34273/__cypress/runner/cypress_runner.js:162024:14)",
                "diff": ""
              },
              "uuid": "9c41647f-c8db-4db2-8c6c-606f06736175",
              "parentUUID": "6f72a7cb-c8ab-4dcd-9682-0b1c58b53a72",
              "isHook": false,
              "skipped": false
            }
          ],
          "suites": [],
          "passes": [],
          "failures": [
            "9122feeb-e7ac-47c5-b86e-0a934562168e",
            "9c41647f-c8db-4db2-8c6c-606f06736175"
          ],
          "pending": [],
          "skipped": [],
          "duration": 5517,
          "root": false,
          "rootEmpty": false,
          "_timeout": 2000
        }
      ],
      "passes": [],
      "failures": [],
      "pending": [],
      "skipped": [],
      "duration": 0,
      "root": true,
      "rootEmpty": true,
      "_timeout": 2000
    }
  ],
  "meta": {
    "mocha": {
      "version": "7.0.1"
    },
    "mochawesome": {
      "options": {
        "quiet": false,
        "reportFilename": "mochawesome",
        "saveHtml": false,
        "saveJson": true,
        "consoleReporter": "spec",
        "useInlineDiffs": false
      },
      "version": "4.1.0"
    },
    "marge": {
      "options": {
        "id": "default",
        "reportDir": "cypress/reports",
        "overwrite": true,
        "html": false,
        "json": true
      },
      "version": "4.1.0"
    }
  }
}